This file contains any messages produced by compilers while
running configure, to aid debugging if configure makes a mistake.

It was created by gtkglext configure 1.2.0, which was
generated by GNU Autoconf 2.59.  Invocation command line was

  $ ./configure --prefix=/usr/local --disable-mozilla-plugin --cache-file=/dev/null --srcdir=.

## --------- ##
## Platform. ##
## --------- ##

hostname = debian
uname -m = i686
uname -r = 2.6.32-5-686
uname -s = Linux
uname -v = #1 SMP Sun Sep 23 09:49:36 UTC 2012

/usr/bin/uname -p = unknown
/bin/uname -X     = unknown

/bin/arch              = unknown
/usr/bin/arch -k       = unknown
/usr/convex/getsysinfo = unknown
hostinfo               = unknown
/bin/machine           = unknown
/usr/bin/oslevel       = unknown
/bin/universe          = unknown

PATH: /usr/local/bin
PATH: /usr/bin
PATH: /bin
PATH: /usr/games
PATH: /var/lib/gems/1.8/bin


## ----------- ##
## Core tests. ##
## ----------- ##

configure:1595: checking for a BSD-compatible install
configure:1650: result: /usr/bin/install -c
configure:1661: checking whether build environment is sane
configure:1704: result: yes
configure:1769: checking for gawk
configure:1798: result: no
configure:1769: checking for mawk
configure:1785: found /usr/bin/mawk
configure:1795: result: mawk
configure:1805: checking whether make sets $(MAKE)
configure:1825: result: yes
configure:1995: checking build system type
configure:2013: result: i686-pc-linux-gnu
configure:2021: checking host system type
configure:2035: result: i686-pc-linux-gnu
configure:2127: checking for gcc
configure:2143: found /usr/bin/gcc
configure:2153: result: gcc
configure:2397: checking for C compiler version
configure:2400: gcc --version </dev/null >&5
gcc (Debian 4.4.5-8) 4.4.5
Copyright (C) 2010 Free Software Foundation, Inc.
This is free software; see the source for copying conditions.  There is NO
warranty; not even for MERCHANTABILITY or FITNESS FOR A PARTICULAR PURPOSE.

configure:2403: $? = 0
configure:2405: gcc -v </dev/null >&5
Using built-in specs.
Target: i486-linux-gnu
Configured with: ../src/configure -v --with-pkgversion='Debian 4.4.5-8' --with-bugurl=file:///usr/share/doc/gcc-4.4/README.Bugs --enable-languages=c,c++,fortran,objc,obj-c++ --prefix=/usr --program-suffix=-4.4 --enable-shared --enable-multiarch --enable-linker-build-id --with-system-zlib --libexecdir=/usr/lib --without-included-gettext --enable-threads=posix --with-gxx-include-dir=/usr/include/c++/4.4 --libdir=/usr/lib --enable-nls --enable-clocale=gnu --enable-libstdcxx-debug --enable-objc-gc --enable-targets=all --with-arch-32=i586 --with-tune=generic --enable-checking=release --build=i486-linux-gnu --host=i486-linux-gnu --target=i486-linux-gnu
Thread model: posix
gcc version 4.4.5 (Debian 4.4.5-8) 
configure:2408: $? = 0
configure:2410: gcc -V </dev/null >&5
gcc: '-V' option must have argument
configure:2413: $? = 1
configure:2436: checking for C compiler default output file name
configure:2439: gcc    conftest.c  >&5
configure:2442: $? = 0
configure:2488: result: a.out
configure:2493: checking whether the C compiler works
configure:2499: ./a.out
configure:2502: $? = 0
configure:2519: result: yes
configure:2526: checking whether we are cross compiling
configure:2528: result: no
configure:2531: checking for suffix of executables
configure:2533: gcc -o conftest    conftest.c  >&5
configure:2536: $? = 0
configure:2561: result: 
configure:2567: checking for suffix of object files
configure:2588: gcc -c   conftest.c >&5
configure:2591: $? = 0
configure:2613: result: o
configure:2617: checking whether we are using the GNU C compiler
configure:2641: gcc -c   conftest.c >&5
configure:2647: $? = 0
configure:2651: test -z 
			 || test ! -s conftest.err
configure:2654: $? = 0
configure:2657: test -s conftest.o
configure:2660: $? = 0
configure:2673: result: yes
configure:2679: checking whether gcc accepts -g
configure:2700: gcc -c -g  conftest.c >&5
configure:2706: $? = 0
configure:2710: test -z 
			 || test ! -s conftest.err
configure:2713: $? = 0
configure:2716: test -s conftest.o
configure:2719: $? = 0
configure:2730: result: yes
configure:2747: checking for gcc option to accept ANSI C
configure:2817: gcc  -c -g -O2  conftest.c >&5
configure:2823: $? = 0
configure:2827: test -z 
			 || test ! -s conftest.err
configure:2830: $? = 0
configure:2833: test -s conftest.o
configure:2836: $? = 0
configure:2854: result: none needed
configure:2872: gcc -c -g -O2  conftest.c >&5
conftest.c:2: error: expected '=', ',', ';', 'asm' or '__attribute__' before 'me'
configure:2878: $? = 1
configure: failed program was:
| #ifndef __cplusplus
|   choke me
| #endif
configure:3022: checking for style of include used by make
configure:3050: result: GNU
configure:3078: checking dependency style of gcc
configure:3168: result: gcc3
configure:3190: checking how to run the C preprocessor
configure:3225: gcc -E  conftest.c
configure:3231: $? = 0
configure:3263: gcc -E  conftest.c
conftest.c:9:28: error: ac_nonexistent.h: No such file or directory
configure:3269: $? = 1
configure: failed program was:
| /* confdefs.h.  */
| 
| #define PACKAGE_NAME "gtkglext"
| #define PACKAGE_TARNAME "gtkglext"
| #define PACKAGE_VERSION "1.2.0"
| #define PACKAGE_STRING "gtkglext 1.2.0"
| #define PACKAGE_BUGREPORT "gtkglext-list@gnome.org"
| /* end confdefs.h.  */
| #include <ac_nonexistent.h>
configure:3308: result: gcc -E
configure:3332: gcc -E  conftest.c
configure:3338: $? = 0
configure:3370: gcc -E  conftest.c
conftest.c:9:28: error: ac_nonexistent.h: No such file or directory
configure:3376: $? = 1
configure: failed program was:
| /* confdefs.h.  */
| 
| #define PACKAGE_NAME "gtkglext"
| #define PACKAGE_TARNAME "gtkglext"
| #define PACKAGE_VERSION "1.2.0"
| #define PACKAGE_STRING "gtkglext 1.2.0"
| #define PACKAGE_BUGREPORT "gtkglext-list@gnome.org"
| /* end confdefs.h.  */
| #include <ac_nonexistent.h>
configure:3421: checking for strerror in -lcposix
configure:3451: gcc -o conftest -g -O2   conftest.c -lcposix   >&5
/usr/bin/ld: cannot find -lcposix
collect2: ld returned 1 exit status
configure:3457: $? = 1
configure: failed program was:
| /* confdefs.h.  */
| 
| #define PACKAGE_NAME "gtkglext"
| #define PACKAGE_TARNAME "gtkglext"
| #define PACKAGE_VERSION "1.2.0"
| #define PACKAGE_STRING "gtkglext 1.2.0"
| #define PACKAGE_BUGREPORT "gtkglext-list@gnome.org"
| /* end confdefs.h.  */
| 
| /* Override any gcc2 internal prototype to avoid an error.  */
| #ifdef __cplusplus
| extern "C"
| #endif
| /* We use char because int might match the return type of a gcc2
|    builtin and then its argument prototype would still apply.  */
| char strerror ();
| int
| main ()
| {
| strerror ();
|   ;
|   return 0;
| }
configure:3483: result: no
configure:3567: checking for a sed that does not truncate output
configure:3623: result: /bin/sed
configure:3626: checking for egrep
configure:3636: result: grep -E
configure:3652: checking for ld used by gcc
configure:3719: result: /usr/bin/ld
configure:3728: checking if the linker (/usr/bin/ld) is GNU ld
configure:3743: result: yes
configure:3748: checking for /usr/bin/ld option to reload object files
configure:3755: result: -r
configure:3773: checking for BSD-compatible nm
configure:3822: result: /usr/bin/nm -B
configure:3826: checking whether ln -s works
configure:3830: result: yes
configure:3837: checking how to recognise dependent libraries
configure:4013: result: pass_all
configure:4487: checking for ANSI C header files
configure:4512: gcc -c -g -O2  conftest.c >&5
configure:4518: $? = 0
configure:4522: test -z 
			 || test ! -s conftest.err
configure:4525: $? = 0
configure:4528: test -s conftest.o
configure:4531: $? = 0
configure:4620: gcc -o conftest -g -O2   conftest.c  >&5
conftest.c: In function 'main':
conftest.c:26: warning: incompatible implicit declaration of built-in function 'exit'
configure:4623: $? = 0
configure:4625: ./conftest
configure:4628: $? = 0
configure:4643: result: yes
configure:4667: checking for sys/types.h
configure:4683: gcc -c -g -O2  conftest.c >&5
configure:4689: $? = 0
configure:4693: test -z 
			 || test ! -s conftest.err
configure:4696: $? = 0
configure:4699: test -s conftest.o
configure:4702: $? = 0
configure:4713: result: yes
configure:4667: checking for sys/stat.h
configure:4683: gcc -c -g -O2  conftest.c >&5
configure:4689: $? = 0
configure:4693: test -z 
			 || test ! -s conftest.err
configure:4696: $? = 0
configure:4699: test -s conftest.o
configure:4702: $? = 0
configure:4713: result: yes
configure:4667: checking for stdlib.h
configure:4683: gcc -c -g -O2  conftest.c >&5
configure:4689: $? = 0
configure:4693: test -z 
			 || test ! -s conftest.err
configure:4696: $? = 0
configure:4699: test -s conftest.o
configure:4702: $? = 0
configure:4713: result: yes
configure:4667: checking for string.h
configure:4683: gcc -c -g -O2  conftest.c >&5
configure:4689: $? = 0
configure:4693: test -z 
			 || test ! -s conftest.err
configure:4696: $? = 0
configure:4699: test -s conftest.o
configure:4702: $? = 0
configure:4713: result: yes
configure:4667: checking for memory.h
configure:4683: gcc -c -g -O2  conftest.c >&5
configure:4689: $? = 0
configure:4693: test -z 
			 || test ! -s conftest.err
configure:4696: $? = 0
configure:4699: test -s conftest.o
configure:4702: $? = 0
configure:4713: result: yes
configure:4667: checking for strings.h
configure:4683: gcc -c -g -O2  conftest.c >&5
configure:4689: $? = 0
configure:4693: test -z 
			 || test ! -s conftest.err
configure:4696: $? = 0
configure:4699: test -s conftest.o
configure:4702: $? = 0
configure:4713: result: yes
configure:4667: checking for inttypes.h
configure:4683: gcc -c -g -O2  conftest.c >&5
configure:4689: $? = 0
configure:4693: test -z 
			 || test ! -s conftest.err
configure:4696: $? = 0
configure:4699: test -s conftest.o
configure:4702: $? = 0
configure:4713: result: yes
configure:4667: checking for stdint.h
configure:4683: gcc -c -g -O2  conftest.c >&5
configure:4689: $? = 0
configure:4693: test -z 
			 || test ! -s conftest.err
configure:4696: $? = 0
configure:4699: test -s conftest.o
configure:4702: $? = 0
configure:4713: result: yes
configure:4667: checking for unistd.h
configure:4683: gcc -c -g -O2  conftest.c >&5
configure:4689: $? = 0
configure:4693: test -z 
			 || test ! -s conftest.err
configure:4696: $? = 0
configure:4699: test -s conftest.o
configure:4702: $? = 0
configure:4713: result: yes
configure:4739: checking dlfcn.h usability
configure:4751: gcc -c -g -O2  conftest.c >&5
configure:4757: $? = 0
configure:4761: test -z 
			 || test ! -s conftest.err
configure:4764: $? = 0
configure:4767: test -s conftest.o
configure:4770: $? = 0
configure:4780: result: yes
configure:4784: checking dlfcn.h presence
configure:4794: gcc -E  conftest.c
configure:4800: $? = 0
configure:4820: result: yes
configure:4855: checking for dlfcn.h
configure:4862: result: yes
configure:4927: checking for g++
configure:4943: found /usr/bin/g++
configure:4953: result: g++
configure:4969: checking for C++ compiler version
configure:4972: g++ --version </dev/null >&5
g++ (Debian 4.4.5-8) 4.4.5
Copyright (C) 2010 Free Software Foundation, Inc.
This is free software; see the source for copying conditions.  There is NO
warranty; not even for MERCHANTABILITY or FITNESS FOR A PARTICULAR PURPOSE.

configure:4975: $? = 0
configure:4977: g++ -v </dev/null >&5
Using built-in specs.
Target: i486-linux-gnu
Configured with: ../src/configure -v --with-pkgversion='Debian 4.4.5-8' --with-bugurl=file:///usr/share/doc/gcc-4.4/README.Bugs --enable-languages=c,c++,fortran,objc,obj-c++ --prefix=/usr --program-suffix=-4.4 --enable-shared --enable-multiarch --enable-linker-build-id --with-system-zlib --libexecdir=/usr/lib --without-included-gettext --enable-threads=posix --with-gxx-include-dir=/usr/include/c++/4.4 --libdir=/usr/lib --enable-nls --enable-clocale=gnu --enable-libstdcxx-debug --enable-objc-gc --enable-targets=all --with-arch-32=i586 --with-tune=generic --enable-checking=release --build=i486-linux-gnu --host=i486-linux-gnu --target=i486-linux-gnu
Thread model: posix
gcc version 4.4.5 (Debian 4.4.5-8) 
configure:4980: $? = 0
configure:4982: g++ -V </dev/null >&5
g++: '-V' option must have argument
configure:4985: $? = 1
configure:4988: checking whether we are using the GNU C++ compiler
configure:5012: g++ -c   conftest.cc >&5
configure:5018: $? = 0
configure:5022: test -z 
			 || test ! -s conftest.err
configure:5025: $? = 0
configure:5028: test -s conftest.o
configure:5031: $? = 0
configure:5044: result: yes
configure:5050: checking whether g++ accepts -g
configure:5071: g++ -c -g  conftest.cc >&5
configure:5077: $? = 0
configure:5081: test -z 
			 || test ! -s conftest.err
configure:5084: $? = 0
configure:5087: test -s conftest.o
configure:5090: $? = 0
configure:5101: result: yes
configure:5143: g++ -c -g -O2  conftest.cc >&5
configure:5149: $? = 0
configure:5153: test -z 
			 || test ! -s conftest.err
configure:5156: $? = 0
configure:5159: test -s conftest.o
configure:5162: $? = 0
configure:5188: g++ -c -g -O2  conftest.cc >&5
conftest.cc: In function 'int main()':
conftest.cc:24: error: 'exit' was not declared in this scope
configure:5194: $? = 1
configure: failed program was:
| /* confdefs.h.  */
| 
| #define PACKAGE_NAME "gtkglext"
| #define PACKAGE_TARNAME "gtkglext"
| #define PACKAGE_VERSION "1.2.0"
| #define PACKAGE_STRING "gtkglext 1.2.0"
| #define PACKAGE_BUGREPORT "gtkglext-list@gnome.org"
| #define STDC_HEADERS 1
| #define HAVE_SYS_TYPES_H 1
| #define HAVE_SYS_STAT_H 1
| #define HAVE_STDLIB_H 1
| #define HAVE_STRING_H 1
| #define HAVE_MEMORY_H 1
| #define HAVE_STRINGS_H 1
| #define HAVE_INTTYPES_H 1
| #define HAVE_STDINT_H 1
| #define HAVE_UNISTD_H 1
| #define HAVE_DLFCN_H 1
| /* end confdefs.h.  */
| 
| int
| main ()
| {
| exit (42);
|   ;
|   return 0;
| }
configure:5143: g++ -c -g -O2  conftest.cc >&5
conftest.cc:20: error: 'void std::exit(int)' should have been declared inside 'std'
configure:5149: $? = 1
configure: failed program was:
| /* confdefs.h.  */
| 
| #define PACKAGE_NAME "gtkglext"
| #define PACKAGE_TARNAME "gtkglext"
| #define PACKAGE_VERSION "1.2.0"
| #define PACKAGE_STRING "gtkglext 1.2.0"
| #define PACKAGE_BUGREPORT "gtkglext-list@gnome.org"
| #define STDC_HEADERS 1
| #define HAVE_SYS_TYPES_H 1
| #define HAVE_SYS_STAT_H 1
| #define HAVE_STDLIB_H 1
| #define HAVE_STRING_H 1
| #define HAVE_MEMORY_H 1
| #define HAVE_STRINGS_H 1
| #define HAVE_INTTYPES_H 1
| #define HAVE_STDINT_H 1
| #define HAVE_UNISTD_H 1
| #define HAVE_DLFCN_H 1
| /* end confdefs.h.  */
| extern "C" void std::exit (int) throw (); using std::exit;
| #include <stdlib.h>
| int
| main ()
| {
| exit (42);
|   ;
|   return 0;
| }
configure:5143: g++ -c -g -O2  conftest.cc >&5
conftest.cc:20: error: 'void std::exit(int)' should have been declared inside 'std'
In file included from conftest.cc:21:
/usr/include/stdlib.h:543: error: declaration of 'void std::exit(int) throw ()' throws different exceptions
conftest.cc:20: error: from previous declaration 'void std::exit(int)'
configure:5149: $? = 1
configure: failed program was:
| /* confdefs.h.  */
| 
| #define PACKAGE_NAME "gtkglext"
| #define PACKAGE_TARNAME "gtkglext"
| #define PACKAGE_VERSION "1.2.0"
| #define PACKAGE_STRING "gtkglext 1.2.0"
| #define PACKAGE_BUGREPORT "gtkglext-list@gnome.org"
| #define STDC_HEADERS 1
| #define HAVE_SYS_TYPES_H 1
| #define HAVE_SYS_STAT_H 1
| #define HAVE_STDLIB_H 1
| #define HAVE_STRING_H 1
| #define HAVE_MEMORY_H 1
| #define HAVE_STRINGS_H 1
| #define HAVE_INTTYPES_H 1
| #define HAVE_STDINT_H 1
| #define HAVE_UNISTD_H 1
| #define HAVE_DLFCN_H 1
| /* end confdefs.h.  */
| extern "C" void std::exit (int); using std::exit;
| #include <stdlib.h>
| int
| main ()
| {
| exit (42);
|   ;
|   return 0;
| }
configure:5143: g++ -c -g -O2  conftest.cc >&5
configure:5149: $? = 0
configure:5153: test -z 
			 || test ! -s conftest.err
configure:5156: $? = 0
configure:5159: test -s conftest.o
configure:5162: $? = 0
configure:5188: g++ -c -g -O2  conftest.cc >&5
configure:5194: $? = 0
configure:5198: test -z 
			 || test ! -s conftest.err
configure:5201: $? = 0
configure:5204: test -s conftest.o
configure:5207: $? = 0
configure:5232: checking dependency style of g++
configure:5322: result: gcc3
configure:5349: checking how to run the C++ preprocessor
configure:5380: g++ -E  conftest.cc
configure:5386: $? = 0
configure:5418: g++ -E  conftest.cc
conftest.cc:23:28: error: ac_nonexistent.h: No such file or directory
configure:5424: $? = 1
configure: failed program was:
| /* confdefs.h.  */
| 
| #define PACKAGE_NAME "gtkglext"
| #define PACKAGE_TARNAME "gtkglext"
| #define PACKAGE_VERSION "1.2.0"
| #define PACKAGE_STRING "gtkglext 1.2.0"
| #define PACKAGE_BUGREPORT "gtkglext-list@gnome.org"
| #define STDC_HEADERS 1
| #define HAVE_SYS_TYPES_H 1
| #define HAVE_SYS_STAT_H 1
| #define HAVE_STDLIB_H 1
| #define HAVE_STRING_H 1
| #define HAVE_MEMORY_H 1
| #define HAVE_STRINGS_H 1
| #define HAVE_INTTYPES_H 1
| #define HAVE_STDINT_H 1
| #define HAVE_UNISTD_H 1
| #define HAVE_DLFCN_H 1
| #ifdef __cplusplus
| extern "C" void exit (int) throw ();
| #endif
| /* end confdefs.h.  */
| #include <ac_nonexistent.h>
configure:5463: result: g++ -E
configure:5487: g++ -E  conftest.cc
configure:5493: $? = 0
configure:5525: g++ -E  conftest.cc
conftest.cc:23:28: error: ac_nonexistent.h: No such file or directory
configure:5531: $? = 1
configure: failed program was:
| /* confdefs.h.  */
| 
| #define PACKAGE_NAME "gtkglext"
| #define PACKAGE_TARNAME "gtkglext"
| #define PACKAGE_VERSION "1.2.0"
| #define PACKAGE_STRING "gtkglext 1.2.0"
| #define PACKAGE_BUGREPORT "gtkglext-list@gnome.org"
| #define STDC_HEADERS 1
| #define HAVE_SYS_TYPES_H 1
| #define HAVE_SYS_STAT_H 1
| #define HAVE_STDLIB_H 1
| #define HAVE_STRING_H 1
| #define HAVE_MEMORY_H 1
| #define HAVE_STRINGS_H 1
| #define HAVE_INTTYPES_H 1
| #define HAVE_STDINT_H 1
| #define HAVE_UNISTD_H 1
| #define HAVE_DLFCN_H 1
| #ifdef __cplusplus
| extern "C" void exit (int) throw ();
| #endif
| /* end confdefs.h.  */
| #include <ac_nonexistent.h>
configure:5628: checking for g77
configure:5657: result: no
configure:5628: checking for f77
configure:5657: result: no
configure:5628: checking for xlf
configure:5657: result: no
configure:5628: checking for frt
configure:5657: result: no
configure:5628: checking for pgf77
configure:5657: result: no
configure:5628: checking for fort77
configure:5657: result: no
configure:5628: checking for fl32
configure:5657: result: no
configure:5628: checking for af77
configure:5657: result: no
configure:5628: checking for f90
configure:5657: result: no
configure:5628: checking for xlf90
configure:5657: result: no
configure:5628: checking for pgf90
configure:5657: result: no
configure:5628: checking for epcf90
configure:5657: result: no
configure:5628: checking for f95
configure:5657: result: no
configure:5628: checking for fort
configure:5657: result: no
configure:5628: checking for xlf95
configure:5657: result: no
configure:5628: checking for ifc
configure:5657: result: no
configure:5628: checking for efc
configure:5657: result: no
configure:5628: checking for pgf95
configure:5657: result: no
configure:5628: checking for lf95
configure:5657: result: no
configure:5628: checking for gfortran
configure:5657: result: no
configure:5669: checking for Fortran 77 compiler version
configure:5672:  --version </dev/null >&5
./configure: line 5673: --version: command not found
configure:5675: $? = 127
configure:5677:  -v </dev/null >&5
./configure: line 5678: -v: command not found
configure:5680: $? = 127
configure:5682:  -V </dev/null >&5
./configure: line 5683: -V: command not found
configure:5685: $? = 127
configure:5693: checking whether we are using the GNU Fortran 77 compiler
configure:5707:  -c  conftest.F >&5
./configure: line 5708: -c: command not found
configure:5713: $? = 127
configure: failed program was:
|       program main
| #ifndef __GNUC__
|        choke me
| #endif
| 
|       end
configure:5739: result: no
configure:5745: checking whether  accepts -g
configure:5757:  -c -g conftest.f >&5
./configure: line 5758: -c: command not found
configure:5763: $? = 127
configure: failed program was:
|       program main
| 
|       end
configure:5788: result: no
configure:5818: checking the maximum length of command line arguments
configure:5927: result: 32768
configure:5938: checking command to parse /usr/bin/nm -B output from gcc object
configure:6043: gcc -c -g -O2  conftest.c >&5
configure:6046: $? = 0
configure:6050: /usr/bin/nm -B conftest.o \| sed -n -e 's/^.*[ 	]\([ABCDGIRSTW][ABCDGIRSTW]*\)[ 	][ 	]*\([_A-Za-z][_A-Za-z0-9]*\)$/\1 \2 \2/p' \> conftest.nm
configure:6053: $? = 0
configure:6105: gcc -o conftest -g -O2   conftest.c conftstm.o >&5
configure:6108: $? = 0
configure:6146: result: ok
configure:6150: checking for objdir
configure:6165: result: .libs
configure:6255: checking for ar
configure:6271: found /usr/bin/ar
configure:6282: result: ar
configure:6335: checking for ranlib
configure:6351: found /usr/bin/ranlib
configure:6362: result: ranlib
configure:6415: checking for strip
configure:6431: found /usr/bin/strip
configure:6442: result: strip
configure:6714: checking if gcc supports -fno-rtti -fno-exceptions
configure:6732: gcc -c -g -O2  -fno-rtti -fno-exceptions conftest.c >&5
cc1: warning: command line option "-fno-rtti" is valid for C++/ObjC++ but not for C
configure:6736: $? = 0
configure:6749: result: no
configure:6764: checking for gcc option to produce PIC
configure:6974: result: -fPIC
configure:6982: checking if gcc PIC flag -fPIC works
configure:7000: gcc -c -g -O2  -fPIC -DPIC conftest.c >&5
configure:7004: $? = 0
configure:7017: result: yes
configure:7045: checking if gcc static flag -static works
configure:7073: result: yes
configure:7083: checking if gcc supports -c -o file.o
configure:7104: gcc -c -g -O2  -o out/conftest2.o conftest.c >&5
configure:7108: $? = 0
configure:7130: result: yes
configure:7156: checking whether the gcc linker (/usr/bin/ld) supports shared libraries
configure:8114: result: yes
configure:8181: checking dynamic linker characteristics
configure:8790: result: GNU/Linux ld.so
configure:8799: checking how to hardcode library paths into programs
configure:8824: result: immediate
configure:8838: checking whether stripping libraries is possible
configure:8843: result: yes
configure:9677: checking if libtool supports shared libraries
configure:9679: result: yes
configure:9682: checking whether to build shared libraries
configure:9703: result: no
configure:9706: checking whether to build static libraries
configure:9710: result: yes
configure:9802: creating libtool
configure:10393: checking for ld used by g++
configure:10460: result: /usr/bin/ld
configure:10469: checking if the linker (/usr/bin/ld) is GNU ld
configure:10484: result: yes
configure:10535: checking whether the g++ linker (/usr/bin/ld) supports shared libraries
configure:11473: result: yes
configure:11491: g++ -c -g -O2  conftest.cpp >&5
configure:11494: $? = 0
configure:11613: checking for g++ option to produce PIC
configure:11887: result: -fPIC
configure:11895: checking if g++ PIC flag -fPIC works
configure:11913: g++ -c -g -O2  -fPIC -DPIC conftest.cpp >&5
configure:11917: $? = 0
configure:11930: result: yes
configure:11958: checking if g++ static flag -static works
configure:11986: result: yes
configure:11996: checking if g++ supports -c -o file.o
configure:12017: g++ -c -g -O2  -o out/conftest2.o conftest.cpp >&5
configure:12021: $? = 0
configure:12043: result: yes
configure:12069: checking whether the g++ linker (/usr/bin/ld) supports shared libraries
configure:12094: result: yes
configure:12161: checking dynamic linker characteristics
configure:12770: result: GNU/Linux ld.so
configure:12779: checking how to hardcode library paths into programs
configure:12804: result: immediate
configure:19010: checking for some Win32 platform
configure:19019: result: no
configure:19034: checking for native Win32
configure:19044: result: no
configure:19107: checking for X
configure:19212: gcc -E  conftest.c
configure:19218: $? = 0
configure:19268: gcc -o conftest -g -O2   conftest.c -lX11  >&5
configure:19274: $? = 0
configure:19278: test -z 
			 || test ! -s conftest.err
configure:19281: $? = 0
configure:19284: test -s conftest
configure:19287: $? = 0
configure:19337: result: libraries , headers 
configure:19509: gcc -o conftest -g -O2   conftest.c   -lX11 >&5
configure:19515: $? = 0
configure:19519: test -z 
			 || test ! -s conftest.err
configure:19522: $? = 0
configure:19525: test -s conftest
configure:19528: $? = 0
configure:19686: checking for gethostbyname
configure:19743: gcc -o conftest -g -O2   conftest.c  >&5
configure:19749: $? = 0
configure:19753: test -z 
			 || test ! -s conftest.err
configure:19756: $? = 0
configure:19759: test -s conftest
configure:19762: $? = 0
configure:19774: result: yes
configure:19925: checking for connect
configure:19982: gcc -o conftest -g -O2   conftest.c  >&5
configure:19988: $? = 0
configure:19992: test -z 
			 || test ! -s conftest.err
configure:19995: $? = 0
configure:19998: test -s conftest
configure:20001: $? = 0
configure:20013: result: yes
configure:20088: checking for remove
configure:20145: gcc -o conftest -g -O2   conftest.c  >&5
configure:20151: $? = 0
configure:20155: test -z 
			 || test ! -s conftest.err
configure:20158: $? = 0
configure:20161: test -s conftest
configure:20164: $? = 0
configure:20176: result: yes
configure:20251: checking for shmat
configure:20308: gcc -o conftest -g -O2   conftest.c  >&5
configure:20314: $? = 0
configure:20318: test -z 
			 || test ! -s conftest.err
configure:20321: $? = 0
configure:20324: test -s conftest
configure:20327: $? = 0
configure:20339: result: yes
configure:20423: checking for IceConnectionNumber in -lICE
configure:20453: gcc -o conftest -g -O2   conftest.c -lICE   >&5
configure:20459: $? = 0
configure:20463: test -z 
			 || test ! -s conftest.err
configure:20466: $? = 0
configure:20469: test -s conftest
configure:20472: $? = 0
configure:20485: result: yes
configure:20525: checking whether build environment is sane
configure:20568: result: yes
configure:20618: checking for gcc
configure:20644: result: gcc
configure:20888: checking for C compiler version
configure:20891: gcc --version </dev/null >&5
gcc (Debian 4.4.5-8) 4.4.5
Copyright (C) 2010 Free Software Foundation, Inc.
This is free software; see the source for copying conditions.  There is NO
warranty; not even for MERCHANTABILITY or FITNESS FOR A PARTICULAR PURPOSE.

configure:20894: $? = 0
configure:20896: gcc -v </dev/null >&5
Using built-in specs.
Target: i486-linux-gnu
Configured with: ../src/configure -v --with-pkgversion='Debian 4.4.5-8' --with-bugurl=file:///usr/share/doc/gcc-4.4/README.Bugs --enable-languages=c,c++,fortran,objc,obj-c++ --prefix=/usr --program-suffix=-4.4 --enable-shared --enable-multiarch --enable-linker-build-id --with-system-zlib --libexecdir=/usr/lib --without-included-gettext --enable-threads=posix --with-gxx-include-dir=/usr/include/c++/4.4 --libdir=/usr/lib --enable-nls --enable-clocale=gnu --enable-libstdcxx-debug --enable-objc-gc --enable-targets=all --with-arch-32=i586 --with-tune=generic --enable-checking=release --build=i486-linux-gnu --host=i486-linux-gnu --target=i486-linux-gnu
Thread model: posix
gcc version 4.4.5 (Debian 4.4.5-8) 
configure:20899: $? = 0
configure:20901: gcc -V </dev/null >&5
gcc: '-V' option must have argument
configure:20904: $? = 1
configure:20907: checking whether we are using the GNU C compiler
configure:20963: result: yes
configure:20969: checking whether gcc accepts -g
configure:21020: result: yes
configure:21037: checking for gcc option to accept ANSI C
configure:21144: result: none needed
configure:21162: gcc -c -g -O2  conftest.c >&5
conftest.c:2: error: expected '=', ',', ';', 'asm' or '__attribute__' before 'me'
configure:21168: $? = 1
configure: failed program was:
| #ifndef __cplusplus
|   choke me
| #endif
configure:21303: checking dependency style of gcc
configure:21393: result: gcc3
configure:21426: checking for a BSD-compatible install
configure:21481: result: /usr/bin/install -c
configure:21492: checking whether make sets $(MAKE)
configure:21512: result: yes
configure:21521: checking whether ln -s works
configure:21525: result: yes
configure:21536: checking for gawk
configure:21562: result: mawk
configure:21704: checking for perl5
configure:21737: result: no
configure:21704: checking for perl
configure:21722: found /usr/bin/perl
configure:21734: result: /usr/bin/perl
configure:21748: checking for indent
configure:21777: result: no
configure:21844: checking for pkg-config
configure:21862: found /usr/bin/pkg-config
configure:21874: result: /usr/bin/pkg-config
configure:21889: checking pkg-config is at least version 0.9.0
configure:21892: result: yes
configure:21903: checking for BASE_DEPENDENCIES
configure:21917: $PKG_CONFIG --exists --print-errors "\
gtk+-2.0 >= 2.0.0 \
gdk-2.0 >= 2.0.0 \
pango >= 1.0.0 \
pangox >= 1.0.0 \
gmodule-2.0 >= 2.0.0 \
"
configure:21926: $? = 0
configure:21953: $PKG_CONFIG --exists --print-errors "\
gtk+-2.0 >= 2.0.0 \
gdk-2.0 >= 2.0.0 \
pango >= 1.0.0 \
pangox >= 1.0.0 \
gmodule-2.0 >= 2.0.0 \
"
configure:21962: $? = 0
configure:22016: result: yes
configure:22051: checking for pkg-config
configure:22082: result: /usr/bin/pkg-config
configure:22105: checking for GLIB - version >= 2.0.0
configure:22224: gcc -o conftest -g -O2 -Wall -I/usr/include/glib-2.0 -I/usr/lib/glib-2.0/include     conftest.c -lglib-2.0    >&5
configure:22227: $? = 0
configure:22229: ./conftest
configure:22232: $? = 0
configure:22250: result: yes (version 2.24.2)
configure:22368: checking for pkg-config
configure:22399: result: /usr/bin/pkg-config
configure:22420: checking for GTK+ - version >= 2.0.0
configure:22535: gcc -o conftest -g -O2 -Wall -pthread -I/usr/include/gtk-2.0 -I/usr/lib/gtk-2.0/include -I/usr/include/atk-1.0 -I/usr/include/cairo -I/usr/include/pango-1.0 -I/usr/include/gio-unix-2.0/ -I/usr/include/glib-2.0 -I/usr/lib/glib-2.0/include -I/usr/include/pixman-1 -I/usr/include/freetype2 -I/usr/include/libpng12     conftest.c -pthread -lgtk-x11-2.0 -lgdk-x11-2.0 -latk-1.0 -lpangoft2-1.0 -lgdk_pixbuf-2.0 -lm -lpangocairo-1.0 -lcairo -lgio-2.0 -lpango-1.0 -lfreetype -lfontconfig -lgobject-2.0 -lgmodule-2.0 -lgthread-2.0 -lrt -lglib-2.0    >&5
configure:22538: $? = 0
configure:22540: ./conftest
configure:22543: $? = 0
configure:22561: result: yes (version 2.20.1)
configure:22653: checking for ANSI C header files
configure:22809: result: yes
configure:22826: checking for inttypes.h
configure:22831: result: yes
configure:22826: checking for stdlib.h
configure:22831: result: yes
configure:22826: checking for string.h
configure:22831: result: yes
configure:22973: checking for an ANSI C-conforming const
configure:23040: gcc -c -g -O2 -Wall  conftest.c >&5
conftest.c: In function 'main':
conftest.c:54: warning: unused variable 's'
conftest.c:74: warning: unused variable 'foo'
conftest.c:41: warning: unused variable 'zero'
conftest.c:35: warning: unused variable 'x'
conftest.c:56: warning: 't' is used uninitialized in this function
conftest.c:71: warning: 'b' is used uninitialized in this function
configure:23046: $? = 0
configure:23050: test -z 
			 || test ! -s conftest.err
configure:23053: $? = 0
configure:23056: test -s conftest.o
configure:23059: $? = 0
configure:23070: result: yes
configure:23090: checking for stdlib.h
configure:23095: result: yes
configure:23235: checking for GNU libc compatible malloc
configure:23264: gcc -o conftest -g -O2 -Wall   conftest.c  -lm >&5
configure:23267: $? = 0
configure:23269: ./conftest
configure:23272: $? = 0
configure:23286: result: yes
configure:23324: checking for memset
configure:23381: gcc -o conftest -g -O2 -Wall   conftest.c  -lm >&5
conftest.c:53: warning: conflicting types for built-in function 'memset'
configure:23387: $? = 0
configure:23391: test -z 
			 || test ! -s conftest.err
configure:23394: $? = 0
configure:23397: test -s conftest
configure:23400: $? = 0
configure:23412: result: yes
configure:23324: checking for sqrt
configure:23381: gcc -o conftest -g -O2 -Wall   conftest.c  -lm >&5
conftest.c:54: warning: conflicting types for built-in function 'sqrt'
configure:23387: $? = 0
configure:23391: test -z 
			 || test ! -s conftest.err
configure:23394: $? = 0
configure:23397: test -s conftest
configure:23400: $? = 0
configure:23412: result: yes
configure:23324: checking for strchr
configure:23381: gcc -o conftest -g -O2 -Wall   conftest.c  -lm >&5
conftest.c:55: warning: conflicting types for built-in function 'strchr'
configure:23387: $? = 0
configure:23391: test -z 
			 || test ! -s conftest.err
configure:23394: $? = 0
configure:23397: test -s conftest
configure:23400: $? = 0
configure:23412: result: yes
configure:23324: checking for strrchr
configure:23381: gcc -o conftest -g -O2 -Wall   conftest.c  -lm >&5
conftest.c:56: warning: conflicting types for built-in function 'strrchr'
configure:23387: $? = 0
configure:23391: test -z 
			 || test ! -s conftest.err
configure:23394: $? = 0
configure:23397: test -s conftest
configure:23400: $? = 0
configure:23412: result: yes
configure:23324: checking for strstr
configure:23381: gcc -o conftest -g -O2 -Wall   conftest.c  -lm >&5
conftest.c:57: warning: conflicting types for built-in function 'strstr'
configure:23387: $? = 0
configure:23391: test -z 
			 || test ! -s conftest.err
configure:23394: $? = 0
configure:23397: test -s conftest
configure:23400: $? = 0
configure:23412: result: yes
configure:23452: checking gdk/gdkdisplay.h usability
configure:23464: gcc -c -g -O2 -Wall  -pthread -I/usr/include/gtk-2.0 -I/usr/lib/gtk-2.0/include -I/usr/include/atk-1.0 -I/usr/include/cairo -I/usr/include/pango-1.0 -I/usr/include/gio-unix-2.0/ -I/usr/include/glib-2.0 -I/usr/lib/glib-2.0/include -I/usr/include/pixman-1 -I/usr/include/freetype2 -I/usr/include/libpng12   conftest.c >&5
configure:23470: $? = 0
configure:23474: test -z 
			 || test ! -s conftest.err
configure:23477: $? = 0
configure:23480: test -s conftest.o
configure:23483: $? = 0
configure:23493: result: yes
configure:23497: checking gdk/gdkdisplay.h presence
configure:23507: gcc -E  -pthread -I/usr/include/gtk-2.0 -I/usr/lib/gtk-2.0/include -I/usr/include/atk-1.0 -I/usr/include/cairo -I/usr/include/pango-1.0 -I/usr/include/gio-unix-2.0/ -I/usr/include/glib-2.0 -I/usr/lib/glib-2.0/include -I/usr/include/pixman-1 -I/usr/include/freetype2 -I/usr/include/libpng12   conftest.c
configure:23513: $? = 0
configure:23533: result: yes
configure:23568: checking for gdk/gdkdisplay.h
configure:23575: result: yes
configure:23452: checking gdk/gdkscreen.h usability
configure:23464: gcc -c -g -O2 -Wall  -pthread -I/usr/include/gtk-2.0 -I/usr/lib/gtk-2.0/include -I/usr/include/atk-1.0 -I/usr/include/cairo -I/usr/include/pango-1.0 -I/usr/include/gio-unix-2.0/ -I/usr/include/glib-2.0 -I/usr/lib/glib-2.0/include -I/usr/include/pixman-1 -I/usr/include/freetype2 -I/usr/include/libpng12   conftest.c >&5
configure:23470: $? = 0
configure:23474: test -z 
			 || test ! -s conftest.err
configure:23477: $? = 0
configure:23480: test -s conftest.o
configure:23483: $? = 0
configure:23493: result: yes
configure:23497: checking gdk/gdkscreen.h presence
configure:23507: gcc -E  -pthread -I/usr/include/gtk-2.0 -I/usr/lib/gtk-2.0/include -I/usr/include/atk-1.0 -I/usr/include/cairo -I/usr/include/pango-1.0 -I/usr/include/gio-unix-2.0/ -I/usr/include/glib-2.0 -I/usr/lib/glib-2.0/include -I/usr/include/pixman-1 -I/usr/include/freetype2 -I/usr/include/libpng12   conftest.c
configure:23513: $? = 0
configure:23533: result: yes
configure:23568: checking for gdk/gdkscreen.h
configure:23575: result: yes
configure:23592: checking for gdk_display_get_default in GDK library
configure:23610: gcc -o conftest -g -O2 -Wall  -pthread -I/usr/include/gtk-2.0 -I/usr/lib/gtk-2.0/include -I/usr/include/atk-1.0 -I/usr/include/cairo -I/usr/include/pango-1.0 -I/usr/include/gio-unix-2.0/ -I/usr/include/glib-2.0 -I/usr/lib/glib-2.0/include -I/usr/include/pixman-1 -I/usr/include/freetype2 -I/usr/include/libpng12    conftest.c  -pthread -Wl,--export-dynamic -lgtk-x11-2.0 -latk-1.0 -lpangoft2-1.0 -lfreetype -lfontconfig -lgdk-x11-2.0 -lgdk_pixbuf-2.0 -lm -lpangocairo-1.0 -lcairo -lgio-2.0 -lpangox-1.0 -lX11 -lpango-1.0 -lgobject-2.0 -lgthread-2.0 -lgmodule-2.0 -lrt -lglib-2.0   >&5
configure:23616: $? = 0
configure:23620: test -z 
			 || test ! -s conftest.err
configure:23623: $? = 0
configure:23626: test -s conftest
configure:23629: $? = 0
configure:23640: result: yes
configure:23648: GDK supports multihead
configure:23680: checking for gdk_x11_colormap_foreign_new
configure:23737: gcc -o conftest -g -O2 -Wall   conftest.c  -pthread -Wl,--export-dynamic -lgtk-x11-2.0 -latk-1.0 -lpangoft2-1.0 -lfreetype -lfontconfig -lgdk-x11-2.0 -lgdk_pixbuf-2.0 -lm -lpangocairo-1.0 -lcairo -lgio-2.0 -lpangox-1.0 -lX11 -lpango-1.0 -lgobject-2.0 -lgthread-2.0 -lgmodule-2.0 -lrt -lglib-2.0   >&5
configure:23743: $? = 0
configure:23747: test -z 
			 || test ! -s conftest.err
configure:23750: $? = 0
configure:23753: test -s conftest
configure:23756: $? = 0
configure:23768: result: yes
configure:23806: checking for X11/Xmu/StdCmap.h
configure:23823: gcc -c -g -O2 -Wall   conftest.c >&5
configure:23829: $? = 0
configure:23833: test -z 
			 || test ! -s conftest.err
configure:23836: $? = 0
configure:23839: test -s conftest.o
configure:23842: $? = 0
configure:23853: result: yes
configure:23806: checking for Xmu/StdCmap.h
configure:23823: gcc -c -g -O2 -Wall   conftest.c >&5
conftest.c:41:25: error: Xmu/StdCmap.h: No such file or directory
configure:23829: $? = 1
configure: failed program was:
| /* confdefs.h.  */
| 
| #define PACKAGE_NAME "gtkglext"
| #define PACKAGE_TARNAME "gtkglext"
| #define PACKAGE_VERSION "1.2.0"
| #define PACKAGE_STRING "gtkglext 1.2.0"
| #define PACKAGE_BUGREPORT "gtkglext-list@gnome.org"
| #define STDC_HEADERS 1
| #define HAVE_SYS_TYPES_H 1
| #define HAVE_SYS_STAT_H 1
| #define HAVE_STDLIB_H 1
| #define HAVE_STRING_H 1
| #define HAVE_MEMORY_H 1
| #define HAVE_STRINGS_H 1
| #define HAVE_INTTYPES_H 1
| #define HAVE_STDINT_H 1
| #define HAVE_UNISTD_H 1
| #define HAVE_DLFCN_H 1
| #ifdef __cplusplus
| extern "C" void exit (int) throw ();
| #endif
| #define STDC_HEADERS 1
| #define HAVE_INTTYPES_H 1
| #define HAVE_STDLIB_H 1
| #define HAVE_STRING_H 1
| #define HAVE_STDLIB_H 1
| #define HAVE_MALLOC 1
| #define HAVE_MEMSET 1
| #define HAVE_SQRT 1
| #define HAVE_STRCHR 1
| #define HAVE_STRRCHR 1
| #define HAVE_STRSTR 1
| #define HAVE_GDK_GDKDISPLAY_H 1
| #define HAVE_GDK_GDKSCREEN_H 1
| #define HAVE_GDK_X11_COLORMAP_FOREIGN_NEW 1
| #define HAVE_X11_XMU_STDCMAP_H 1
| /* end confdefs.h.  */
| #include <X11/Xlib.h>
|                     #include <X11/Xutil.h>
| 
| #include <Xmu/StdCmap.h>
configure:23853: result: no
configure:23867: checking for XmuLookupStandardColormap in -lXmu
configure:23897: gcc -o conftest -g -O2 -Wall    conftest.c -lXmu -lXt  -lSM -lICE   -lXext -lX11  >&5
configure:23903: $? = 0
configure:23907: test -z 
			 || test ! -s conftest.err
configure:23910: $? = 0
configure:23913: test -s conftest
configure:23916: $? = 0
configure:23929: result: yes
configure:24078: checking GL/glx.h usability
configure:24090: gcc -c -g -O2 -Wall    conftest.c >&5
configure:24096: $? = 0
configure:24100: test -z 
			 || test ! -s conftest.err
configure:24103: $? = 0
configure:24106: test -s conftest.o
configure:24109: $? = 0
configure:24119: result: yes
configure:24123: checking GL/glx.h presence
configure:24133: gcc -E    conftest.c
configure:24139: $? = 0
configure:24159: result: yes
configure:24194: checking for GL/glx.h
configure:24201: result: yes
configure:24231: checking GL/gl.h usability
configure:24243: gcc -c -g -O2 -Wall    conftest.c >&5
configure:24249: $? = 0
configure:24253: test -z 
			 || test ! -s conftest.err
configure:24256: $? = 0
configure:24259: test -s conftest.o
configure:24262: $? = 0
configure:24272: result: yes
configure:24276: checking GL/gl.h presence
configure:24286: gcc -E    conftest.c
configure:24292: $? = 0
configure:24312: result: yes
configure:24347: checking for GL/gl.h
configure:24354: result: yes
configure:24231: checking GL/glu.h usability
configure:24243: gcc -c -g -O2 -Wall    conftest.c >&5
configure:24249: $? = 0
configure:24253: test -z 
			 || test ! -s conftest.err
configure:24256: $? = 0
configure:24259: test -s conftest.o
configure:24262: $? = 0
configure:24272: result: yes
configure:24276: checking GL/glu.h presence
configure:24286: gcc -E    conftest.c
configure:24292: $? = 0
configure:24312: result: yes
configure:24347: checking for GL/glu.h
configure:24354: result: yes
configure:24379: checking for glVertex3d in -lGLcore
configure:24409: gcc -o conftest -g -O2 -Wall     conftest.c -lGLcore     -lXmu -lXt  -lSM -lICE -lXext -lX11  -lm >&5
/usr/bin/ld: cannot find -lGLcore
collect2: ld returned 1 exit status
configure:24415: $? = 1
configure: failed program was:
| /* confdefs.h.  */
| 
| #define PACKAGE_NAME "gtkglext"
| #define PACKAGE_TARNAME "gtkglext"
| #define PACKAGE_VERSION "1.2.0"
| #define PACKAGE_STRING "gtkglext 1.2.0"
| #define PACKAGE_BUGREPORT "gtkglext-list@gnome.org"
| #define STDC_HEADERS 1
| #define HAVE_SYS_TYPES_H 1
| #define HAVE_SYS_STAT_H 1
| #define HAVE_STDLIB_H 1
| #define HAVE_STRING_H 1
| #define HAVE_MEMORY_H 1
| #define HAVE_STRINGS_H 1
| #define HAVE_INTTYPES_H 1
| #define HAVE_STDINT_H 1
| #define HAVE_UNISTD_H 1
| #define HAVE_DLFCN_H 1
| #ifdef __cplusplus
| extern "C" void exit (int) throw ();
| #endif
| #define STDC_HEADERS 1
| #define HAVE_INTTYPES_H 1
| #define HAVE_STDLIB_H 1
| #define HAVE_STRING_H 1
| #define HAVE_STDLIB_H 1
| #define HAVE_MALLOC 1
| #define HAVE_MEMSET 1
| #define HAVE_SQRT 1
| #define HAVE_STRCHR 1
| #define HAVE_STRRCHR 1
| #define HAVE_STRSTR 1
| #define HAVE_GDK_GDKDISPLAY_H 1
| #define HAVE_GDK_GDKSCREEN_H 1
| #define HAVE_GDK_X11_COLORMAP_FOREIGN_NEW 1
| #define HAVE_X11_XMU_STDCMAP_H 1
| #define HAVE_LIBXMU 1
| #define HAVE_GL_GLX_H 1
| #define HAVE_GL_GL_H 1
| #define HAVE_GL_GLU_H 1
| /* end confdefs.h.  */
| 
| /* Override any gcc2 internal prototype to avoid an error.  */
| #ifdef __cplusplus
| extern "C"
| #endif
| /* We use char because int might match the return type of a gcc2
|    builtin and then its argument prototype would still apply.  */
| char glVertex3d ();
| int
| main ()
| {
| glVertex3d ();
|   ;
|   return 0;
| }
configure:24441: result: no
configure:24523: checking for glVertex3d in -lGL
configure:24553: gcc -o conftest -g -O2 -Wall     conftest.c -lGL     -lXmu -lXt  -lSM -lICE -lXext -lX11  -lm >&5
configure:24559: $? = 0
configure:24563: test -z 
			 || test ! -s conftest.err
configure:24566: $? = 0
configure:24569: test -s conftest
configure:24572: $? = 0
configure:24585: result: yes
configure:24890: checking for gluSphere in -lGLU
configure:24920: gcc -o conftest -g -O2 -Wall     conftest.c -lGLU -lGL    -lXmu -lXt  -lSM -lICE -lXext -lX11  -lm >&5
configure:24926: $? = 0
configure:24930: test -z 
			 || test ! -s conftest.err
configure:24933: $? = 0
configure:24936: test -s conftest
configure:24939: $? = 0
configure:24952: result: yes
configure:25257: checking for gluBeginCurve in -lGLU
configure:25287: gcc -o conftest -g -O2 -Wall      conftest.c -lGLU -lGLU -lGL    -lXmu -lXt  -lSM -lICE -lXext -lX11  -lm >&5
configure:25293: $? = 0
configure:25297: test -z 
			 || test ! -s conftest.err
configure:25300: $? = 0
configure:25303: test -s conftest
configure:25306: $? = 0
configure:25319: result: yes
configure:25400: checking whether libGLU needs to be linked with the std C++ library
configure:25402: result: no
configure:25409: checking for GLXFBConfigSGIX
configure:25434: gcc -c -g -O2 -Wall    conftest.c >&5
configure:25440: $? = 0
configure:25444: test -z 
			 || test ! -s conftest.err
configure:25447: $? = 0
configure:25450: test -s conftest.o
configure:25453: $? = 0
configure:25464: result: yes
configure:25481: checking for GLXFBConfigIDSGIX
configure:25506: gcc -c -g -O2 -Wall    conftest.c >&5
configure:25512: $? = 0
configure:25516: test -z 
			 || test ! -s conftest.err
configure:25519: $? = 0
configure:25522: test -s conftest.o
configure:25525: $? = 0
configure:25536: result: yes
configure:25553: checking for GLXPbufferSGIX
configure:25578: gcc -c -g -O2 -Wall    conftest.c >&5
configure:25584: $? = 0
configure:25588: test -z 
			 || test ! -s conftest.err
configure:25591: $? = 0
configure:25594: test -s conftest.o
configure:25597: $? = 0
configure:25608: result: yes
configure:25625: checking for GLXVideoSourceSGIX
configure:25650: gcc -c -g -O2 -Wall    conftest.c >&5
configure:25656: $? = 0
configure:25660: test -z 
			 || test ! -s conftest.err
configure:25663: $? = 0
configure:25666: test -s conftest.o
configure:25669: $? = 0
configure:25680: result: yes
configure:25697: checking for __GLXextFuncPtr
configure:25722: gcc -c -g -O2 -Wall    conftest.c >&5
configure:25728: $? = 0
configure:25732: test -z 
			 || test ! -s conftest.err
configure:25735: $? = 0
configure:25738: test -s conftest.o
configure:25741: $? = 0
configure:25752: result: yes
configure:25889: checking for GLhalfNV
configure:25914: gcc -c -g -O2 -Wall    conftest.c >&5
configure:25920: $? = 0
configure:25924: test -z 
			 || test ! -s conftest.err
configure:25927: $? = 0
configure:25930: test -s conftest.o
configure:25933: $? = 0
configure:25944: result: yes
configure:26312: creating ./config.status

## ---------------------- ##
## Running config.status. ##
## ---------------------- ##

This file was extended by gtkglext config.status 1.2.0, which was
generated by GNU Autoconf 2.59.  Invocation command line was

  CONFIG_FILES    = 
  CONFIG_HEADERS  = 
  CONFIG_LINKS    = 
  CONFIG_COMMANDS = 
  $ ./config.status 

on debian

config.status:866: creating gdkglext.pc
config.status:866: creating gtkglext.pc
config.status:866: creating gdkglext-uninstalled.pc
config.status:866: creating gtkglext-uninstalled.pc
config.status:866: creating gtkglext.spec
config.status:866: creating gtkglext.nsi
config.status:866: creating Makefile
config.status:866: creating gdk/Makefile
config.status:866: creating gdk/gdkglversion.h
config.status:866: creating gdk/glext/Makefile
config.status:866: creating gdk/x11/Makefile
config.status:866: creating gdk/win32/Makefile
config.status:866: creating gtk/Makefile
config.status:866: creating gtk/gtkglversion.h
config.status:866: creating m4macros/Makefile
config.status:866: creating docs/Makefile
config.status:866: creating docs/reference/Makefile
config.status:866: creating docs/reference/gtkglext/Makefile
config.status:866: creating docs/reference/gtkglext/version.xml
config.status:866: creating examples/Makefile
config.status:866: creating examples/glade/Makefile
config.status:970: creating config.h
config.status:1322: executing depfiles commands
config.status:1322: executing gdk/gdkglext-config.h commands

## ---------------- ##
## Cache variables. ##
## ---------------- ##

ac_cv_build=i686-pc-linux-gnu
ac_cv_build_alias=i686-pc-linux-gnu
ac_cv_c_compiler_gnu=yes
ac_cv_c_const=yes
ac_cv_cxx_compiler_gnu=yes
ac_cv_env_BASE_DEPENDENCIES_CFLAGS_set=
ac_cv_env_BASE_DEPENDENCIES_CFLAGS_value=
ac_cv_env_BASE_DEPENDENCIES_LIBS_set=
ac_cv_env_BASE_DEPENDENCIES_LIBS_value=
ac_cv_env_CC_set=
ac_cv_env_CC_value=
ac_cv_env_CFLAGS_set=
ac_cv_env_CFLAGS_value=
ac_cv_env_CPPFLAGS_set=
ac_cv_env_CPPFLAGS_value=
ac_cv_env_CPP_set=
ac_cv_env_CPP_value=
ac_cv_env_CXXCPP_set=
ac_cv_env_CXXCPP_value=
ac_cv_env_CXXFLAGS_set=
ac_cv_env_CXXFLAGS_value=
ac_cv_env_CXX_set=
ac_cv_env_CXX_value=
ac_cv_env_F77_set=
ac_cv_env_F77_value=
ac_cv_env_FFLAGS_set=
ac_cv_env_FFLAGS_value=
ac_cv_env_LDFLAGS_set=
ac_cv_env_LDFLAGS_value=
ac_cv_env_PKG_CONFIG_set=
ac_cv_env_PKG_CONFIG_value=
ac_cv_env_build_alias_set=
ac_cv_env_build_alias_value=
ac_cv_env_host_alias_set=
ac_cv_env_host_alias_value=
ac_cv_env_target_alias_set=
ac_cv_env_target_alias_value=
ac_cv_exeext=
ac_cv_f77_compiler_gnu=no
ac_cv_func_connect=yes
ac_cv_func_gdk_x11_colormap_foreign_new=yes
ac_cv_func_gethostbyname=yes
ac_cv_func_malloc_0_nonnull=yes
ac_cv_func_memset=yes
ac_cv_func_remove=yes
ac_cv_func_shmat=yes
ac_cv_func_sqrt=yes
ac_cv_func_strchr=yes
ac_cv_func_strrchr=yes
ac_cv_func_strstr=yes
ac_cv_have_x='have_x=yes 		ac_x_includes= ac_x_libraries='
ac_cv_header_GL_gl_h=yes
ac_cv_header_GL_glu_h=yes
ac_cv_header_GL_glx_h=yes
ac_cv_header_X11_Xmu_StdCmap_h=yes
ac_cv_header_Xmu_StdCmap_h=no
ac_cv_header_dlfcn_h=yes
ac_cv_header_gdk_gdkdisplay_h=yes
ac_cv_header_gdk_gdkscreen_h=yes
ac_cv_header_inttypes_h=yes
ac_cv_header_memory_h=yes
ac_cv_header_stdc=yes
ac_cv_header_stdint_h=yes
ac_cv_header_stdlib_h=yes
ac_cv_header_string_h=yes
ac_cv_header_strings_h=yes
ac_cv_header_sys_stat_h=yes
ac_cv_header_sys_types_h=yes
ac_cv_header_unistd_h=yes
ac_cv_host=i686-pc-linux-gnu
ac_cv_host_alias=i686-pc-linux-gnu
ac_cv_lib_GLU_gluBeginCurve=yes
ac_cv_lib_GLU_gluSphere=yes
ac_cv_lib_GL_glVertex3d=yes
ac_cv_lib_GLcore_glVertex3d=no
ac_cv_lib_ICE_IceConnectionNumber=yes
ac_cv_lib_Xmu_XmuLookupStandardColormap=yes
ac_cv_lib_cposix_strerror=no
ac_cv_objext=o
ac_cv_path_PERL=/usr/bin/perl
ac_cv_path_PKG_CONFIG=/usr/bin/pkg-config
ac_cv_path_ac_pt_PKG_CONFIG=/usr/bin/pkg-config
ac_cv_path_install='/usr/bin/install -c'
ac_cv_prog_AWK=mawk
ac_cv_prog_CPP='gcc -E'
ac_cv_prog_CXXCPP='g++ -E'
ac_cv_prog_ac_ct_AR=ar
ac_cv_prog_ac_ct_CC=gcc
ac_cv_prog_ac_ct_CXX=g++
ac_cv_prog_ac_ct_RANLIB=ranlib
ac_cv_prog_ac_ct_STRIP=strip
ac_cv_prog_cc_g=yes
ac_cv_prog_cc_stdc=
ac_cv_prog_cxx_g=yes
ac_cv_prog_egrep='grep -E'
ac_cv_prog_f77_g=no
ac_cv_prog_make_make_set=yes
ac_cv_type_GLXFBConfigIDSGIX=yes
ac_cv_type_GLXFBConfigSGIX=yes
ac_cv_type_GLXPbufferSGIX=yes
ac_cv_type_GLXVideoSourceSGIX=yes
ac_cv_type_GLhalfNV=yes
ac_cv_type___GLXextFuncPtr=yes
am_cv_CC_dependencies_compiler_type=gcc3
am_cv_CXX_dependencies_compiler_type=gcc3
am_cv_prog_cc_stdc=
lt_cv_deplibs_check_method=pass_all
lt_cv_file_magic_cmd='$MAGIC_CMD'
lt_cv_file_magic_test_file=
lt_cv_ld_reload_flag=-r
lt_cv_objdir=.libs
lt_cv_path_LD=/usr/bin/ld
lt_cv_path_LDCXX=/usr/bin/ld
lt_cv_path_NM='/usr/bin/nm -B'
lt_cv_path_SED=/bin/sed
lt_cv_prog_compiler_c_o=yes
lt_cv_prog_compiler_c_o_CXX=yes
lt_cv_prog_compiler_rtti_exceptions=no
lt_cv_prog_gnu_ld=yes
lt_cv_prog_gnu_ldcxx=yes
lt_cv_sys_global_symbol_pipe='sed -n -e '\''s/^.*[ 	]\([ABCDGIRSTW][ABCDGIRSTW]*\)[ 	][ 	]*\([_A-Za-z][_A-Za-z0-9]*\)$/\1 \2 \2/p'\'''
lt_cv_sys_global_symbol_to_c_name_address='sed -n -e '\''s/^: \([^ ]*\) $/  {\"\1\", (lt_ptr) 0},/p'\'' -e '\''s/^[BCDEGRST] \([^ ]*\) \([^ ]*\)$/  {"\2", (lt_ptr) \&\2},/p'\'''
lt_cv_sys_global_symbol_to_cdecl='sed -n -e '\''s/^. .* \(.*\)$/extern int \1;/p'\'''
lt_cv_sys_max_cmd_len=32768
lt_lt_cv_prog_compiler_c_o='"yes"'
lt_lt_cv_prog_compiler_c_o_CXX='"yes"'
lt_lt_cv_sys_global_symbol_pipe='"sed -n -e '\''s/^.*[ 	]\\([ABCDGIRSTW][ABCDGIRSTW]*\\)[ 	][ 	]*\\([_A-Za-z][_A-Za-z0-9]*\\)\$/\\1 \\2 \\2/p'\''"'
lt_lt_cv_sys_global_symbol_to_c_name_address='"sed -n -e '\''s/^: \\([^ ]*\\) \$/  {\\\"\\1\\\", (lt_ptr) 0},/p'\'' -e '\''s/^[BCDEGRST] \\([^ ]*\\) \\([^ ]*\\)\$/  {\"\\2\", (lt_ptr) \\&\\2},/p'\''"'
lt_lt_cv_sys_global_symbol_to_cdecl='"sed -n -e '\''s/^. .* \\(.*\\)\$/extern int \\1;/p'\''"'
pkg_cv_BASE_DEPENDENCIES_CFLAGS='-pthread -I/usr/include/gtk-2.0 -I/usr/lib/gtk-2.0/include -I/usr/include/atk-1.0 -I/usr/include/cairo -I/usr/include/pango-1.0 -I/usr/include/gio-unix-2.0/ -I/usr/include/glib-2.0 -I/usr/lib/glib-2.0/include -I/usr/include/pixman-1 -I/usr/include/freetype2 -I/usr/include/libpng12  '
pkg_cv_BASE_DEPENDENCIES_LIBS='-pthread -Wl,--export-dynamic -lgtk-x11-2.0 -latk-1.0 -lpangoft2-1.0 -lfreetype -lfontconfig -lgdk-x11-2.0 -lgdk_pixbuf-2.0 -lm -lpangocairo-1.0 -lcairo -lgio-2.0 -lpangox-1.0 -lX11 -lpango-1.0 -lgobject-2.0 -lgthread-2.0 -lgmodule-2.0 -lrt -lglib-2.0  '

## ----------------- ##
## Output variables. ##
## ----------------- ##

ACLOCAL='${SHELL} /home/caiosba/UFBA/Mestrado/Dissertao/openvrml-0.16.2/lib/gtkglext/missing --run aclocal-1.9'
AMDEPBACKSLASH='\'
AMDEP_FALSE='#'
AMDEP_TRUE=''
AMTAR='${SHELL} /home/caiosba/UFBA/Mestrado/Dissertao/openvrml-0.16.2/lib/gtkglext/missing --run tar'
API_MI='0'
API_MJ='1'
AR='ar'
AS='as'
AUTOCONF='${SHELL} /home/caiosba/UFBA/Mestrado/Dissertao/openvrml-0.16.2/lib/gtkglext/missing --run autoconf'
AUTOHEADER='${SHELL} /home/caiosba/UFBA/Mestrado/Dissertao/openvrml-0.16.2/lib/gtkglext/missing --run autoheader'
AUTOMAKE='${SHELL} /home/caiosba/UFBA/Mestrado/Dissertao/openvrml-0.16.2/lib/gtkglext/missing --run automake-1.9'
AWK='mawk'
BASE_DEPENDENCIES_CFLAGS='-pthread -I/usr/include/gtk-2.0 -I/usr/lib/gtk-2.0/include -I/usr/include/atk-1.0 -I/usr/include/cairo -I/usr/include/pango-1.0 -I/usr/include/gio-unix-2.0/ -I/usr/include/glib-2.0 -I/usr/lib/glib-2.0/include -I/usr/include/pixman-1 -I/usr/include/freetype2 -I/usr/include/libpng12  '
BASE_DEPENDENCIES_LIBS='-pthread -Wl,--export-dynamic -lgtk-x11-2.0 -latk-1.0 -lpangoft2-1.0 -lfreetype -lfontconfig -lgdk-x11-2.0 -lgdk_pixbuf-2.0 -lm -lpangocairo-1.0 -lcairo -lgio-2.0 -lpangox-1.0 -lX11 -lpango-1.0 -lgobject-2.0 -lgthread-2.0 -lgmodule-2.0 -lrt -lglib-2.0  '
CC='gcc'
CCDEPMODE='depmode=gcc3'
CFLAGS='-g -O2 -Wall'
CPP='gcc -E'
CPPFLAGS=''
CXX='g++'
CXXCPP='g++ -E'
CXXDEPMODE='depmode=gcc3'
CXXFLAGS='-g -O2'
CYGPATH_W='echo'
DEFS='-DHAVE_CONFIG_H'
DEPDIR='.deps'
DLLTOOL='dlltool'
ECHO='echo'
ECHO_C=''
ECHO_N='-n'
ECHO_T=''
EGREP='grep -E'
ENABLE_GTK_DOC_FALSE=''
ENABLE_GTK_DOC_TRUE='#'
EXAMPLES_DEP_CFLAGS='   -pthread -I/usr/include/gtk-2.0 -I/usr/lib/gtk-2.0/include -I/usr/include/cairo -I/usr/include/pango-1.0 -I/usr/include/gio-unix-2.0/ -I/usr/include/glib-2.0 -I/usr/lib/glib-2.0/include -I/usr/include/pixman-1 -I/usr/include/freetype2 -I/usr/include/libpng12 -I/usr/include/atk-1.0  '
EXEEXT=''
F77=''
FFLAGS=''
GDKGLEXT_DEP_CFLAGS='  -pthread -I/usr/include/gtk-2.0 -I/usr/lib/gtk-2.0/include -I/usr/include/cairo -I/usr/include/pango-1.0 -I/usr/include/gio-unix-2.0/ -I/usr/include/glib-2.0 -I/usr/lib/glib-2.0/include -I/usr/include/pixman-1 -I/usr/include/freetype2 -I/usr/include/libpng12  '
GDKGLEXT_DEP_LIBS=' -lGLU -lGL  -lXmu -lXt  -lSM -lICE -pthread -Wl,--export-dynamic -lgdk-x11-2.0 -lgdk_pixbuf-2.0 -lm -lpangocairo-1.0 -lcairo -lgio-2.0 -lpangox-1.0 -lX11 -lpango-1.0 -lgobject-2.0 -lgthread-2.0 -lgmodule-2.0 -lrt -lglib-2.0   -lm'
GDKGLEXT_EXTRA_CFLAGS=' '
GDKGLEXT_EXTRA_LIBS=' -lGLU -lGL  -lXmu -lXt  -lSM -lICE'
GDKGLEXT_MULTIHEAD_SUPPORT='yes'
GDKGLEXT_PACKAGES='gdk-2.0 pango pangox gmodule-2.0'
GDKGLEXT_WIN_CFLAGS=''
GDKGLEXT_WIN_EXTRA_DEFS=''
GDKGLEXT_WIN_LIBS=' -lXmu -lXt  -lSM -lICE'
GLIB_CFLAGS='-I/usr/include/glib-2.0 -I/usr/lib/glib-2.0/include  '
GLIB_GENMARSHAL='glib-genmarshal'
GLIB_LIBS='-lglib-2.0  '
GLIB_MKENUMS='glib-mkenums'
GL_CFLAGS=''
GL_LIBS=' -lGLU -lGL'
GOBJECT_QUERY='gobject-query'
GTKGLEXT_API_MAJOR_VERSION='1'
GTKGLEXT_API_MINOR_VERSION='0'
GTKGLEXT_API_VERSION='1.0'
GTKGLEXT_BINARY_AGE='0'
GTKGLEXT_DEBUG_FLAGS='-DG_DISABLE_CAST_CHECKS'
GTKGLEXT_DEP_CFLAGS='   -pthread -I/usr/include/gtk-2.0 -I/usr/lib/gtk-2.0/include -I/usr/include/cairo -I/usr/include/pango-1.0 -I/usr/include/gio-unix-2.0/ -I/usr/include/glib-2.0 -I/usr/lib/glib-2.0/include -I/usr/include/pixman-1 -I/usr/include/freetype2 -I/usr/include/libpng12 -I/usr/include/atk-1.0  '
GTKGLEXT_DEP_LIBS='  -lGLU -lGL  -lXmu -lXt  -lSM -lICE -pthread -Wl,--export-dynamic -lpangox-1.0 -lX11 -lgtk-x11-2.0 -lgdk-x11-2.0 -latk-1.0 -lpangoft2-1.0 -lgdk_pixbuf-2.0 -lm -lpangocairo-1.0 -lcairo -lgio-2.0 -lpango-1.0 -lfreetype -lfontconfig -lgobject-2.0 -lgmodule-2.0 -lgthread-2.0 -lrt -lglib-2.0   -lm'
GTKGLEXT_DEP_LIBS_WITH_PANGOFT2='  -lGLU -lGL  -lXmu -lXt  -lSM -lICE -pthread -Wl,--export-dynamic -lpangox-1.0 -lX11 -lgtk-x11-2.0 -lgdk-x11-2.0 -latk-1.0 -lgdk_pixbuf-2.0 -lm -lpangocairo-1.0 -lcairo -lgio-2.0 -lpangoft2-1.0 -lpango-1.0 -lfreetype -lfontconfig -lgobject-2.0 -lgmodule-2.0 -lgthread-2.0 -lrt -lglib-2.0   -lm'
GTKGLEXT_EXTRA_CFLAGS=''
GTKGLEXT_EXTRA_LIBS=''
GTKGLEXT_INTERFACE_AGE='0'
GTKGLEXT_MAJOR_VERSION='1'
GTKGLEXT_MICRO_VERSION='0'
GTKGLEXT_MINOR_VERSION='2'
GTKGLEXT_PACKAGES='gtk+-2.0'
GTKGLEXT_VERSION='1.2.0'
GTK_CFLAGS='-pthread -I/usr/include/gtk-2.0 -I/usr/lib/gtk-2.0/include -I/usr/include/atk-1.0 -I/usr/include/cairo -I/usr/include/pango-1.0 -I/usr/include/gio-unix-2.0/ -I/usr/include/glib-2.0 -I/usr/lib/glib-2.0/include -I/usr/include/pixman-1 -I/usr/include/freetype2 -I/usr/include/libpng12  '
GTK_DOC_USE_LIBTOOL_FALSE='#'
GTK_DOC_USE_LIBTOOL_TRUE=''
GTK_LIBS='-pthread -lgtk-x11-2.0 -lgdk-x11-2.0 -latk-1.0 -lpangoft2-1.0 -lgdk_pixbuf-2.0 -lm -lpangocairo-1.0 -lcairo -lgio-2.0 -lpango-1.0 -lfreetype -lfontconfig -lgobject-2.0 -lgmodule-2.0 -lgthread-2.0 -lrt -lglib-2.0  '
HTML_DIR='${datadir}/gtk-doc/html'
INDENT=''
INSTALL_DATA='${INSTALL} -m 644'
INSTALL_PROGRAM='${INSTALL}'
INSTALL_SCRIPT='${INSTALL}'
INSTALL_STRIP_PROGRAM='${SHELL} $(install_sh) -c -s'
LDFLAGS=''
LIBOBJS=''
LIBS=''
LIBTOOL='$(SHELL) $(top_builddir)/libtool'
LIBTOOL_EXPORT_OPTIONS='-export-symbols-regex "^[^_].*"'
LN_S='ln -s'
LTLIBOBJS=''
LT_AGE='0'
LT_CURRENT='0'
LT_CURRENT_MINUS_AGE='0'
LT_RELEASE='1.2'
LT_REVISION='0'
MAKEINFO='${SHELL} /home/caiosba/UFBA/Mestrado/Dissertao/openvrml-0.16.2/lib/gtkglext/missing --run makeinfo'
MATH_LIB='-lm'
MS_LIB_AVAILABLE_FALSE=''
MS_LIB_AVAILABLE_TRUE='#'
MULTIHEAD_SUPPORT_FALSE='#'
MULTIHEAD_SUPPORT_TRUE=''
OBJDUMP='objdump'
OBJEXT='o'
OS_WIN32_FALSE=''
OS_WIN32_TRUE='#'
PACKAGE='gtkglext'
PACKAGE_BUGREPORT='gtkglext-list@gnome.org'
PACKAGE_NAME='gtkglext'
PACKAGE_STRING='gtkglext 1.2.0'
PACKAGE_TARNAME='gtkglext'
PACKAGE_VERSION='1.2.0'
PATH_SEPARATOR=':'
PERL='/usr/bin/perl'
PKG_CONFIG='/usr/bin/pkg-config'
PLATFORM_WIN32_FALSE=''
PLATFORM_WIN32_TRUE='#'
RANLIB='ranlib'
REBUILD=''
SED='/bin/sed'
SET_MAKE=''
SHELL='/bin/bash'
STRIP='strip'
USE_WIN32_FALSE=''
USE_WIN32_TRUE='#'
USE_X11_FALSE='#'
USE_X11_TRUE=''
VERSION='1.2.0'
WINDOWING_CFLAGS=''
WINDOWING_LIBS=' -lXmu -lXt  -lSM -lICE -lXext -lX11 '
X_CFLAGS=''
X_EXTRA_LIBS=''
X_LIBS=''
X_PRE_LIBS=' -lSM -lICE'
ac_ct_AR='ar'
ac_ct_AS=''
ac_ct_CC='gcc'
ac_ct_CXX='g++'
ac_ct_DLLTOOL=''
ac_ct_F77=''
ac_ct_OBJDUMP=''
ac_ct_RANLIB='ranlib'
ac_ct_STRIP='strip'
ac_pt_PKG_CONFIG='/usr/bin/pkg-config'
am__fastdepCC_FALSE='#'
am__fastdepCC_TRUE=''
am__fastdepCXX_FALSE='#'
am__fastdepCXX_TRUE=''
am__include='include'
am__leading_dot='.'
am__quote=''
am__tar='${AMTAR} chof - "$$tardir"'
am__untar='${AMTAR} xf -'
bindir='${exec_prefix}/bin'
build='i686-pc-linux-gnu'
build_alias=''
build_cpu='i686'
build_os='linux-gnu'
build_vendor='pc'
datadir='${prefix}/share'
exec_prefix='${prefix}'
gdkglext_targetlib='libgdkglext-x11-1.0.la'
gdktarget='x11'
gtkglext_targetlib='libgtkglext-x11-1.0.la'
host='i686-pc-linux-gnu'
host_alias=''
host_cpu='i686'
host_os='linux-gnu'
host_vendor='pc'
includedir='${prefix}/include'
infodir='${prefix}/info'
install_sh='/home/caiosba/UFBA/Mestrado/Dissertao/openvrml-0.16.2/lib/gtkglext/install-sh'
libdir='${exec_prefix}/lib'
libexecdir='${exec_prefix}/libexec'
localstatedir='${prefix}/var'
mandir='${prefix}/man'
mkdir_p='mkdir -p --'
ms_librarian=''
oldincludedir='/usr/include'
prefix='/usr/local'
program_transform_name='s,x,x,'
sbindir='${exec_prefix}/sbin'
sharedstatedir='${prefix}/com'
sysconfdir='${prefix}/etc'
target_alias=''

## ----------- ##
## confdefs.h. ##
## ----------- ##

#define HAVE_DLFCN_H 1
#define HAVE_GDK_GDKDISPLAY_H 1
#define HAVE_GDK_GDKSCREEN_H 1
#define HAVE_GDK_X11_COLORMAP_FOREIGN_NEW 1
#define HAVE_GLHALFNV 1
#define HAVE_GLXFBCONFIGIDSGIX 1
#define HAVE_GLXFBCONFIGSGIX 1
#define HAVE_GLXPBUFFERSGIX 1
#define HAVE_GLXVIDEOSOURCESGIX 1
#define HAVE_GL_GLU_H 1
#define HAVE_GL_GLX_H 1
#define HAVE_GL_GL_H 1
#define HAVE_INTTYPES_H 1
#define HAVE_INTTYPES_H 1
#define HAVE_LIBXMU 1
#define HAVE_MALLOC 1
#define HAVE_MEMORY_H 1
#define HAVE_MEMSET 1
#define HAVE_SQRT 1
#define HAVE_STDINT_H 1
#define HAVE_STDLIB_H 1
#define HAVE_STDLIB_H 1
#define HAVE_STDLIB_H 1
#define HAVE_STRCHR 1
#define HAVE_STRINGS_H 1
#define HAVE_STRING_H 1
#define HAVE_STRING_H 1
#define HAVE_STRRCHR 1
#define HAVE_STRSTR 1
#define HAVE_SYS_STAT_H 1
#define HAVE_SYS_TYPES_H 1
#define HAVE_UNISTD_H 1
#define HAVE_X11_XMU_STDCMAP_H 1
#define HAVE___GLXEXTFUNCPTR 1
#define PACKAGE_BUGREPORT "gtkglext-list@gnome.org"
#define PACKAGE_NAME "gtkglext"
#define PACKAGE_STRING "gtkglext 1.2.0"
#define PACKAGE_TARNAME "gtkglext"
#define PACKAGE_VERSION "1.2.0"
#define STDC_HEADERS 1
#define STDC_HEADERS 1
#endif
#ifdef __cplusplus
extern "C" void exit (int) throw ();

configure: exit 0

## ---------------------- ##
## Running config.status. ##
## ---------------------- ##

This file was extended by gtkglext config.status 1.2.0, which was
generated by GNU Autoconf 2.59.  Invocation command line was

  CONFIG_FILES    = 
  CONFIG_HEADERS  = 
  CONFIG_LINKS    = 
  CONFIG_COMMANDS = 
  $ ./config.status gdk/gdkglext-config.h

on debian

config.status:1322: executing gdk/gdkglext-config.h commands
config.status:1460: gdk/gdkglext-config.h is unchanged
