This file contains any messages produced by compilers while
running configure, to aid debugging if configure makes a mistake.

It was created by OpenVRML Mozilla Plugin configure 0.16.2, which was
generated by GNU Autoconf 2.59.  Invocation command line was

  $ ./configure --prefix=/usr/local --disable-mozilla-plugin --cache-file=/dev/null --srcdir=.

## --------- ##
## Platform. ##
## --------- ##

hostname = debian
uname -m = i686
uname -r = 2.6.32-5-686
uname -s = Linux
uname -v = #1 SMP Sun Sep 23 09:49:36 UTC 2012

/usr/bin/uname -p = unknown
/bin/uname -X     = unknown

/bin/arch              = unknown
/usr/bin/arch -k       = unknown
/usr/convex/getsysinfo = unknown
hostinfo               = unknown
/bin/machine           = unknown
/usr/bin/oslevel       = unknown
/bin/universe          = unknown

PATH: /usr/local/bin
PATH: /usr/bin
PATH: /bin
PATH: /usr/games
PATH: /var/lib/gems/1.8/bin


## ----------- ##
## Core tests. ##
## ----------- ##

configure:1584: checking for a BSD-compatible install
configure:1639: result: /usr/bin/install -c
configure:1650: checking whether build environment is sane
configure:1693: result: yes
configure:1758: checking for gawk
configure:1787: result: no
configure:1758: checking for mawk
configure:1774: found /usr/bin/mawk
configure:1784: result: mawk
configure:1794: checking whether make sets $(MAKE)
configure:1814: result: yes
configure:2035: checking for g++
configure:2051: found /usr/bin/g++
configure:2061: result: g++
configure:2077: checking for C++ compiler version
configure:2080: g++ --version </dev/null >&5
g++ (Debian 4.4.5-8) 4.4.5
Copyright (C) 2010 Free Software Foundation, Inc.
This is free software; see the source for copying conditions.  There is NO
warranty; not even for MERCHANTABILITY or FITNESS FOR A PARTICULAR PURPOSE.

configure:2083: $? = 0
configure:2085: g++ -v </dev/null >&5
Using built-in specs.
Target: i486-linux-gnu
Configured with: ../src/configure -v --with-pkgversion='Debian 4.4.5-8' --with-bugurl=file:///usr/share/doc/gcc-4.4/README.Bugs --enable-languages=c,c++,fortran,objc,obj-c++ --prefix=/usr --program-suffix=-4.4 --enable-shared --enable-multiarch --enable-linker-build-id --with-system-zlib --libexecdir=/usr/lib --without-included-gettext --enable-threads=posix --with-gxx-include-dir=/usr/include/c++/4.4 --libdir=/usr/lib --enable-nls --enable-clocale=gnu --enable-libstdcxx-debug --enable-objc-gc --enable-targets=all --with-arch-32=i586 --with-tune=generic --enable-checking=release --build=i486-linux-gnu --host=i486-linux-gnu --target=i486-linux-gnu
Thread model: posix
gcc version 4.4.5 (Debian 4.4.5-8) 
configure:2088: $? = 0
configure:2090: g++ -V </dev/null >&5
g++: '-V' option must have argument
configure:2093: $? = 1
configure:2116: checking for C++ compiler default output file name
configure:2119: g++    conftest.cc  >&5
configure:2122: $? = 0
configure:2168: result: a.out
configure:2173: checking whether the C++ compiler works
configure:2179: ./a.out
configure:2182: $? = 0
configure:2199: result: yes
configure:2206: checking whether we are cross compiling
configure:2208: result: no
configure:2211: checking for suffix of executables
configure:2213: g++ -o conftest    conftest.cc  >&5
configure:2216: $? = 0
configure:2241: result: 
configure:2247: checking for suffix of object files
configure:2268: g++ -c   conftest.cc >&5
configure:2271: $? = 0
configure:2293: result: o
configure:2297: checking whether we are using the GNU C++ compiler
configure:2321: g++ -c   conftest.cc >&5
configure:2327: $? = 0
configure:2331: test -z 
			 || test ! -s conftest.err
configure:2334: $? = 0
configure:2337: test -s conftest.o
configure:2340: $? = 0
configure:2353: result: yes
configure:2359: checking whether g++ accepts -g
configure:2380: g++ -c -g  conftest.cc >&5
configure:2386: $? = 0
configure:2390: test -z 
			 || test ! -s conftest.err
configure:2393: $? = 0
configure:2396: test -s conftest.o
configure:2399: $? = 0
configure:2410: result: yes
configure:2452: g++ -c -g -O2  conftest.cc >&5
configure:2458: $? = 0
configure:2462: test -z 
			 || test ! -s conftest.err
configure:2465: $? = 0
configure:2468: test -s conftest.o
configure:2471: $? = 0
configure:2497: g++ -c -g -O2  conftest.cc >&5
conftest.cc: In function 'int main()':
conftest.cc:15: error: 'exit' was not declared in this scope
configure:2503: $? = 1
configure: failed program was:
| /* confdefs.h.  */
| 
| #define PACKAGE_NAME "OpenVRML Mozilla Plugin"
| #define PACKAGE_TARNAME "openvrml-mozilla-plugin"
| #define PACKAGE_VERSION "0.16.2"
| #define PACKAGE_STRING "OpenVRML Mozilla Plugin 0.16.2"
| #define PACKAGE_BUGREPORT "openvrml-develop@lists.sourceforge.net"
| #define PACKAGE "openvrml-mozilla-plugin"
| #define VERSION "0.16.2"
| /* end confdefs.h.  */
| 
| int
| main ()
| {
| exit (42);
|   ;
|   return 0;
| }
configure:2452: g++ -c -g -O2  conftest.cc >&5
conftest.cc:11: error: 'void std::exit(int)' should have been declared inside 'std'
configure:2458: $? = 1
configure: failed program was:
| /* confdefs.h.  */
| 
| #define PACKAGE_NAME "OpenVRML Mozilla Plugin"
| #define PACKAGE_TARNAME "openvrml-mozilla-plugin"
| #define PACKAGE_VERSION "0.16.2"
| #define PACKAGE_STRING "OpenVRML Mozilla Plugin 0.16.2"
| #define PACKAGE_BUGREPORT "openvrml-develop@lists.sourceforge.net"
| #define PACKAGE "openvrml-mozilla-plugin"
| #define VERSION "0.16.2"
| /* end confdefs.h.  */
| extern "C" void std::exit (int) throw (); using std::exit;
| #include <stdlib.h>
| int
| main ()
| {
| exit (42);
|   ;
|   return 0;
| }
configure:2452: g++ -c -g -O2  conftest.cc >&5
conftest.cc:11: error: 'void std::exit(int)' should have been declared inside 'std'
In file included from conftest.cc:12:
/usr/include/stdlib.h:543: error: declaration of 'void std::exit(int) throw ()' throws different exceptions
conftest.cc:11: error: from previous declaration 'void std::exit(int)'
configure:2458: $? = 1
configure: failed program was:
| /* confdefs.h.  */
| 
| #define PACKAGE_NAME "OpenVRML Mozilla Plugin"
| #define PACKAGE_TARNAME "openvrml-mozilla-plugin"
| #define PACKAGE_VERSION "0.16.2"
| #define PACKAGE_STRING "OpenVRML Mozilla Plugin 0.16.2"
| #define PACKAGE_BUGREPORT "openvrml-develop@lists.sourceforge.net"
| #define PACKAGE "openvrml-mozilla-plugin"
| #define VERSION "0.16.2"
| /* end confdefs.h.  */
| extern "C" void std::exit (int); using std::exit;
| #include <stdlib.h>
| int
| main ()
| {
| exit (42);
|   ;
|   return 0;
| }
configure:2452: g++ -c -g -O2  conftest.cc >&5
configure:2458: $? = 0
configure:2462: test -z 
			 || test ! -s conftest.err
configure:2465: $? = 0
configure:2468: test -s conftest.o
configure:2471: $? = 0
configure:2497: g++ -c -g -O2  conftest.cc >&5
configure:2503: $? = 0
configure:2507: test -z 
			 || test ! -s conftest.err
configure:2510: $? = 0
configure:2513: test -s conftest.o
configure:2516: $? = 0
configure:2550: checking for style of include used by make
configure:2578: result: GNU
configure:2606: checking dependency style of g++
configure:2696: result: gcc3
configure:2794: checking build system type
configure:2812: result: i686-pc-linux-gnu
configure:2820: checking host system type
configure:2834: result: i686-pc-linux-gnu
configure:2888: checking for gcc
configure:2904: found /usr/bin/gcc
configure:2914: result: gcc
configure:3158: checking for C compiler version
configure:3161: gcc --version </dev/null >&5
gcc (Debian 4.4.5-8) 4.4.5
Copyright (C) 2010 Free Software Foundation, Inc.
This is free software; see the source for copying conditions.  There is NO
warranty; not even for MERCHANTABILITY or FITNESS FOR A PARTICULAR PURPOSE.

configure:3164: $? = 0
configure:3166: gcc -v </dev/null >&5
Using built-in specs.
Target: i486-linux-gnu
Configured with: ../src/configure -v --with-pkgversion='Debian 4.4.5-8' --with-bugurl=file:///usr/share/doc/gcc-4.4/README.Bugs --enable-languages=c,c++,fortran,objc,obj-c++ --prefix=/usr --program-suffix=-4.4 --enable-shared --enable-multiarch --enable-linker-build-id --with-system-zlib --libexecdir=/usr/lib --without-included-gettext --enable-threads=posix --with-gxx-include-dir=/usr/include/c++/4.4 --libdir=/usr/lib --enable-nls --enable-clocale=gnu --enable-libstdcxx-debug --enable-objc-gc --enable-targets=all --with-arch-32=i586 --with-tune=generic --enable-checking=release --build=i486-linux-gnu --host=i486-linux-gnu --target=i486-linux-gnu
Thread model: posix
gcc version 4.4.5 (Debian 4.4.5-8) 
configure:3169: $? = 0
configure:3171: gcc -V </dev/null >&5
gcc: '-V' option must have argument
configure:3174: $? = 1
configure:3177: checking whether we are using the GNU C compiler
configure:3201: gcc -c   conftest.c >&5
configure:3207: $? = 0
configure:3211: test -z 
			 || test ! -s conftest.err
configure:3214: $? = 0
configure:3217: test -s conftest.o
configure:3220: $? = 0
configure:3233: result: yes
configure:3239: checking whether gcc accepts -g
configure:3260: gcc -c -g  conftest.c >&5
configure:3266: $? = 0
configure:3270: test -z 
			 || test ! -s conftest.err
configure:3273: $? = 0
configure:3276: test -s conftest.o
configure:3279: $? = 0
configure:3290: result: yes
configure:3307: checking for gcc option to accept ANSI C
configure:3377: gcc  -c -g -O2  conftest.c >&5
configure:3383: $? = 0
configure:3387: test -z 
			 || test ! -s conftest.err
configure:3390: $? = 0
configure:3393: test -s conftest.o
configure:3396: $? = 0
configure:3414: result: none needed
configure:3432: gcc -c -g -O2  conftest.c >&5
conftest.c:2: error: expected '=', ',', ';', 'asm' or '__attribute__' before 'me'
configure:3438: $? = 1
configure: failed program was:
| #ifndef __cplusplus
|   choke me
| #endif
configure:3573: checking dependency style of gcc
configure:3663: result: gcc3
configure:3680: checking for a sed that does not truncate output
configure:3736: result: /bin/sed
configure:3739: checking for egrep
configure:3749: result: grep -E
configure:3765: checking for ld used by gcc
configure:3832: result: /usr/bin/ld
configure:3841: checking if the linker (/usr/bin/ld) is GNU ld
configure:3856: result: yes
configure:3861: checking for /usr/bin/ld option to reload object files
configure:3868: result: -r
configure:3886: checking for BSD-compatible nm
configure:3935: result: /usr/bin/nm -B
configure:3939: checking whether ln -s works
configure:3943: result: yes
configure:3950: checking how to recognise dependent libraries
configure:4126: result: pass_all
configure:4363: checking how to run the C preprocessor
configure:4398: gcc -E  conftest.c
configure:4404: $? = 0
configure:4436: gcc -E  conftest.c
conftest.c:14:28: error: ac_nonexistent.h: No such file or directory
configure:4442: $? = 1
configure: failed program was:
| /* confdefs.h.  */
| 
| #define PACKAGE_NAME "OpenVRML Mozilla Plugin"
| #define PACKAGE_TARNAME "openvrml-mozilla-plugin"
| #define PACKAGE_VERSION "0.16.2"
| #define PACKAGE_STRING "OpenVRML Mozilla Plugin 0.16.2"
| #define PACKAGE_BUGREPORT "openvrml-develop@lists.sourceforge.net"
| #define PACKAGE "openvrml-mozilla-plugin"
| #define VERSION "0.16.2"
| #ifdef __cplusplus
| extern "C" void exit (int) throw ();
| #endif
| /* end confdefs.h.  */
| #include <ac_nonexistent.h>
configure:4481: result: gcc -E
configure:4505: gcc -E  conftest.c
configure:4511: $? = 0
configure:4543: gcc -E  conftest.c
conftest.c:14:28: error: ac_nonexistent.h: No such file or directory
configure:4549: $? = 1
configure: failed program was:
| /* confdefs.h.  */
| 
| #define PACKAGE_NAME "OpenVRML Mozilla Plugin"
| #define PACKAGE_TARNAME "openvrml-mozilla-plugin"
| #define PACKAGE_VERSION "0.16.2"
| #define PACKAGE_STRING "OpenVRML Mozilla Plugin 0.16.2"
| #define PACKAGE_BUGREPORT "openvrml-develop@lists.sourceforge.net"
| #define PACKAGE "openvrml-mozilla-plugin"
| #define VERSION "0.16.2"
| #ifdef __cplusplus
| extern "C" void exit (int) throw ();
| #endif
| /* end confdefs.h.  */
| #include <ac_nonexistent.h>
configure:4593: checking for ANSI C header files
configure:4618: gcc -c -g -O2  conftest.c >&5
configure:4624: $? = 0
configure:4628: test -z 
			 || test ! -s conftest.err
configure:4631: $? = 0
configure:4634: test -s conftest.o
configure:4637: $? = 0
configure:4726: gcc -o conftest -g -O2   conftest.c  >&5
conftest.c: In function 'main':
conftest.c:31: warning: incompatible implicit declaration of built-in function 'exit'
configure:4729: $? = 0
configure:4731: ./conftest
configure:4734: $? = 0
configure:4749: result: yes
configure:4773: checking for sys/types.h
configure:4789: gcc -c -g -O2  conftest.c >&5
configure:4795: $? = 0
configure:4799: test -z 
			 || test ! -s conftest.err
configure:4802: $? = 0
configure:4805: test -s conftest.o
configure:4808: $? = 0
configure:4819: result: yes
configure:4773: checking for sys/stat.h
configure:4789: gcc -c -g -O2  conftest.c >&5
configure:4795: $? = 0
configure:4799: test -z 
			 || test ! -s conftest.err
configure:4802: $? = 0
configure:4805: test -s conftest.o
configure:4808: $? = 0
configure:4819: result: yes
configure:4773: checking for stdlib.h
configure:4789: gcc -c -g -O2  conftest.c >&5
configure:4795: $? = 0
configure:4799: test -z 
			 || test ! -s conftest.err
configure:4802: $? = 0
configure:4805: test -s conftest.o
configure:4808: $? = 0
configure:4819: result: yes
configure:4773: checking for string.h
configure:4789: gcc -c -g -O2  conftest.c >&5
configure:4795: $? = 0
configure:4799: test -z 
			 || test ! -s conftest.err
configure:4802: $? = 0
configure:4805: test -s conftest.o
configure:4808: $? = 0
configure:4819: result: yes
configure:4773: checking for memory.h
configure:4789: gcc -c -g -O2  conftest.c >&5
configure:4795: $? = 0
configure:4799: test -z 
			 || test ! -s conftest.err
configure:4802: $? = 0
configure:4805: test -s conftest.o
configure:4808: $? = 0
configure:4819: result: yes
configure:4773: checking for strings.h
configure:4789: gcc -c -g -O2  conftest.c >&5
configure:4795: $? = 0
configure:4799: test -z 
			 || test ! -s conftest.err
configure:4802: $? = 0
configure:4805: test -s conftest.o
configure:4808: $? = 0
configure:4819: result: yes
configure:4773: checking for inttypes.h
configure:4789: gcc -c -g -O2  conftest.c >&5
configure:4795: $? = 0
configure:4799: test -z 
			 || test ! -s conftest.err
configure:4802: $? = 0
configure:4805: test -s conftest.o
configure:4808: $? = 0
configure:4819: result: yes
configure:4773: checking for stdint.h
configure:4789: gcc -c -g -O2  conftest.c >&5
configure:4795: $? = 0
configure:4799: test -z 
			 || test ! -s conftest.err
configure:4802: $? = 0
configure:4805: test -s conftest.o
configure:4808: $? = 0
configure:4819: result: yes
configure:4773: checking for unistd.h
configure:4789: gcc -c -g -O2  conftest.c >&5
configure:4795: $? = 0
configure:4799: test -z 
			 || test ! -s conftest.err
configure:4802: $? = 0
configure:4805: test -s conftest.o
configure:4808: $? = 0
configure:4819: result: yes
configure:4845: checking dlfcn.h usability
configure:4857: gcc -c -g -O2  conftest.c >&5
configure:4863: $? = 0
configure:4867: test -z 
			 || test ! -s conftest.err
configure:4870: $? = 0
configure:4873: test -s conftest.o
configure:4876: $? = 0
configure:4886: result: yes
configure:4890: checking dlfcn.h presence
configure:4900: gcc -E  conftest.c
configure:4906: $? = 0
configure:4926: result: yes
configure:4961: checking for dlfcn.h
configure:4968: result: yes
configure:4991: checking how to run the C++ preprocessor
configure:5022: g++ -E  conftest.cc
configure:5028: $? = 0
configure:5060: g++ -E  conftest.cc
conftest.cc:25:28: error: ac_nonexistent.h: No such file or directory
configure:5066: $? = 1
configure: failed program was:
| /* confdefs.h.  */
| 
| #define PACKAGE_NAME "OpenVRML Mozilla Plugin"
| #define PACKAGE_TARNAME "openvrml-mozilla-plugin"
| #define PACKAGE_VERSION "0.16.2"
| #define PACKAGE_STRING "OpenVRML Mozilla Plugin 0.16.2"
| #define PACKAGE_BUGREPORT "openvrml-develop@lists.sourceforge.net"
| #define PACKAGE "openvrml-mozilla-plugin"
| #define VERSION "0.16.2"
| #ifdef __cplusplus
| extern "C" void exit (int) throw ();
| #endif
| #define STDC_HEADERS 1
| #define HAVE_SYS_TYPES_H 1
| #define HAVE_SYS_STAT_H 1
| #define HAVE_STDLIB_H 1
| #define HAVE_STRING_H 1
| #define HAVE_MEMORY_H 1
| #define HAVE_STRINGS_H 1
| #define HAVE_INTTYPES_H 1
| #define HAVE_STDINT_H 1
| #define HAVE_UNISTD_H 1
| #define HAVE_DLFCN_H 1
| /* end confdefs.h.  */
| #include <ac_nonexistent.h>
configure:5105: result: g++ -E
configure:5129: g++ -E  conftest.cc
configure:5135: $? = 0
configure:5167: g++ -E  conftest.cc
conftest.cc:25:28: error: ac_nonexistent.h: No such file or directory
configure:5173: $? = 1
configure: failed program was:
| /* confdefs.h.  */
| 
| #define PACKAGE_NAME "OpenVRML Mozilla Plugin"
| #define PACKAGE_TARNAME "openvrml-mozilla-plugin"
| #define PACKAGE_VERSION "0.16.2"
| #define PACKAGE_STRING "OpenVRML Mozilla Plugin 0.16.2"
| #define PACKAGE_BUGREPORT "openvrml-develop@lists.sourceforge.net"
| #define PACKAGE "openvrml-mozilla-plugin"
| #define VERSION "0.16.2"
| #ifdef __cplusplus
| extern "C" void exit (int) throw ();
| #endif
| #define STDC_HEADERS 1
| #define HAVE_SYS_TYPES_H 1
| #define HAVE_SYS_STAT_H 1
| #define HAVE_STDLIB_H 1
| #define HAVE_STRING_H 1
| #define HAVE_MEMORY_H 1
| #define HAVE_STRINGS_H 1
| #define HAVE_INTTYPES_H 1
| #define HAVE_STDINT_H 1
| #define HAVE_UNISTD_H 1
| #define HAVE_DLFCN_H 1
| /* end confdefs.h.  */
| #include <ac_nonexistent.h>
configure:5270: checking for g77
configure:5299: result: no
configure:5270: checking for f77
configure:5299: result: no
configure:5270: checking for xlf
configure:5299: result: no
configure:5270: checking for frt
configure:5299: result: no
configure:5270: checking for pgf77
configure:5299: result: no
configure:5270: checking for fort77
configure:5299: result: no
configure:5270: checking for fl32
configure:5299: result: no
configure:5270: checking for af77
configure:5299: result: no
configure:5270: checking for f90
configure:5299: result: no
configure:5270: checking for xlf90
configure:5299: result: no
configure:5270: checking for pgf90
configure:5299: result: no
configure:5270: checking for epcf90
configure:5299: result: no
configure:5270: checking for f95
configure:5299: result: no
configure:5270: checking for fort
configure:5299: result: no
configure:5270: checking for xlf95
configure:5299: result: no
configure:5270: checking for ifc
configure:5299: result: no
configure:5270: checking for efc
configure:5299: result: no
configure:5270: checking for pgf95
configure:5299: result: no
configure:5270: checking for lf95
configure:5299: result: no
configure:5270: checking for gfortran
configure:5299: result: no
configure:5311: checking for Fortran 77 compiler version
configure:5314:  --version </dev/null >&5
./configure: line 5315: --version: command not found
configure:5317: $? = 127
configure:5319:  -v </dev/null >&5
./configure: line 5320: -v: command not found
configure:5322: $? = 127
configure:5324:  -V </dev/null >&5
./configure: line 5325: -V: command not found
configure:5327: $? = 127
configure:5335: checking whether we are using the GNU Fortran 77 compiler
configure:5349:  -c  conftest.F >&5
./configure: line 5350: -c: command not found
configure:5355: $? = 127
configure: failed program was:
|       program main
| #ifndef __GNUC__
|        choke me
| #endif
| 
|       end
configure:5381: result: no
configure:5387: checking whether  accepts -g
configure:5399:  -c -g conftest.f >&5
./configure: line 5400: -c: command not found
configure:5405: $? = 127
configure: failed program was:
|       program main
| 
|       end
configure:5430: result: no
configure:5460: checking the maximum length of command line arguments
configure:5569: result: 32768
configure:5580: checking command to parse /usr/bin/nm -B output from gcc object
configure:5685: gcc -c -g -O2  conftest.c >&5
configure:5688: $? = 0
configure:5692: /usr/bin/nm -B conftest.o \| sed -n -e 's/^.*[ 	]\([ABCDGIRSTW][ABCDGIRSTW]*\)[ 	][ 	]*\([_A-Za-z][_A-Za-z0-9]*\)$/\1 \2 \2/p' \> conftest.nm
configure:5695: $? = 0
configure:5747: gcc -o conftest -g -O2   conftest.c conftstm.o >&5
configure:5750: $? = 0
configure:5788: result: ok
configure:5792: checking for objdir
configure:5807: result: .libs
configure:5897: checking for ar
configure:5913: found /usr/bin/ar
configure:5924: result: ar
configure:5977: checking for ranlib
configure:5993: found /usr/bin/ranlib
configure:6004: result: ranlib
configure:6057: checking for strip
configure:6073: found /usr/bin/strip
configure:6084: result: strip
configure:6356: checking if gcc supports -fno-rtti -fno-exceptions
configure:6374: gcc -c -g -O2  -fno-rtti -fno-exceptions conftest.c >&5
cc1: warning: command line option "-fno-rtti" is valid for C++/ObjC++ but not for C
configure:6378: $? = 0
configure:6391: result: no
configure:6406: checking for gcc option to produce PIC
configure:6616: result: -fPIC
configure:6624: checking if gcc PIC flag -fPIC works
configure:6642: gcc -c -g -O2  -fPIC -DPIC conftest.c >&5
configure:6646: $? = 0
configure:6659: result: yes
configure:6687: checking if gcc static flag -static works
configure:6715: result: yes
configure:6725: checking if gcc supports -c -o file.o
configure:6746: gcc -c -g -O2  -o out/conftest2.o conftest.c >&5
configure:6750: $? = 0
configure:6772: result: yes
configure:6798: checking whether the gcc linker (/usr/bin/ld) supports shared libraries
configure:7756: result: yes
configure:7777: checking whether -lc should be explicitly linked in
configure:7782: gcc -c -g -O2  conftest.c >&5
configure:7785: $? = 0
configure:7800: gcc -shared conftest.o  -v -Wl,-soname -Wl,conftest -o conftest 2\>\&1 \| grep  -lc  \>/dev/null 2\>\&1
configure:7803: $? = 0
configure:7815: result: no
configure:7823: checking dynamic linker characteristics
configure:8432: result: GNU/Linux ld.so
configure:8441: checking how to hardcode library paths into programs
configure:8466: result: immediate
configure:8480: checking whether stripping libraries is possible
configure:8485: result: yes
configure:9319: checking if libtool supports shared libraries
configure:9321: result: yes
configure:9324: checking whether to build shared libraries
configure:9345: result: yes
configure:9348: checking whether to build static libraries
configure:9352: result: no
configure:9444: creating libtool
configure:10035: checking for ld used by g++
configure:10102: result: /usr/bin/ld
configure:10111: checking if the linker (/usr/bin/ld) is GNU ld
configure:10126: result: yes
configure:10177: checking whether the g++ linker (/usr/bin/ld) supports shared libraries
configure:11115: result: yes
configure:11133: g++ -c -g -O2  conftest.cpp >&5
configure:11136: $? = 0
configure:11255: checking for g++ option to produce PIC
configure:11529: result: -fPIC
configure:11537: checking if g++ PIC flag -fPIC works
configure:11555: g++ -c -g -O2  -fPIC -DPIC conftest.cpp >&5
configure:11559: $? = 0
configure:11572: result: yes
configure:11600: checking if g++ static flag -static works
configure:11628: result: yes
configure:11638: checking if g++ supports -c -o file.o
configure:11659: g++ -c -g -O2  -o out/conftest2.o conftest.cpp >&5
configure:11663: $? = 0
configure:11685: result: yes
configure:11711: checking whether the g++ linker (/usr/bin/ld) supports shared libraries
configure:11736: result: yes
configure:11803: checking dynamic linker characteristics
configure:12412: result: GNU/Linux ld.so
configure:12421: checking how to hardcode library paths into programs
configure:12446: result: immediate
configure:18843: checking for the pthreads library -lpthreads
configure:18881: gcc -o conftest -g -O2    conftest.c -lpthreads  >&5
/usr/bin/ld: cannot find -lpthreads
collect2: ld returned 1 exit status
configure:18887: $? = 1
configure: failed program was:
| /* confdefs.h.  */
| 
| #define PACKAGE_NAME "OpenVRML Mozilla Plugin"
| #define PACKAGE_TARNAME "openvrml-mozilla-plugin"
| #define PACKAGE_VERSION "0.16.2"
| #define PACKAGE_STRING "OpenVRML Mozilla Plugin 0.16.2"
| #define PACKAGE_BUGREPORT "openvrml-develop@lists.sourceforge.net"
| #define PACKAGE "openvrml-mozilla-plugin"
| #define VERSION "0.16.2"
| #ifdef __cplusplus
| extern "C" void exit (int) throw ();
| #endif
| #define STDC_HEADERS 1
| #define HAVE_SYS_TYPES_H 1
| #define HAVE_SYS_STAT_H 1
| #define HAVE_STDLIB_H 1
| #define HAVE_STRING_H 1
| #define HAVE_MEMORY_H 1
| #define HAVE_STRINGS_H 1
| #define HAVE_INTTYPES_H 1
| #define HAVE_STDINT_H 1
| #define HAVE_UNISTD_H 1
| #define HAVE_DLFCN_H 1
| /* end confdefs.h.  */
| #include <pthread.h>
| int
| main ()
| {
| pthread_t th; pthread_join(th, 0);
|                      pthread_attr_init(0); pthread_cleanup_push(0, 0);
|                      pthread_create(0,0,0,0); pthread_cleanup_pop(0);
|   ;
|   return 0;
| }
configure:18914: result: no
configure:18790: checking whether pthreads work without any flags
configure:18881: gcc -o conftest -g -O2    conftest.c   >&5
/tmp/ccaHgpxD.o: In function `main':
/home/caiosba/UFBA/Mestrado/Dissertação/openvrml-0.16.2/mozilla-plugin/conftest.c:29: undefined reference to `pthread_join'
/home/caiosba/UFBA/Mestrado/Dissertação/openvrml-0.16.2/mozilla-plugin/conftest.c:30: undefined reference to `__pthread_register_cancel'
/home/caiosba/UFBA/Mestrado/Dissertação/openvrml-0.16.2/mozilla-plugin/conftest.c:31: undefined reference to `pthread_create'
/home/caiosba/UFBA/Mestrado/Dissertação/openvrml-0.16.2/mozilla-plugin/conftest.c:31: undefined reference to `__pthread_unregister_cancel'
collect2: ld returned 1 exit status
configure:18887: $? = 1
configure: failed program was:
| /* confdefs.h.  */
| 
| #define PACKAGE_NAME "OpenVRML Mozilla Plugin"
| #define PACKAGE_TARNAME "openvrml-mozilla-plugin"
| #define PACKAGE_VERSION "0.16.2"
| #define PACKAGE_STRING "OpenVRML Mozilla Plugin 0.16.2"
| #define PACKAGE_BUGREPORT "openvrml-develop@lists.sourceforge.net"
| #define PACKAGE "openvrml-mozilla-plugin"
| #define VERSION "0.16.2"
| #ifdef __cplusplus
| extern "C" void exit (int) throw ();
| #endif
| #define STDC_HEADERS 1
| #define HAVE_SYS_TYPES_H 1
| #define HAVE_SYS_STAT_H 1
| #define HAVE_STDLIB_H 1
| #define HAVE_STRING_H 1
| #define HAVE_MEMORY_H 1
| #define HAVE_STRINGS_H 1
| #define HAVE_INTTYPES_H 1
| #define HAVE_STDINT_H 1
| #define HAVE_UNISTD_H 1
| #define HAVE_DLFCN_H 1
| /* end confdefs.h.  */
| #include <pthread.h>
| int
| main ()
| {
| pthread_t th; pthread_join(th, 0);
|                      pthread_attr_init(0); pthread_cleanup_push(0, 0);
|                      pthread_create(0,0,0,0); pthread_cleanup_pop(0);
|   ;
|   return 0;
| }
configure:18914: result: no
configure:18795: checking whether pthreads work with -Kthread
configure:18881: gcc -o conftest -g -O2 -Kthread   conftest.c   >&5
gcc: unrecognized option '-Kthread'
/tmp/ccOGKZvj.o: In function `main':
/home/caiosba/UFBA/Mestrado/Dissertação/openvrml-0.16.2/mozilla-plugin/conftest.c:29: undefined reference to `pthread_join'
/home/caiosba/UFBA/Mestrado/Dissertação/openvrml-0.16.2/mozilla-plugin/conftest.c:30: undefined reference to `__pthread_register_cancel'
/home/caiosba/UFBA/Mestrado/Dissertação/openvrml-0.16.2/mozilla-plugin/conftest.c:31: undefined reference to `pthread_create'
/home/caiosba/UFBA/Mestrado/Dissertação/openvrml-0.16.2/mozilla-plugin/conftest.c:31: undefined reference to `__pthread_unregister_cancel'
collect2: ld returned 1 exit status
configure:18887: $? = 1
configure: failed program was:
| /* confdefs.h.  */
| 
| #define PACKAGE_NAME "OpenVRML Mozilla Plugin"
| #define PACKAGE_TARNAME "openvrml-mozilla-plugin"
| #define PACKAGE_VERSION "0.16.2"
| #define PACKAGE_STRING "OpenVRML Mozilla Plugin 0.16.2"
| #define PACKAGE_BUGREPORT "openvrml-develop@lists.sourceforge.net"
| #define PACKAGE "openvrml-mozilla-plugin"
| #define VERSION "0.16.2"
| #ifdef __cplusplus
| extern "C" void exit (int) throw ();
| #endif
| #define STDC_HEADERS 1
| #define HAVE_SYS_TYPES_H 1
| #define HAVE_SYS_STAT_H 1
| #define HAVE_STDLIB_H 1
| #define HAVE_STRING_H 1
| #define HAVE_MEMORY_H 1
| #define HAVE_STRINGS_H 1
| #define HAVE_INTTYPES_H 1
| #define HAVE_STDINT_H 1
| #define HAVE_UNISTD_H 1
| #define HAVE_DLFCN_H 1
| /* end confdefs.h.  */
| #include <pthread.h>
| int
| main ()
| {
| pthread_t th; pthread_join(th, 0);
|                      pthread_attr_init(0); pthread_cleanup_push(0, 0);
|                      pthread_create(0,0,0,0); pthread_cleanup_pop(0);
|   ;
|   return 0;
| }
configure:18914: result: no
configure:18795: checking whether pthreads work with -kthread
configure:18881: gcc -o conftest -g -O2 -kthread   conftest.c   >&5
gcc: unrecognized option '-kthread'
/tmp/ccQVSbAE.o: In function `main':
/home/caiosba/UFBA/Mestrado/Dissertação/openvrml-0.16.2/mozilla-plugin/conftest.c:29: undefined reference to `pthread_join'
/home/caiosba/UFBA/Mestrado/Dissertação/openvrml-0.16.2/mozilla-plugin/conftest.c:30: undefined reference to `__pthread_register_cancel'
/home/caiosba/UFBA/Mestrado/Dissertação/openvrml-0.16.2/mozilla-plugin/conftest.c:31: undefined reference to `pthread_create'
/home/caiosba/UFBA/Mestrado/Dissertação/openvrml-0.16.2/mozilla-plugin/conftest.c:31: undefined reference to `__pthread_unregister_cancel'
collect2: ld returned 1 exit status
configure:18887: $? = 1
configure: failed program was:
| /* confdefs.h.  */
| 
| #define PACKAGE_NAME "OpenVRML Mozilla Plugin"
| #define PACKAGE_TARNAME "openvrml-mozilla-plugin"
| #define PACKAGE_VERSION "0.16.2"
| #define PACKAGE_STRING "OpenVRML Mozilla Plugin 0.16.2"
| #define PACKAGE_BUGREPORT "openvrml-develop@lists.sourceforge.net"
| #define PACKAGE "openvrml-mozilla-plugin"
| #define VERSION "0.16.2"
| #ifdef __cplusplus
| extern "C" void exit (int) throw ();
| #endif
| #define STDC_HEADERS 1
| #define HAVE_SYS_TYPES_H 1
| #define HAVE_SYS_STAT_H 1
| #define HAVE_STDLIB_H 1
| #define HAVE_STRING_H 1
| #define HAVE_MEMORY_H 1
| #define HAVE_STRINGS_H 1
| #define HAVE_INTTYPES_H 1
| #define HAVE_STDINT_H 1
| #define HAVE_UNISTD_H 1
| #define HAVE_DLFCN_H 1
| /* end confdefs.h.  */
| #include <pthread.h>
| int
| main ()
| {
| pthread_t th; pthread_join(th, 0);
|                      pthread_attr_init(0); pthread_cleanup_push(0, 0);
|                      pthread_create(0,0,0,0); pthread_cleanup_pop(0);
|   ;
|   return 0;
| }
configure:18914: result: no
configure:18843: checking for the pthreads library -llthread
configure:18881: gcc -o conftest -g -O2    conftest.c -llthread  >&5
/usr/bin/ld: cannot find -llthread
collect2: ld returned 1 exit status
configure:18887: $? = 1
configure: failed program was:
| /* confdefs.h.  */
| 
| #define PACKAGE_NAME "OpenVRML Mozilla Plugin"
| #define PACKAGE_TARNAME "openvrml-mozilla-plugin"
| #define PACKAGE_VERSION "0.16.2"
| #define PACKAGE_STRING "OpenVRML Mozilla Plugin 0.16.2"
| #define PACKAGE_BUGREPORT "openvrml-develop@lists.sourceforge.net"
| #define PACKAGE "openvrml-mozilla-plugin"
| #define VERSION "0.16.2"
| #ifdef __cplusplus
| extern "C" void exit (int) throw ();
| #endif
| #define STDC_HEADERS 1
| #define HAVE_SYS_TYPES_H 1
| #define HAVE_SYS_STAT_H 1
| #define HAVE_STDLIB_H 1
| #define HAVE_STRING_H 1
| #define HAVE_MEMORY_H 1
| #define HAVE_STRINGS_H 1
| #define HAVE_INTTYPES_H 1
| #define HAVE_STDINT_H 1
| #define HAVE_UNISTD_H 1
| #define HAVE_DLFCN_H 1
| /* end confdefs.h.  */
| #include <pthread.h>
| int
| main ()
| {
| pthread_t th; pthread_join(th, 0);
|                      pthread_attr_init(0); pthread_cleanup_push(0, 0);
|                      pthread_create(0,0,0,0); pthread_cleanup_pop(0);
|   ;
|   return 0;
| }
configure:18914: result: no
configure:18795: checking whether pthreads work with -pthread
configure:18881: gcc -o conftest -g -O2 -pthread   conftest.c   >&5
configure:18887: $? = 0
configure:18891: test -z 
			 || test ! -s conftest.err
configure:18894: $? = 0
configure:18897: test -s conftest
configure:18900: $? = 0
configure:18914: result: yes
configure:18933: checking for joinable pthread attribute
configure:18953: gcc -o conftest -g -O2 -pthread   conftest.c   >&5
configure:18959: $? = 0
configure:18963: test -z 
			 || test ! -s conftest.err
configure:18966: $? = 0
configure:18969: test -s conftest
configure:18972: $? = 0
configure:18983: result: PTHREAD_CREATE_JOINABLE
configure:18993: checking if more special flags are required for pthreads
configure:19000: result: no
configure:19012: checking for cc_r
configure:19039: result: gcc
configure:19126: checking for pkg-config
configure:19144: found /usr/bin/pkg-config
configure:19156: result: /usr/bin/pkg-config
configure:19171: checking pkg-config is at least version 0.9.0
configure:19174: result: yes
configure:19185: checking for MOZILLA_PLUGIN
configure:19193: $PKG_CONFIG --exists --print-errors "firefox-plugin"
Package firefox-plugin was not found in the pkg-config search path.
Perhaps you should add the directory containing `firefox-plugin.pc'
to the PKG_CONFIG_PATH environment variable
No package 'firefox-plugin' found
configure:19196: $? = 1
configure:19211: $PKG_CONFIG --exists --print-errors "firefox-plugin"
Package firefox-plugin was not found in the pkg-config search path.
Perhaps you should add the directory containing `firefox-plugin.pc'
to the PKG_CONFIG_PATH environment variable
No package 'firefox-plugin' found
configure:19214: $? = 1
No package 'firefox-plugin' found
configure:19242: result: no
configure:19246: checking for MOZILLA_PLUGIN
configure:19254: $PKG_CONFIG --exists --print-errors "mozilla-plugin >= 1.6"
Package mozilla-plugin was not found in the pkg-config search path.
Perhaps you should add the directory containing `mozilla-plugin.pc'
to the PKG_CONFIG_PATH environment variable
No package 'mozilla-plugin' found
configure:19257: $? = 1
configure:19272: $PKG_CONFIG --exists --print-errors "mozilla-plugin >= 1.6"
Package mozilla-plugin was not found in the pkg-config search path.
Perhaps you should add the directory containing `mozilla-plugin.pc'
to the PKG_CONFIG_PATH environment variable
No package 'mozilla-plugin' found
configure:19275: $? = 1
No package 'mozilla-plugin' found
configure:19303: result: no
configure:19400: checking for GTK
configure:19408: $PKG_CONFIG --exists --print-errors "gtk+-2.0"
configure:19411: $? = 0
configure:19426: $PKG_CONFIG --exists --print-errors "gtk+-2.0"
configure:19429: $? = 0
configure:19465: result: yes
configure:19651: creating ./config.status

## ---------------------- ##
## Running config.status. ##
## ---------------------- ##

This file was extended by OpenVRML Mozilla Plugin config.status 0.16.2, which was
generated by GNU Autoconf 2.59.  Invocation command line was

  CONFIG_FILES    = 
  CONFIG_HEADERS  = 
  CONFIG_LINKS    = 
  CONFIG_COMMANDS = 
  $ ./config.status 

on debian

config.status:721: creating Makefile
config.status:721: creating src/Makefile
config.status:904: executing depfiles commands

## ---------------- ##
## Cache variables. ##
## ---------------- ##

ac_cv_build=i686-pc-linux-gnu
ac_cv_build_alias=i686-pc-linux-gnu
ac_cv_c_compiler_gnu=yes
ac_cv_cxx_compiler_gnu=yes
ac_cv_env_CC_set=
ac_cv_env_CC_value=
ac_cv_env_CFLAGS_set=
ac_cv_env_CFLAGS_value=
ac_cv_env_CPPFLAGS_set=
ac_cv_env_CPPFLAGS_value=
ac_cv_env_CPP_set=
ac_cv_env_CPP_value=
ac_cv_env_CXXCPP_set=
ac_cv_env_CXXCPP_value=
ac_cv_env_CXXFLAGS_set=
ac_cv_env_CXXFLAGS_value=
ac_cv_env_CXX_set=
ac_cv_env_CXX_value=
ac_cv_env_F77_set=
ac_cv_env_F77_value=
ac_cv_env_FFLAGS_set=
ac_cv_env_FFLAGS_value=
ac_cv_env_GTK_CFLAGS_set=
ac_cv_env_GTK_CFLAGS_value=
ac_cv_env_GTK_LIBS_set=
ac_cv_env_GTK_LIBS_value=
ac_cv_env_LDFLAGS_set=
ac_cv_env_LDFLAGS_value=
ac_cv_env_MOZILLA_PLUGIN_CFLAGS_set=
ac_cv_env_MOZILLA_PLUGIN_CFLAGS_value=
ac_cv_env_MOZILLA_PLUGIN_LIBS_set=
ac_cv_env_MOZILLA_PLUGIN_LIBS_value=
ac_cv_env_PKG_CONFIG_set=
ac_cv_env_PKG_CONFIG_value=
ac_cv_env_build_alias_set=
ac_cv_env_build_alias_value=
ac_cv_env_host_alias_set=
ac_cv_env_host_alias_value=
ac_cv_env_target_alias_set=
ac_cv_env_target_alias_value=
ac_cv_exeext=
ac_cv_f77_compiler_gnu=no
ac_cv_header_dlfcn_h=yes
ac_cv_header_inttypes_h=yes
ac_cv_header_memory_h=yes
ac_cv_header_stdc=yes
ac_cv_header_stdint_h=yes
ac_cv_header_stdlib_h=yes
ac_cv_header_string_h=yes
ac_cv_header_strings_h=yes
ac_cv_header_sys_stat_h=yes
ac_cv_header_sys_types_h=yes
ac_cv_header_unistd_h=yes
ac_cv_host=i686-pc-linux-gnu
ac_cv_host_alias=i686-pc-linux-gnu
ac_cv_objext=o
ac_cv_path_ac_pt_PKG_CONFIG=/usr/bin/pkg-config
ac_cv_path_install='/usr/bin/install -c'
ac_cv_prog_AWK=mawk
ac_cv_prog_CPP='gcc -E'
ac_cv_prog_CXXCPP='g++ -E'
ac_cv_prog_PTHREAD_CC=gcc
ac_cv_prog_ac_ct_AR=ar
ac_cv_prog_ac_ct_CC=gcc
ac_cv_prog_ac_ct_CXX=g++
ac_cv_prog_ac_ct_RANLIB=ranlib
ac_cv_prog_ac_ct_STRIP=strip
ac_cv_prog_cc_g=yes
ac_cv_prog_cc_stdc=
ac_cv_prog_cxx_g=yes
ac_cv_prog_egrep='grep -E'
ac_cv_prog_f77_g=no
ac_cv_prog_make_make_set=yes
am_cv_CC_dependencies_compiler_type=gcc3
am_cv_CXX_dependencies_compiler_type=gcc3
lt_cv_deplibs_check_method=pass_all
lt_cv_file_magic_cmd='$MAGIC_CMD'
lt_cv_file_magic_test_file=
lt_cv_ld_reload_flag=-r
lt_cv_objdir=.libs
lt_cv_path_LD=/usr/bin/ld
lt_cv_path_LDCXX=/usr/bin/ld
lt_cv_path_NM='/usr/bin/nm -B'
lt_cv_path_SED=/bin/sed
lt_cv_prog_compiler_c_o=yes
lt_cv_prog_compiler_c_o_CXX=yes
lt_cv_prog_compiler_rtti_exceptions=no
lt_cv_prog_gnu_ld=yes
lt_cv_prog_gnu_ldcxx=yes
lt_cv_sys_global_symbol_pipe='sed -n -e '\''s/^.*[ 	]\([ABCDGIRSTW][ABCDGIRSTW]*\)[ 	][ 	]*\([_A-Za-z][_A-Za-z0-9]*\)$/\1 \2 \2/p'\'''
lt_cv_sys_global_symbol_to_c_name_address='sed -n -e '\''s/^: \([^ ]*\) $/  {\"\1\", (lt_ptr) 0},/p'\'' -e '\''s/^[BCDEGRST] \([^ ]*\) \([^ ]*\)$/  {"\2", (lt_ptr) \&\2},/p'\'''
lt_cv_sys_global_symbol_to_cdecl='sed -n -e '\''s/^. .* \(.*\)$/extern int \1;/p'\'''
lt_cv_sys_max_cmd_len=32768
lt_lt_cv_prog_compiler_c_o='"yes"'
lt_lt_cv_prog_compiler_c_o_CXX='"yes"'
lt_lt_cv_sys_global_symbol_pipe='"sed -n -e '\''s/^.*[ 	]\\([ABCDGIRSTW][ABCDGIRSTW]*\\)[ 	][ 	]*\\([_A-Za-z][_A-Za-z0-9]*\\)\$/\\1 \\2 \\2/p'\''"'
lt_lt_cv_sys_global_symbol_to_c_name_address='"sed -n -e '\''s/^: \\([^ ]*\\) \$/  {\\\"\\1\\\", (lt_ptr) 0},/p'\'' -e '\''s/^[BCDEGRST] \\([^ ]*\\) \\([^ ]*\\)\$/  {\"\\2\", (lt_ptr) \\&\\2},/p'\''"'
lt_lt_cv_sys_global_symbol_to_cdecl='"sed -n -e '\''s/^. .* \\(.*\\)\$/extern int \\1;/p'\''"'
pkg_cv_GTK_CFLAGS='-pthread -I/usr/include/gtk-2.0 -I/usr/lib/gtk-2.0/include -I/usr/include/atk-1.0 -I/usr/include/cairo -I/usr/include/pango-1.0 -I/usr/include/gio-unix-2.0/ -I/usr/include/glib-2.0 -I/usr/lib/glib-2.0/include -I/usr/include/pixman-1 -I/usr/include/freetype2 -I/usr/include/libpng12  '
pkg_cv_GTK_LIBS='-pthread -lgtk-x11-2.0 -lgdk-x11-2.0 -latk-1.0 -lpangoft2-1.0 -lgdk_pixbuf-2.0 -lm -lpangocairo-1.0 -lcairo -lgio-2.0 -lpango-1.0 -lfreetype -lfontconfig -lgobject-2.0 -lgmodule-2.0 -lgthread-2.0 -lrt -lglib-2.0  '

## ----------------- ##
## Output variables. ##
## ----------------- ##

ACLOCAL='${SHELL} /home/caiosba/UFBA/Mestrado/Dissertação/openvrml-0.16.2/mozilla-plugin/missing --run aclocal-1.9'
AMDEPBACKSLASH='\'
AMDEP_FALSE='#'
AMDEP_TRUE=''
AMTAR='${SHELL} /home/caiosba/UFBA/Mestrado/Dissertação/openvrml-0.16.2/mozilla-plugin/missing --run tar'
AR='ar'
AUTOCONF='${SHELL} /home/caiosba/UFBA/Mestrado/Dissertação/openvrml-0.16.2/mozilla-plugin/missing --run autoconf'
AUTOHEADER='${SHELL} /home/caiosba/UFBA/Mestrado/Dissertação/openvrml-0.16.2/mozilla-plugin/missing --run autoheader'
AUTOMAKE='${SHELL} /home/caiosba/UFBA/Mestrado/Dissertação/openvrml-0.16.2/mozilla-plugin/missing --run automake-1.9'
AWK='mawk'
CC='gcc'
CCDEPMODE='depmode=gcc3'
CFLAGS='-g -O2'
CPP='gcc -E'
CPPFLAGS=''
CXX='g++'
CXXCPP='g++ -E'
CXXDEPMODE='depmode=gcc3'
CXXFLAGS='-g -O2'
CYGPATH_W='echo'
DEFS='-DPACKAGE_NAME=\"OpenVRML\ Mozilla\ Plugin\" -DPACKAGE_TARNAME=\"openvrml-mozilla-plugin\" -DPACKAGE_VERSION=\"0.16.2\" -DPACKAGE_STRING=\"OpenVRML\ Mozilla\ Plugin\ 0.16.2\" -DPACKAGE_BUGREPORT=\"openvrml-develop@lists.sourceforge.net\" -DPACKAGE=\"openvrml-mozilla-plugin\" -DVERSION=\"0.16.2\" -DSTDC_HEADERS=1 -DHAVE_SYS_TYPES_H=1 -DHAVE_SYS_STAT_H=1 -DHAVE_STDLIB_H=1 -DHAVE_STRING_H=1 -DHAVE_MEMORY_H=1 -DHAVE_STRINGS_H=1 -DHAVE_INTTYPES_H=1 -DHAVE_STDINT_H=1 -DHAVE_UNISTD_H=1 -DHAVE_DLFCN_H=1 -DHAVE_PTHREAD=1 '
DEPDIR='.deps'
ECHO='echo'
ECHO_C=''
ECHO_N='-n'
ECHO_T=''
EGREP='grep -E'
ENABLE_MOZILLA_PLUGIN_FALSE=''
ENABLE_MOZILLA_PLUGIN_TRUE='#'
EXEEXT=''
F77=''
FFLAGS=''
GTK_CFLAGS='-pthread -I/usr/include/gtk-2.0 -I/usr/lib/gtk-2.0/include -I/usr/include/atk-1.0 -I/usr/include/cairo -I/usr/include/pango-1.0 -I/usr/include/gio-unix-2.0/ -I/usr/include/glib-2.0 -I/usr/lib/glib-2.0/include -I/usr/include/pixman-1 -I/usr/include/freetype2 -I/usr/include/libpng12  '
GTK_LIBS='-pthread -lgtk-x11-2.0 -lgdk-x11-2.0 -latk-1.0 -lpangoft2-1.0 -lgdk_pixbuf-2.0 -lm -lpangocairo-1.0 -lcairo -lgio-2.0 -lpango-1.0 -lfreetype -lfontconfig -lgobject-2.0 -lgmodule-2.0 -lgthread-2.0 -lrt -lglib-2.0  '
INSTALL_DATA='${INSTALL} -m 644'
INSTALL_PROGRAM='${INSTALL}'
INSTALL_SCRIPT='${INSTALL}'
INSTALL_STRIP_PROGRAM='${SHELL} $(install_sh) -c -s'
LDFLAGS=''
LIBOBJS=''
LIBS=''
LIBTOOL='$(SHELL) $(top_builddir)/libtool'
LN_S='ln -s'
LTLIBOBJS=''
MAKEINFO='${SHELL} /home/caiosba/UFBA/Mestrado/Dissertação/openvrml-0.16.2/mozilla-plugin/missing --run makeinfo'
MOZILLA_PLUGIN_CFLAGS=''
MOZILLA_PLUGIN_LIBS=''
OBJEXT='o'
PACKAGE='openvrml-mozilla-plugin'
PACKAGE_BUGREPORT='openvrml-develop@lists.sourceforge.net'
PACKAGE_NAME='OpenVRML Mozilla Plugin'
PACKAGE_STRING='OpenVRML Mozilla Plugin 0.16.2'
PACKAGE_TARNAME='openvrml-mozilla-plugin'
PACKAGE_VERSION='0.16.2'
PATH_SEPARATOR=':'
PKG_CONFIG='/usr/bin/pkg-config'
PTHREAD_CC='gcc'
PTHREAD_CFLAGS='-pthread'
PTHREAD_LIBS=''
RANLIB='ranlib'
SED='/bin/sed'
SET_MAKE=''
SHELL='/bin/bash'
STRIP='strip'
VERSION='0.16.2'
ac_ct_AR='ar'
ac_ct_CC='gcc'
ac_ct_CXX='g++'
ac_ct_F77=''
ac_ct_RANLIB='ranlib'
ac_ct_STRIP='strip'
ac_pt_PKG_CONFIG='/usr/bin/pkg-config'
acx_pthread_config=''
am__fastdepCC_FALSE='#'
am__fastdepCC_TRUE=''
am__fastdepCXX_FALSE='#'
am__fastdepCXX_TRUE=''
am__include='include'
am__leading_dot='.'
am__quote=''
am__tar='${AMTAR} chof - "$$tardir"'
am__untar='${AMTAR} xf -'
bindir='${exec_prefix}/bin'
build='i686-pc-linux-gnu'
build_alias=''
build_cpu='i686'
build_os='linux-gnu'
build_vendor='pc'
datadir='${prefix}/share'
exec_prefix='${prefix}'
host='i686-pc-linux-gnu'
host_alias=''
host_cpu='i686'
host_os='linux-gnu'
host_vendor='pc'
includedir='${prefix}/include'
infodir='${prefix}/info'
install_sh='/home/caiosba/UFBA/Mestrado/Dissertação/openvrml-0.16.2/mozilla-plugin/install-sh'
libdir='${exec_prefix}/lib'
libexecdir='${exec_prefix}/libexec'
localstatedir='${prefix}/var'
mandir='${prefix}/man'
mkdir_p='mkdir -p --'
mozlibdir=''
oldincludedir='/usr/include'
prefix='/usr/local'
program_transform_name='s,x,x,'
sbindir='${exec_prefix}/sbin'
sharedstatedir='${prefix}/com'
sysconfdir='${prefix}/etc'
target_alias=''

## ----------- ##
## confdefs.h. ##
## ----------- ##

#define HAVE_DLFCN_H 1
#define HAVE_INTTYPES_H 1
#define HAVE_MEMORY_H 1
#define HAVE_PTHREAD 1
#define HAVE_STDINT_H 1
#define HAVE_STDLIB_H 1
#define HAVE_STRINGS_H 1
#define HAVE_STRING_H 1
#define HAVE_SYS_STAT_H 1
#define HAVE_SYS_TYPES_H 1
#define HAVE_UNISTD_H 1
#define PACKAGE "openvrml-mozilla-plugin"
#define PACKAGE_BUGREPORT "openvrml-develop@lists.sourceforge.net"
#define PACKAGE_NAME "OpenVRML Mozilla Plugin"
#define PACKAGE_STRING "OpenVRML Mozilla Plugin 0.16.2"
#define PACKAGE_TARNAME "openvrml-mozilla-plugin"
#define PACKAGE_VERSION "0.16.2"
#define STDC_HEADERS 1
#define VERSION "0.16.2"
#endif
#ifdef __cplusplus
extern "C" void exit (int) throw ();

configure: exit 0
