This file contains any messages produced by compilers while
running configure, to aid debugging if configure makes a mistake.

It was created by OpenVRML configure 0.16.2, which was
generated by GNU Autoconf 2.59.  Invocation command line was

  $ ./configure --disable-mozilla-plugin

## --------- ##
## Platform. ##
## --------- ##

hostname = debian
uname -m = i686
uname -r = 2.6.32-5-686
uname -s = Linux
uname -v = #1 SMP Sun Sep 23 09:49:36 UTC 2012

/usr/bin/uname -p = unknown
/bin/uname -X     = unknown

/bin/arch              = unknown
/usr/bin/arch -k       = unknown
/usr/convex/getsysinfo = unknown
hostinfo               = unknown
/bin/machine           = unknown
/usr/bin/oslevel       = unknown
/bin/universe          = unknown

PATH: /usr/local/bin
PATH: /usr/bin
PATH: /bin
PATH: /usr/games
PATH: /var/lib/gems/1.8/bin


## ----------- ##
## Core tests. ##
## ----------- ##

configure:1663: checking build system type
configure:1681: result: i686-pc-linux-gnu
configure:1689: checking host system type
configure:1703: result: i686-pc-linux-gnu
configure:1711: checking target system type
configure:1725: result: i686-pc-linux-gnu
configure:1753: checking for a BSD-compatible install
configure:1808: result: /usr/bin/install -c
configure:1819: checking whether build environment is sane
configure:1862: result: yes
configure:1927: checking for gawk
configure:1956: result: no
configure:1927: checking for mawk
configure:1943: found /usr/bin/mawk
configure:1953: result: mawk
configure:1963: checking whether make sets $(MAKE)
configure:1983: result: yes
configure:2146: checking how to create a pax tar archive
configure:2159: tar --version
tar (GNU tar) 1.23
Copyright (C) 2010 Free Software Foundation, Inc.
License GPLv3+: GNU GPL version 3 or later <http://gnu.org/licenses/gpl.html>.
This is free software: you are free to change and redistribute it.
There is NO WARRANTY, to the extent permitted by law.

Written by John Gilmore and Jay Fenlason.
configure:2162: $? = 0
configure:2202: tardir=conftest.dir && eval tar --format=posix -chf - "$tardir" >conftest.tar
configure:2205: $? = 0
configure:2209: tar -xf - <conftest.tar
configure:2212: $? = 0
configure:2225: result: gnutar
configure:2331: checking for style of include used by make
configure:2359: result: GNU
configure:2430: checking for gcc
configure:2446: found /usr/bin/gcc
configure:2456: result: gcc
configure:2700: checking for C compiler version
configure:2703: gcc --version </dev/null >&5
gcc (Debian 4.4.5-8) 4.4.5
Copyright (C) 2010 Free Software Foundation, Inc.
This is free software; see the source for copying conditions.  There is NO
warranty; not even for MERCHANTABILITY or FITNESS FOR A PARTICULAR PURPOSE.

configure:2706: $? = 0
configure:2708: gcc -v </dev/null >&5
Using built-in specs.
Target: i486-linux-gnu
Configured with: ../src/configure -v --with-pkgversion='Debian 4.4.5-8' --with-bugurl=file:///usr/share/doc/gcc-4.4/README.Bugs --enable-languages=c,c++,fortran,objc,obj-c++ --prefix=/usr --program-suffix=-4.4 --enable-shared --enable-multiarch --enable-linker-build-id --with-system-zlib --libexecdir=/usr/lib --without-included-gettext --enable-threads=posix --with-gxx-include-dir=/usr/include/c++/4.4 --libdir=/usr/lib --enable-nls --enable-clocale=gnu --enable-libstdcxx-debug --enable-objc-gc --enable-targets=all --with-arch-32=i586 --with-tune=generic --enable-checking=release --build=i486-linux-gnu --host=i486-linux-gnu --target=i486-linux-gnu
Thread model: posix
gcc version 4.4.5 (Debian 4.4.5-8) 
configure:2711: $? = 0
configure:2713: gcc -V </dev/null >&5
gcc: '-V' option must have argument
configure:2716: $? = 1
configure:2739: checking for C compiler default output file name
configure:2742: gcc    conftest.c  >&5
configure:2745: $? = 0
configure:2791: result: a.out
configure:2796: checking whether the C compiler works
configure:2802: ./a.out
configure:2805: $? = 0
configure:2822: result: yes
configure:2829: checking whether we are cross compiling
configure:2831: result: no
configure:2834: checking for suffix of executables
configure:2836: gcc -o conftest    conftest.c  >&5
configure:2839: $? = 0
configure:2864: result: 
configure:2870: checking for suffix of object files
configure:2891: gcc -c   conftest.c >&5
configure:2894: $? = 0
configure:2916: result: o
configure:2920: checking whether we are using the GNU C compiler
configure:2944: gcc -c   conftest.c >&5
configure:2950: $? = 0
configure:2954: test -z 
			 || test ! -s conftest.err
configure:2957: $? = 0
configure:2960: test -s conftest.o
configure:2963: $? = 0
configure:2976: result: yes
configure:2982: checking whether gcc accepts -g
configure:3003: gcc -c -g  conftest.c >&5
configure:3009: $? = 0
configure:3013: test -z 
			 || test ! -s conftest.err
configure:3016: $? = 0
configure:3019: test -s conftest.o
configure:3022: $? = 0
configure:3033: result: yes
configure:3050: checking for gcc option to accept ANSI C
configure:3120: gcc  -c -g -O2  conftest.c >&5
configure:3126: $? = 0
configure:3130: test -z 
			 || test ! -s conftest.err
configure:3133: $? = 0
configure:3136: test -s conftest.o
configure:3139: $? = 0
configure:3157: result: none needed
configure:3175: gcc -c -g -O2  conftest.c >&5
conftest.c:2: error: expected '=', ',', ';', 'asm' or '__attribute__' before 'me'
configure:3181: $? = 1
configure: failed program was:
| #ifndef __cplusplus
|   choke me
| #endif
configure:3316: checking dependency style of gcc
configure:3406: result: gcc3
configure:3423: checking for a sed that does not truncate output
configure:3479: result: /bin/sed
configure:3482: checking for egrep
configure:3492: result: grep -E
configure:3508: checking for ld used by gcc
configure:3575: result: /usr/bin/ld
configure:3584: checking if the linker (/usr/bin/ld) is GNU ld
configure:3599: result: yes
configure:3604: checking for /usr/bin/ld option to reload object files
configure:3611: result: -r
configure:3629: checking for BSD-compatible nm
configure:3678: result: /usr/bin/nm -B
configure:3682: checking whether ln -s works
configure:3686: result: yes
configure:3693: checking how to recognise dependent libraries
configure:3869: result: pass_all
configure:4106: checking how to run the C preprocessor
configure:4141: gcc -E  conftest.c
configure:4147: $? = 0
configure:4179: gcc -E  conftest.c
conftest.c:11:28: error: ac_nonexistent.h: No such file or directory
configure:4185: $? = 1
configure: failed program was:
| /* confdefs.h.  */
| 
| #define PACKAGE_NAME "OpenVRML"
| #define PACKAGE_TARNAME "openvrml"
| #define PACKAGE_VERSION "0.16.2"
| #define PACKAGE_STRING "OpenVRML 0.16.2"
| #define PACKAGE_BUGREPORT "openvrml-develop@lists.sourceforge.net"
| #define PACKAGE "openvrml"
| #define VERSION "0.16.2"
| /* end confdefs.h.  */
| #include <ac_nonexistent.h>
configure:4224: result: gcc -E
configure:4248: gcc -E  conftest.c
configure:4254: $? = 0
configure:4286: gcc -E  conftest.c
conftest.c:11:28: error: ac_nonexistent.h: No such file or directory
configure:4292: $? = 1
configure: failed program was:
| /* confdefs.h.  */
| 
| #define PACKAGE_NAME "OpenVRML"
| #define PACKAGE_TARNAME "openvrml"
| #define PACKAGE_VERSION "0.16.2"
| #define PACKAGE_STRING "OpenVRML 0.16.2"
| #define PACKAGE_BUGREPORT "openvrml-develop@lists.sourceforge.net"
| #define PACKAGE "openvrml"
| #define VERSION "0.16.2"
| /* end confdefs.h.  */
| #include <ac_nonexistent.h>
configure:4336: checking for ANSI C header files
configure:4361: gcc -c -g -O2  conftest.c >&5
configure:4367: $? = 0
configure:4371: test -z 
			 || test ! -s conftest.err
configure:4374: $? = 0
configure:4377: test -s conftest.o
configure:4380: $? = 0
configure:4469: gcc -o conftest -g -O2   conftest.c  >&5
conftest.c: In function 'main':
conftest.c:28: warning: incompatible implicit declaration of built-in function 'exit'
configure:4472: $? = 0
configure:4474: ./conftest
configure:4477: $? = 0
configure:4492: result: yes
configure:4516: checking for sys/types.h
configure:4532: gcc -c -g -O2  conftest.c >&5
configure:4538: $? = 0
configure:4542: test -z 
			 || test ! -s conftest.err
configure:4545: $? = 0
configure:4548: test -s conftest.o
configure:4551: $? = 0
configure:4562: result: yes
configure:4516: checking for sys/stat.h
configure:4532: gcc -c -g -O2  conftest.c >&5
configure:4538: $? = 0
configure:4542: test -z 
			 || test ! -s conftest.err
configure:4545: $? = 0
configure:4548: test -s conftest.o
configure:4551: $? = 0
configure:4562: result: yes
configure:4516: checking for stdlib.h
configure:4532: gcc -c -g -O2  conftest.c >&5
configure:4538: $? = 0
configure:4542: test -z 
			 || test ! -s conftest.err
configure:4545: $? = 0
configure:4548: test -s conftest.o
configure:4551: $? = 0
configure:4562: result: yes
configure:4516: checking for string.h
configure:4532: gcc -c -g -O2  conftest.c >&5
configure:4538: $? = 0
configure:4542: test -z 
			 || test ! -s conftest.err
configure:4545: $? = 0
configure:4548: test -s conftest.o
configure:4551: $? = 0
configure:4562: result: yes
configure:4516: checking for memory.h
configure:4532: gcc -c -g -O2  conftest.c >&5
configure:4538: $? = 0
configure:4542: test -z 
			 || test ! -s conftest.err
configure:4545: $? = 0
configure:4548: test -s conftest.o
configure:4551: $? = 0
configure:4562: result: yes
configure:4516: checking for strings.h
configure:4532: gcc -c -g -O2  conftest.c >&5
configure:4538: $? = 0
configure:4542: test -z 
			 || test ! -s conftest.err
configure:4545: $? = 0
configure:4548: test -s conftest.o
configure:4551: $? = 0
configure:4562: result: yes
configure:4516: checking for inttypes.h
configure:4532: gcc -c -g -O2  conftest.c >&5
configure:4538: $? = 0
configure:4542: test -z 
			 || test ! -s conftest.err
configure:4545: $? = 0
configure:4548: test -s conftest.o
configure:4551: $? = 0
configure:4562: result: yes
configure:4516: checking for stdint.h
configure:4532: gcc -c -g -O2  conftest.c >&5
configure:4538: $? = 0
configure:4542: test -z 
			 || test ! -s conftest.err
configure:4545: $? = 0
configure:4548: test -s conftest.o
configure:4551: $? = 0
configure:4562: result: yes
configure:4516: checking for unistd.h
configure:4532: gcc -c -g -O2  conftest.c >&5
configure:4538: $? = 0
configure:4542: test -z 
			 || test ! -s conftest.err
configure:4545: $? = 0
configure:4548: test -s conftest.o
configure:4551: $? = 0
configure:4562: result: yes
configure:4588: checking dlfcn.h usability
configure:4600: gcc -c -g -O2  conftest.c >&5
configure:4606: $? = 0
configure:4610: test -z 
			 || test ! -s conftest.err
configure:4613: $? = 0
configure:4616: test -s conftest.o
configure:4619: $? = 0
configure:4629: result: yes
configure:4633: checking dlfcn.h presence
configure:4643: gcc -E  conftest.c
configure:4649: $? = 0
configure:4669: result: yes
configure:4704: checking for dlfcn.h
configure:4711: result: yes
configure:4776: checking for g++
configure:4792: found /usr/bin/g++
configure:4802: result: g++
configure:4818: checking for C++ compiler version
configure:4821: g++ --version </dev/null >&5
g++ (Debian 4.4.5-8) 4.4.5
Copyright (C) 2010 Free Software Foundation, Inc.
This is free software; see the source for copying conditions.  There is NO
warranty; not even for MERCHANTABILITY or FITNESS FOR A PARTICULAR PURPOSE.

configure:4824: $? = 0
configure:4826: g++ -v </dev/null >&5
Using built-in specs.
Target: i486-linux-gnu
Configured with: ../src/configure -v --with-pkgversion='Debian 4.4.5-8' --with-bugurl=file:///usr/share/doc/gcc-4.4/README.Bugs --enable-languages=c,c++,fortran,objc,obj-c++ --prefix=/usr --program-suffix=-4.4 --enable-shared --enable-multiarch --enable-linker-build-id --with-system-zlib --libexecdir=/usr/lib --without-included-gettext --enable-threads=posix --with-gxx-include-dir=/usr/include/c++/4.4 --libdir=/usr/lib --enable-nls --enable-clocale=gnu --enable-libstdcxx-debug --enable-objc-gc --enable-targets=all --with-arch-32=i586 --with-tune=generic --enable-checking=release --build=i486-linux-gnu --host=i486-linux-gnu --target=i486-linux-gnu
Thread model: posix
gcc version 4.4.5 (Debian 4.4.5-8) 
configure:4829: $? = 0
configure:4831: g++ -V </dev/null >&5
g++: '-V' option must have argument
configure:4834: $? = 1
configure:4837: checking whether we are using the GNU C++ compiler
configure:4861: g++ -c   conftest.cc >&5
configure:4867: $? = 0
configure:4871: test -z 
			 || test ! -s conftest.err
configure:4874: $? = 0
configure:4877: test -s conftest.o
configure:4880: $? = 0
configure:4893: result: yes
configure:4899: checking whether g++ accepts -g
configure:4920: g++ -c -g  conftest.cc >&5
configure:4926: $? = 0
configure:4930: test -z 
			 || test ! -s conftest.err
configure:4933: $? = 0
configure:4936: test -s conftest.o
configure:4939: $? = 0
configure:4950: result: yes
configure:4992: g++ -c -g -O2  conftest.cc >&5
configure:4998: $? = 0
configure:5002: test -z 
			 || test ! -s conftest.err
configure:5005: $? = 0
configure:5008: test -s conftest.o
configure:5011: $? = 0
configure:5037: g++ -c -g -O2  conftest.cc >&5
conftest.cc: In function 'int main()':
conftest.cc:26: error: 'exit' was not declared in this scope
configure:5043: $? = 1
configure: failed program was:
| /* confdefs.h.  */
| 
| #define PACKAGE_NAME "OpenVRML"
| #define PACKAGE_TARNAME "openvrml"
| #define PACKAGE_VERSION "0.16.2"
| #define PACKAGE_STRING "OpenVRML 0.16.2"
| #define PACKAGE_BUGREPORT "openvrml-develop@lists.sourceforge.net"
| #define PACKAGE "openvrml"
| #define VERSION "0.16.2"
| #define STDC_HEADERS 1
| #define HAVE_SYS_TYPES_H 1
| #define HAVE_SYS_STAT_H 1
| #define HAVE_STDLIB_H 1
| #define HAVE_STRING_H 1
| #define HAVE_MEMORY_H 1
| #define HAVE_STRINGS_H 1
| #define HAVE_INTTYPES_H 1
| #define HAVE_STDINT_H 1
| #define HAVE_UNISTD_H 1
| #define HAVE_DLFCN_H 1
| /* end confdefs.h.  */
| 
| int
| main ()
| {
| exit (42);
|   ;
|   return 0;
| }
configure:4992: g++ -c -g -O2  conftest.cc >&5
conftest.cc:22: error: 'void std::exit(int)' should have been declared inside 'std'
configure:4998: $? = 1
configure: failed program was:
| /* confdefs.h.  */
| 
| #define PACKAGE_NAME "OpenVRML"
| #define PACKAGE_TARNAME "openvrml"
| #define PACKAGE_VERSION "0.16.2"
| #define PACKAGE_STRING "OpenVRML 0.16.2"
| #define PACKAGE_BUGREPORT "openvrml-develop@lists.sourceforge.net"
| #define PACKAGE "openvrml"
| #define VERSION "0.16.2"
| #define STDC_HEADERS 1
| #define HAVE_SYS_TYPES_H 1
| #define HAVE_SYS_STAT_H 1
| #define HAVE_STDLIB_H 1
| #define HAVE_STRING_H 1
| #define HAVE_MEMORY_H 1
| #define HAVE_STRINGS_H 1
| #define HAVE_INTTYPES_H 1
| #define HAVE_STDINT_H 1
| #define HAVE_UNISTD_H 1
| #define HAVE_DLFCN_H 1
| /* end confdefs.h.  */
| extern "C" void std::exit (int) throw (); using std::exit;
| #include <stdlib.h>
| int
| main ()
| {
| exit (42);
|   ;
|   return 0;
| }
configure:4992: g++ -c -g -O2  conftest.cc >&5
conftest.cc:22: error: 'void std::exit(int)' should have been declared inside 'std'
In file included from conftest.cc:23:
/usr/include/stdlib.h:543: error: declaration of 'void std::exit(int) throw ()' throws different exceptions
conftest.cc:22: error: from previous declaration 'void std::exit(int)'
configure:4998: $? = 1
configure: failed program was:
| /* confdefs.h.  */
| 
| #define PACKAGE_NAME "OpenVRML"
| #define PACKAGE_TARNAME "openvrml"
| #define PACKAGE_VERSION "0.16.2"
| #define PACKAGE_STRING "OpenVRML 0.16.2"
| #define PACKAGE_BUGREPORT "openvrml-develop@lists.sourceforge.net"
| #define PACKAGE "openvrml"
| #define VERSION "0.16.2"
| #define STDC_HEADERS 1
| #define HAVE_SYS_TYPES_H 1
| #define HAVE_SYS_STAT_H 1
| #define HAVE_STDLIB_H 1
| #define HAVE_STRING_H 1
| #define HAVE_MEMORY_H 1
| #define HAVE_STRINGS_H 1
| #define HAVE_INTTYPES_H 1
| #define HAVE_STDINT_H 1
| #define HAVE_UNISTD_H 1
| #define HAVE_DLFCN_H 1
| /* end confdefs.h.  */
| extern "C" void std::exit (int); using std::exit;
| #include <stdlib.h>
| int
| main ()
| {
| exit (42);
|   ;
|   return 0;
| }
configure:4992: g++ -c -g -O2  conftest.cc >&5
configure:4998: $? = 0
configure:5002: test -z 
			 || test ! -s conftest.err
configure:5005: $? = 0
configure:5008: test -s conftest.o
configure:5011: $? = 0
configure:5037: g++ -c -g -O2  conftest.cc >&5
configure:5043: $? = 0
configure:5047: test -z 
			 || test ! -s conftest.err
configure:5050: $? = 0
configure:5053: test -s conftest.o
configure:5056: $? = 0
configure:5081: checking dependency style of g++
configure:5171: result: gcc3
configure:5198: checking how to run the C++ preprocessor
configure:5229: g++ -E  conftest.cc
configure:5235: $? = 0
configure:5267: g++ -E  conftest.cc
conftest.cc:25:28: error: ac_nonexistent.h: No such file or directory
configure:5273: $? = 1
configure: failed program was:
| /* confdefs.h.  */
| 
| #define PACKAGE_NAME "OpenVRML"
| #define PACKAGE_TARNAME "openvrml"
| #define PACKAGE_VERSION "0.16.2"
| #define PACKAGE_STRING "OpenVRML 0.16.2"
| #define PACKAGE_BUGREPORT "openvrml-develop@lists.sourceforge.net"
| #define PACKAGE "openvrml"
| #define VERSION "0.16.2"
| #define STDC_HEADERS 1
| #define HAVE_SYS_TYPES_H 1
| #define HAVE_SYS_STAT_H 1
| #define HAVE_STDLIB_H 1
| #define HAVE_STRING_H 1
| #define HAVE_MEMORY_H 1
| #define HAVE_STRINGS_H 1
| #define HAVE_INTTYPES_H 1
| #define HAVE_STDINT_H 1
| #define HAVE_UNISTD_H 1
| #define HAVE_DLFCN_H 1
| #ifdef __cplusplus
| extern "C" void exit (int) throw ();
| #endif
| /* end confdefs.h.  */
| #include <ac_nonexistent.h>
configure:5312: result: g++ -E
configure:5336: g++ -E  conftest.cc
configure:5342: $? = 0
configure:5374: g++ -E  conftest.cc
conftest.cc:25:28: error: ac_nonexistent.h: No such file or directory
configure:5380: $? = 1
configure: failed program was:
| /* confdefs.h.  */
| 
| #define PACKAGE_NAME "OpenVRML"
| #define PACKAGE_TARNAME "openvrml"
| #define PACKAGE_VERSION "0.16.2"
| #define PACKAGE_STRING "OpenVRML 0.16.2"
| #define PACKAGE_BUGREPORT "openvrml-develop@lists.sourceforge.net"
| #define PACKAGE "openvrml"
| #define VERSION "0.16.2"
| #define STDC_HEADERS 1
| #define HAVE_SYS_TYPES_H 1
| #define HAVE_SYS_STAT_H 1
| #define HAVE_STDLIB_H 1
| #define HAVE_STRING_H 1
| #define HAVE_MEMORY_H 1
| #define HAVE_STRINGS_H 1
| #define HAVE_INTTYPES_H 1
| #define HAVE_STDINT_H 1
| #define HAVE_UNISTD_H 1
| #define HAVE_DLFCN_H 1
| #ifdef __cplusplus
| extern "C" void exit (int) throw ();
| #endif
| /* end confdefs.h.  */
| #include <ac_nonexistent.h>
configure:5477: checking for g77
configure:5506: result: no
configure:5477: checking for f77
configure:5506: result: no
configure:5477: checking for xlf
configure:5506: result: no
configure:5477: checking for frt
configure:5506: result: no
configure:5477: checking for pgf77
configure:5506: result: no
configure:5477: checking for fort77
configure:5506: result: no
configure:5477: checking for fl32
configure:5506: result: no
configure:5477: checking for af77
configure:5506: result: no
configure:5477: checking for f90
configure:5506: result: no
configure:5477: checking for xlf90
configure:5506: result: no
configure:5477: checking for pgf90
configure:5506: result: no
configure:5477: checking for epcf90
configure:5506: result: no
configure:5477: checking for f95
configure:5506: result: no
configure:5477: checking for fort
configure:5506: result: no
configure:5477: checking for xlf95
configure:5506: result: no
configure:5477: checking for ifc
configure:5506: result: no
configure:5477: checking for efc
configure:5506: result: no
configure:5477: checking for pgf95
configure:5506: result: no
configure:5477: checking for lf95
configure:5506: result: no
configure:5477: checking for gfortran
configure:5506: result: no
configure:5518: checking for Fortran 77 compiler version
configure:5521:  --version </dev/null >&5
./configure: line 5522: --version: command not found
configure:5524: $? = 127
configure:5526:  -v </dev/null >&5
./configure: line 5527: -v: command not found
configure:5529: $? = 127
configure:5531:  -V </dev/null >&5
./configure: line 5532: -V: command not found
configure:5534: $? = 127
configure:5542: checking whether we are using the GNU Fortran 77 compiler
configure:5556:  -c  conftest.F >&5
./configure: line 5557: -c: command not found
configure:5562: $? = 127
configure: failed program was:
|       program main
| #ifndef __GNUC__
|        choke me
| #endif
| 
|       end
configure:5588: result: no
configure:5594: checking whether  accepts -g
configure:5606:  -c -g conftest.f >&5
./configure: line 5607: -c: command not found
configure:5612: $? = 127
configure: failed program was:
|       program main
| 
|       end
configure:5637: result: no
configure:5667: checking the maximum length of command line arguments
configure:5776: result: 32768
configure:5787: checking command to parse /usr/bin/nm -B output from gcc object
configure:5892: gcc -c -g -O2  conftest.c >&5
configure:5895: $? = 0
configure:5899: /usr/bin/nm -B conftest.o \| sed -n -e 's/^.*[ 	]\([ABCDGIRSTW][ABCDGIRSTW]*\)[ 	][ 	]*\([_A-Za-z][_A-Za-z0-9]*\)$/\1 \2 \2/p' \> conftest.nm
configure:5902: $? = 0
configure:5954: gcc -o conftest -g -O2   conftest.c conftstm.o >&5
configure:5957: $? = 0
configure:5995: result: ok
configure:5999: checking for objdir
configure:6014: result: .libs
configure:6104: checking for ar
configure:6120: found /usr/bin/ar
configure:6131: result: ar
configure:6184: checking for ranlib
configure:6200: found /usr/bin/ranlib
configure:6211: result: ranlib
configure:6264: checking for strip
configure:6280: found /usr/bin/strip
configure:6291: result: strip
configure:6563: checking if gcc supports -fno-rtti -fno-exceptions
configure:6581: gcc -c -g -O2  -fno-rtti -fno-exceptions conftest.c >&5
cc1: warning: command line option "-fno-rtti" is valid for C++/ObjC++ but not for C
configure:6585: $? = 0
configure:6598: result: no
configure:6613: checking for gcc option to produce PIC
configure:6823: result: -fPIC
configure:6831: checking if gcc PIC flag -fPIC works
configure:6849: gcc -c -g -O2  -fPIC -DPIC conftest.c >&5
configure:6853: $? = 0
configure:6866: result: yes
configure:6894: checking if gcc static flag -static works
configure:6922: result: yes
configure:6932: checking if gcc supports -c -o file.o
configure:6953: gcc -c -g -O2  -o out/conftest2.o conftest.c >&5
configure:6957: $? = 0
configure:6979: result: yes
configure:7005: checking whether the gcc linker (/usr/bin/ld) supports shared libraries
configure:7963: result: yes
configure:7984: checking whether -lc should be explicitly linked in
configure:7989: gcc -c -g -O2  conftest.c >&5
configure:7992: $? = 0
configure:8007: gcc -shared conftest.o  -v -Wl,-soname -Wl,conftest -o conftest 2\>\&1 \| grep  -lc  \>/dev/null 2\>\&1
configure:8010: $? = 0
configure:8022: result: no
configure:8030: checking dynamic linker characteristics
configure:8639: result: GNU/Linux ld.so
configure:8648: checking how to hardcode library paths into programs
configure:8673: result: immediate
configure:8687: checking whether stripping libraries is possible
configure:8692: result: yes
configure:9526: checking if libtool supports shared libraries
configure:9528: result: yes
configure:9531: checking whether to build shared libraries
configure:9552: result: yes
configure:9555: checking whether to build static libraries
configure:9559: result: yes
configure:9651: creating libtool
configure:10242: checking for ld used by g++
configure:10309: result: /usr/bin/ld
configure:10318: checking if the linker (/usr/bin/ld) is GNU ld
configure:10333: result: yes
configure:10384: checking whether the g++ linker (/usr/bin/ld) supports shared libraries
configure:11322: result: yes
configure:11340: g++ -c -g -O2  conftest.cpp >&5
configure:11343: $? = 0
configure:11462: checking for g++ option to produce PIC
configure:11736: result: -fPIC
configure:11744: checking if g++ PIC flag -fPIC works
configure:11762: g++ -c -g -O2  -fPIC -DPIC conftest.cpp >&5
configure:11766: $? = 0
configure:11779: result: yes
configure:11807: checking if g++ static flag -static works
configure:11835: result: yes
configure:11845: checking if g++ supports -c -o file.o
configure:11866: g++ -c -g -O2  -o out/conftest2.o conftest.cpp >&5
configure:11870: $? = 0
configure:11892: result: yes
configure:11918: checking whether the g++ linker (/usr/bin/ld) supports shared libraries
configure:11943: result: yes
configure:12010: checking dynamic linker characteristics
configure:12619: result: GNU/Linux ld.so
configure:12628: checking how to hardcode library paths into programs
configure:12653: result: immediate
configure:18951: checking for C++ compiler version
configure:18954: g++ --version </dev/null >&5
g++ (Debian 4.4.5-8) 4.4.5
Copyright (C) 2010 Free Software Foundation, Inc.
This is free software; see the source for copying conditions.  There is NO
warranty; not even for MERCHANTABILITY or FITNESS FOR A PARTICULAR PURPOSE.

configure:18957: $? = 0
configure:18959: g++ -v </dev/null >&5
Using built-in specs.
Target: i486-linux-gnu
Configured with: ../src/configure -v --with-pkgversion='Debian 4.4.5-8' --with-bugurl=file:///usr/share/doc/gcc-4.4/README.Bugs --enable-languages=c,c++,fortran,objc,obj-c++ --prefix=/usr --program-suffix=-4.4 --enable-shared --enable-multiarch --enable-linker-build-id --with-system-zlib --libexecdir=/usr/lib --without-included-gettext --enable-threads=posix --with-gxx-include-dir=/usr/include/c++/4.4 --libdir=/usr/lib --enable-nls --enable-clocale=gnu --enable-libstdcxx-debug --enable-objc-gc --enable-targets=all --with-arch-32=i586 --with-tune=generic --enable-checking=release --build=i486-linux-gnu --host=i486-linux-gnu --target=i486-linux-gnu
Thread model: posix
gcc version 4.4.5 (Debian 4.4.5-8) 
configure:18962: $? = 0
configure:18964: g++ -V </dev/null >&5
g++: '-V' option must have argument
configure:18967: $? = 1
configure:18970: checking whether we are using the GNU C++ compiler
configure:19026: result: yes
configure:19032: checking whether g++ accepts -g
configure:19083: result: yes
configure:19125: g++ -c -g -O2  conftest.cc >&5
configure:19131: $? = 0
configure:19135: test -z 
			 || test ! -s conftest.err
configure:19138: $? = 0
configure:19141: test -s conftest.o
configure:19144: $? = 0
configure:19170: g++ -c -g -O2  conftest.cc >&5
configure:19176: $? = 0
configure:19180: test -z 
			 || test ! -s conftest.err
configure:19183: $? = 0
configure:19186: test -s conftest.o
configure:19189: $? = 0
configure:19214: checking dependency style of g++
configure:19304: result: gcc3
configure:19326: checking how to run the C++ preprocessor
configure:19440: result: g++ -E
configure:19464: g++ -E  conftest.cc
configure:19470: $? = 0
configure:19502: g++ -E  conftest.cc
conftest.cc:25:28: error: ac_nonexistent.h: No such file or directory
configure:19508: $? = 1
configure: failed program was:
| /* confdefs.h.  */
| 
| #define PACKAGE_NAME "OpenVRML"
| #define PACKAGE_TARNAME "openvrml"
| #define PACKAGE_VERSION "0.16.2"
| #define PACKAGE_STRING "OpenVRML 0.16.2"
| #define PACKAGE_BUGREPORT "openvrml-develop@lists.sourceforge.net"
| #define PACKAGE "openvrml"
| #define VERSION "0.16.2"
| #define STDC_HEADERS 1
| #define HAVE_SYS_TYPES_H 1
| #define HAVE_SYS_STAT_H 1
| #define HAVE_STDLIB_H 1
| #define HAVE_STRING_H 1
| #define HAVE_MEMORY_H 1
| #define HAVE_STRINGS_H 1
| #define HAVE_INTTYPES_H 1
| #define HAVE_STDINT_H 1
| #define HAVE_UNISTD_H 1
| #define HAVE_DLFCN_H 1
| #ifdef __cplusplus
| extern "C" void exit (int) throw ();
| #endif
| /* end confdefs.h.  */
| #include <ac_nonexistent.h>
configure:19554: checking for gij
configure:19583: result: no
configure:19591: checking for java
configure:19607: found /usr/bin/java
configure:19617: result: java
configure:19629: checking for gcj
configure:19658: result: no
configure:19666: checking for javac
configure:19682: found /usr/bin/javac
configure:19692: result: javac
configure:19704: checking for gcjh
configure:19733: result: no
configure:19741: checking for javah
configure:19757: found /usr/bin/javah
configure:19767: result: javah
configure:19779: checking for jar
configure:19795: found /usr/bin/jar
configure:19805: result: jar
configure:19820: checking for antlr
configure:19849: result: no
configure:19820: checking for antlr-java
configure:19849: result: no
configure:19857: checking if antlr is available to the Java runtime
configure:19868: result: no
configure:19897: WARNING: antlr 2.7.4 not found; but generated files already exist
configure:19907: checking for doxygen
configure:19925: found /usr/bin/doxygen
configure:19937: result: /usr/bin/doxygen
configure:19948: checking for Rez
configure:19982: result: no
configure:19991: checking if the compiler supports the gcc visibility attribute
configure:20018: g++ -c -g -O2  conftest.cc >&5
configure:20024: $? = 0
configure:20028: test -z 
			 || test ! -s conftest.err
configure:20031: $? = 0
configure:20034: test -s conftest.o
configure:20037: $? = 0
configure:20054: result: yes
configure:20264: checking for the pthreads library -lpthreads
configure:20302: gcc -o conftest -g -O2    conftest.c -lpthreads  >&5
/usr/bin/ld: cannot find -lpthreads
collect2: ld returned 1 exit status
configure:20308: $? = 1
configure: failed program was:
| /* confdefs.h.  */
| 
| #define PACKAGE_NAME "OpenVRML"
| #define PACKAGE_TARNAME "openvrml"
| #define PACKAGE_VERSION "0.16.2"
| #define PACKAGE_STRING "OpenVRML 0.16.2"
| #define PACKAGE_BUGREPORT "openvrml-develop@lists.sourceforge.net"
| #define PACKAGE "openvrml"
| #define VERSION "0.16.2"
| #define STDC_HEADERS 1
| #define HAVE_SYS_TYPES_H 1
| #define HAVE_SYS_STAT_H 1
| #define HAVE_STDLIB_H 1
| #define HAVE_STRING_H 1
| #define HAVE_MEMORY_H 1
| #define HAVE_STRINGS_H 1
| #define HAVE_INTTYPES_H 1
| #define HAVE_STDINT_H 1
| #define HAVE_UNISTD_H 1
| #define HAVE_DLFCN_H 1
| #ifdef __cplusplus
| extern "C" void exit (int) throw ();
| #endif
| /* end confdefs.h.  */
| #include <pthread.h>
| int
| main ()
| {
| pthread_t th; pthread_join(th, 0);
|                      pthread_attr_init(0); pthread_cleanup_push(0, 0);
|                      pthread_create(0,0,0,0); pthread_cleanup_pop(0);
|   ;
|   return 0;
| }
configure:20335: result: no
configure:20211: checking whether pthreads work without any flags
configure:20302: gcc -o conftest -g -O2    conftest.c   >&5
/tmp/ccA7rXcp.o: In function `main':
/home/caiosba/UFBA/Mestrado/Dissertação/openvrml-0.16.2/conftest.c:29: undefined reference to `pthread_join'
/home/caiosba/UFBA/Mestrado/Dissertação/openvrml-0.16.2/conftest.c:30: undefined reference to `__pthread_register_cancel'
/home/caiosba/UFBA/Mestrado/Dissertação/openvrml-0.16.2/conftest.c:31: undefined reference to `pthread_create'
/home/caiosba/UFBA/Mestrado/Dissertação/openvrml-0.16.2/conftest.c:31: undefined reference to `__pthread_unregister_cancel'
collect2: ld returned 1 exit status
configure:20308: $? = 1
configure: failed program was:
| /* confdefs.h.  */
| 
| #define PACKAGE_NAME "OpenVRML"
| #define PACKAGE_TARNAME "openvrml"
| #define PACKAGE_VERSION "0.16.2"
| #define PACKAGE_STRING "OpenVRML 0.16.2"
| #define PACKAGE_BUGREPORT "openvrml-develop@lists.sourceforge.net"
| #define PACKAGE "openvrml"
| #define VERSION "0.16.2"
| #define STDC_HEADERS 1
| #define HAVE_SYS_TYPES_H 1
| #define HAVE_SYS_STAT_H 1
| #define HAVE_STDLIB_H 1
| #define HAVE_STRING_H 1
| #define HAVE_MEMORY_H 1
| #define HAVE_STRINGS_H 1
| #define HAVE_INTTYPES_H 1
| #define HAVE_STDINT_H 1
| #define HAVE_UNISTD_H 1
| #define HAVE_DLFCN_H 1
| #ifdef __cplusplus
| extern "C" void exit (int) throw ();
| #endif
| /* end confdefs.h.  */
| #include <pthread.h>
| int
| main ()
| {
| pthread_t th; pthread_join(th, 0);
|                      pthread_attr_init(0); pthread_cleanup_push(0, 0);
|                      pthread_create(0,0,0,0); pthread_cleanup_pop(0);
|   ;
|   return 0;
| }
configure:20335: result: no
configure:20216: checking whether pthreads work with -Kthread
configure:20302: gcc -o conftest -g -O2 -Kthread   conftest.c   >&5
gcc: unrecognized option '-Kthread'
/tmp/ccUsMEBR.o: In function `main':
/home/caiosba/UFBA/Mestrado/Dissertação/openvrml-0.16.2/conftest.c:29: undefined reference to `pthread_join'
/home/caiosba/UFBA/Mestrado/Dissertação/openvrml-0.16.2/conftest.c:30: undefined reference to `__pthread_register_cancel'
/home/caiosba/UFBA/Mestrado/Dissertação/openvrml-0.16.2/conftest.c:31: undefined reference to `pthread_create'
/home/caiosba/UFBA/Mestrado/Dissertação/openvrml-0.16.2/conftest.c:31: undefined reference to `__pthread_unregister_cancel'
collect2: ld returned 1 exit status
configure:20308: $? = 1
configure: failed program was:
| /* confdefs.h.  */
| 
| #define PACKAGE_NAME "OpenVRML"
| #define PACKAGE_TARNAME "openvrml"
| #define PACKAGE_VERSION "0.16.2"
| #define PACKAGE_STRING "OpenVRML 0.16.2"
| #define PACKAGE_BUGREPORT "openvrml-develop@lists.sourceforge.net"
| #define PACKAGE "openvrml"
| #define VERSION "0.16.2"
| #define STDC_HEADERS 1
| #define HAVE_SYS_TYPES_H 1
| #define HAVE_SYS_STAT_H 1
| #define HAVE_STDLIB_H 1
| #define HAVE_STRING_H 1
| #define HAVE_MEMORY_H 1
| #define HAVE_STRINGS_H 1
| #define HAVE_INTTYPES_H 1
| #define HAVE_STDINT_H 1
| #define HAVE_UNISTD_H 1
| #define HAVE_DLFCN_H 1
| #ifdef __cplusplus
| extern "C" void exit (int) throw ();
| #endif
| /* end confdefs.h.  */
| #include <pthread.h>
| int
| main ()
| {
| pthread_t th; pthread_join(th, 0);
|                      pthread_attr_init(0); pthread_cleanup_push(0, 0);
|                      pthread_create(0,0,0,0); pthread_cleanup_pop(0);
|   ;
|   return 0;
| }
configure:20335: result: no
configure:20216: checking whether pthreads work with -kthread
configure:20302: gcc -o conftest -g -O2 -kthread   conftest.c   >&5
gcc: unrecognized option '-kthread'
/tmp/ccUD6fjj.o: In function `main':
/home/caiosba/UFBA/Mestrado/Dissertação/openvrml-0.16.2/conftest.c:29: undefined reference to `pthread_join'
/home/caiosba/UFBA/Mestrado/Dissertação/openvrml-0.16.2/conftest.c:30: undefined reference to `__pthread_register_cancel'
/home/caiosba/UFBA/Mestrado/Dissertação/openvrml-0.16.2/conftest.c:31: undefined reference to `pthread_create'
/home/caiosba/UFBA/Mestrado/Dissertação/openvrml-0.16.2/conftest.c:31: undefined reference to `__pthread_unregister_cancel'
collect2: ld returned 1 exit status
configure:20308: $? = 1
configure: failed program was:
| /* confdefs.h.  */
| 
| #define PACKAGE_NAME "OpenVRML"
| #define PACKAGE_TARNAME "openvrml"
| #define PACKAGE_VERSION "0.16.2"
| #define PACKAGE_STRING "OpenVRML 0.16.2"
| #define PACKAGE_BUGREPORT "openvrml-develop@lists.sourceforge.net"
| #define PACKAGE "openvrml"
| #define VERSION "0.16.2"
| #define STDC_HEADERS 1
| #define HAVE_SYS_TYPES_H 1
| #define HAVE_SYS_STAT_H 1
| #define HAVE_STDLIB_H 1
| #define HAVE_STRING_H 1
| #define HAVE_MEMORY_H 1
| #define HAVE_STRINGS_H 1
| #define HAVE_INTTYPES_H 1
| #define HAVE_STDINT_H 1
| #define HAVE_UNISTD_H 1
| #define HAVE_DLFCN_H 1
| #ifdef __cplusplus
| extern "C" void exit (int) throw ();
| #endif
| /* end confdefs.h.  */
| #include <pthread.h>
| int
| main ()
| {
| pthread_t th; pthread_join(th, 0);
|                      pthread_attr_init(0); pthread_cleanup_push(0, 0);
|                      pthread_create(0,0,0,0); pthread_cleanup_pop(0);
|   ;
|   return 0;
| }
configure:20335: result: no
configure:20264: checking for the pthreads library -llthread
configure:20302: gcc -o conftest -g -O2    conftest.c -llthread  >&5
/usr/bin/ld: cannot find -llthread
collect2: ld returned 1 exit status
configure:20308: $? = 1
configure: failed program was:
| /* confdefs.h.  */
| 
| #define PACKAGE_NAME "OpenVRML"
| #define PACKAGE_TARNAME "openvrml"
| #define PACKAGE_VERSION "0.16.2"
| #define PACKAGE_STRING "OpenVRML 0.16.2"
| #define PACKAGE_BUGREPORT "openvrml-develop@lists.sourceforge.net"
| #define PACKAGE "openvrml"
| #define VERSION "0.16.2"
| #define STDC_HEADERS 1
| #define HAVE_SYS_TYPES_H 1
| #define HAVE_SYS_STAT_H 1
| #define HAVE_STDLIB_H 1
| #define HAVE_STRING_H 1
| #define HAVE_MEMORY_H 1
| #define HAVE_STRINGS_H 1
| #define HAVE_INTTYPES_H 1
| #define HAVE_STDINT_H 1
| #define HAVE_UNISTD_H 1
| #define HAVE_DLFCN_H 1
| #ifdef __cplusplus
| extern "C" void exit (int) throw ();
| #endif
| /* end confdefs.h.  */
| #include <pthread.h>
| int
| main ()
| {
| pthread_t th; pthread_join(th, 0);
|                      pthread_attr_init(0); pthread_cleanup_push(0, 0);
|                      pthread_create(0,0,0,0); pthread_cleanup_pop(0);
|   ;
|   return 0;
| }
configure:20335: result: no
configure:20216: checking whether pthreads work with -pthread
configure:20302: gcc -o conftest -g -O2 -pthread   conftest.c   >&5
configure:20308: $? = 0
configure:20312: test -z 
			 || test ! -s conftest.err
configure:20315: $? = 0
configure:20318: test -s conftest
configure:20321: $? = 0
configure:20335: result: yes
configure:20354: checking for joinable pthread attribute
configure:20374: gcc -o conftest -g -O2 -pthread   conftest.c   >&5
configure:20380: $? = 0
configure:20384: test -z 
			 || test ! -s conftest.err
configure:20387: $? = 0
configure:20390: test -s conftest
configure:20393: $? = 0
configure:20404: result: PTHREAD_CREATE_JOINABLE
configure:20414: checking if more special flags are required for pthreads
configure:20421: result: no
configure:20433: checking for cc_r
configure:20460: result: gcc
configure:20547: checking for pkg-config
configure:20565: found /usr/bin/pkg-config
configure:20577: result: /usr/bin/pkg-config
configure:20592: checking pkg-config is at least version 0.9.0
configure:20595: result: yes
configure:20606: checking for FONTCONFIG
configure:20614: $PKG_CONFIG --exists --print-errors "$REQUIRE_FONTCONFIG"
configure:20617: $? = 0
configure:20632: $PKG_CONFIG --exists --print-errors "$REQUIRE_FONTCONFIG"
configure:20635: $? = 0
configure:20671: result: yes
configure:20677: checking for freetype-config
configure:20695: found /usr/bin/freetype-config
configure:20707: result: /usr/bin/freetype-config
configure:20719: checking if FreeType callback function signatures use const
configure:20750: g++ -c -g -O2 -I/usr/include/freetype2  conftest.cc >&5
configure:20756: $? = 0
configure:20760: test -z 
			 || test ! -s conftest.err
configure:20763: $? = 0
configure:20766: test -s conftest.o
configure:20769: $? = 0
configure:20789: result: yes
configure:20803: checking for JS
configure:20811: $PKG_CONFIG --exists --print-errors "$REQUIRE_FIREFOX_JS"
Package firefox-js was not found in the pkg-config search path.
Perhaps you should add the directory containing `firefox-js.pc'
to the PKG_CONFIG_PATH environment variable
No package 'firefox-js' found
configure:20814: $? = 1
configure:20829: $PKG_CONFIG --exists --print-errors "$REQUIRE_FIREFOX_JS"
Package firefox-js was not found in the pkg-config search path.
Perhaps you should add the directory containing `firefox-js.pc'
to the PKG_CONFIG_PATH environment variable
No package 'firefox-js' found
configure:20832: $? = 1
No package 'firefox-js' found
configure:20860: result: no
configure:20864: checking for JS
configure:20872: $PKG_CONFIG --exists --print-errors "$REQUIRE_MOZILLA_JS"
configure:20875: $? = 0
configure:20890: $PKG_CONFIG --exists --print-errors "$REQUIRE_MOZILLA_JS"
configure:20893: $? = 0
configure:20929: result: yes
configure:21014: checking for GTK
configure:21022: $PKG_CONFIG --exists --print-errors "gtk+-2.0"
configure:21025: $? = 0
configure:21040: $PKG_CONFIG --exists --print-errors "gtk+-2.0"
configure:21043: $? = 0
configure:21079: result: yes
configure:21083: checking for X
configure:21188: gcc -E  conftest.c
configure:21194: $? = 0
configure:21244: gcc -o conftest -g -O2   conftest.c -lX11  >&5
configure:21250: $? = 0
configure:21254: test -z 
			 || test ! -s conftest.err
configure:21257: $? = 0
configure:21260: test -s conftest
configure:21263: $? = 0
configure:21313: result: libraries , headers 
configure:21485: gcc -o conftest -g -O2   conftest.c   -lX11 >&5
configure:21491: $? = 0
configure:21495: test -z 
			 || test ! -s conftest.err
configure:21498: $? = 0
configure:21501: test -s conftest
configure:21504: $? = 0
configure:21662: checking for gethostbyname
configure:21719: gcc -o conftest -g -O2   conftest.c  >&5
configure:21725: $? = 0
configure:21729: test -z 
			 || test ! -s conftest.err
configure:21732: $? = 0
configure:21735: test -s conftest
configure:21738: $? = 0
configure:21750: result: yes
configure:21901: checking for connect
configure:21958: gcc -o conftest -g -O2   conftest.c  >&5
configure:21964: $? = 0
configure:21968: test -z 
			 || test ! -s conftest.err
configure:21971: $? = 0
configure:21974: test -s conftest
configure:21977: $? = 0
configure:21989: result: yes
configure:22064: checking for remove
configure:22121: gcc -o conftest -g -O2   conftest.c  >&5
configure:22127: $? = 0
configure:22131: test -z 
			 || test ! -s conftest.err
configure:22134: $? = 0
configure:22137: test -s conftest
configure:22140: $? = 0
configure:22152: result: yes
configure:22227: checking for shmat
configure:22284: gcc -o conftest -g -O2   conftest.c  >&5
configure:22290: $? = 0
configure:22294: test -z 
			 || test ! -s conftest.err
configure:22297: $? = 0
configure:22300: test -s conftest
configure:22303: $? = 0
configure:22315: result: yes
configure:22399: checking for IceConnectionNumber in -lICE
configure:22429: gcc -o conftest -g -O2   conftest.c -lICE   >&5
configure:22435: $? = 0
configure:22439: test -z 
			 || test ! -s conftest.err
configure:22442: $? = 0
configure:22445: test -s conftest
configure:22448: $? = 0
configure:22461: result: yes
configure:22498: checking whether we are using the Microsoft C compiler
configure:22522: gcc -c -g -O2  conftest.c >&5
conftest.c: In function 'main':
conftest.c:31: error: 'choke' undeclared (first use in this function)
conftest.c:31: error: (Each undeclared identifier is reported only once
conftest.c:31: error: for each function it appears in.)
conftest.c:31: error: expected ';' before 'me'
configure:22528: $? = 1
configure: failed program was:
| /* confdefs.h.  */
| 
| #define PACKAGE_NAME "OpenVRML"
| #define PACKAGE_TARNAME "openvrml"
| #define PACKAGE_VERSION "0.16.2"
| #define PACKAGE_STRING "OpenVRML 0.16.2"
| #define PACKAGE_BUGREPORT "openvrml-develop@lists.sourceforge.net"
| #define PACKAGE "openvrml"
| #define VERSION "0.16.2"
| #define STDC_HEADERS 1
| #define HAVE_SYS_TYPES_H 1
| #define HAVE_SYS_STAT_H 1
| #define HAVE_STDLIB_H 1
| #define HAVE_STRING_H 1
| #define HAVE_MEMORY_H 1
| #define HAVE_STRINGS_H 1
| #define HAVE_INTTYPES_H 1
| #define HAVE_STDINT_H 1
| #define HAVE_UNISTD_H 1
| #define HAVE_DLFCN_H 1
| #ifdef __cplusplus
| extern "C" void exit (int) throw ();
| #endif
| #define HAVE_PTHREAD 1
| /* end confdefs.h.  */
| 
| int
| main ()
| {
| #ifndef _MSC_VER
|        choke me
| #endif
| 
|   ;
|   return 0;
| }
configure:22554: result: no
configure:22588: checking windows.h usability
configure:22600: gcc -c -g -O2  conftest.c >&5
conftest.c:60:21: error: windows.h: No such file or directory
configure:22606: $? = 1
configure: failed program was:
| /* confdefs.h.  */
| 
| #define PACKAGE_NAME "OpenVRML"
| #define PACKAGE_TARNAME "openvrml"
| #define PACKAGE_VERSION "0.16.2"
| #define PACKAGE_STRING "OpenVRML 0.16.2"
| #define PACKAGE_BUGREPORT "openvrml-develop@lists.sourceforge.net"
| #define PACKAGE "openvrml"
| #define VERSION "0.16.2"
| #define STDC_HEADERS 1
| #define HAVE_SYS_TYPES_H 1
| #define HAVE_SYS_STAT_H 1
| #define HAVE_STDLIB_H 1
| #define HAVE_STRING_H 1
| #define HAVE_MEMORY_H 1
| #define HAVE_STRINGS_H 1
| #define HAVE_INTTYPES_H 1
| #define HAVE_STDINT_H 1
| #define HAVE_UNISTD_H 1
| #define HAVE_DLFCN_H 1
| #ifdef __cplusplus
| extern "C" void exit (int) throw ();
| #endif
| #define HAVE_PTHREAD 1
| /* end confdefs.h.  */
| #include <stdio.h>
| #if HAVE_SYS_TYPES_H
| # include <sys/types.h>
| #endif
| #if HAVE_SYS_STAT_H
| # include <sys/stat.h>
| #endif
| #if STDC_HEADERS
| # include <stdlib.h>
| # include <stddef.h>
| #else
| # if HAVE_STDLIB_H
| #  include <stdlib.h>
| # endif
| #endif
| #if HAVE_STRING_H
| # if !STDC_HEADERS && HAVE_MEMORY_H
| #  include <memory.h>
| # endif
| # include <string.h>
| #endif
| #if HAVE_STRINGS_H
| # include <strings.h>
| #endif
| #if HAVE_INTTYPES_H
| # include <inttypes.h>
| #else
| # if HAVE_STDINT_H
| #  include <stdint.h>
| # endif
| #endif
| #if HAVE_UNISTD_H
| # include <unistd.h>
| #endif
| #include <windows.h>
configure:22629: result: no
configure:22633: checking windows.h presence
configure:22643: gcc -E  conftest.c
conftest.c:26:21: error: windows.h: No such file or directory
configure:22649: $? = 1
configure: failed program was:
| /* confdefs.h.  */
| 
| #define PACKAGE_NAME "OpenVRML"
| #define PACKAGE_TARNAME "openvrml"
| #define PACKAGE_VERSION "0.16.2"
| #define PACKAGE_STRING "OpenVRML 0.16.2"
| #define PACKAGE_BUGREPORT "openvrml-develop@lists.sourceforge.net"
| #define PACKAGE "openvrml"
| #define VERSION "0.16.2"
| #define STDC_HEADERS 1
| #define HAVE_SYS_TYPES_H 1
| #define HAVE_SYS_STAT_H 1
| #define HAVE_STDLIB_H 1
| #define HAVE_STRING_H 1
| #define HAVE_MEMORY_H 1
| #define HAVE_STRINGS_H 1
| #define HAVE_INTTYPES_H 1
| #define HAVE_STDINT_H 1
| #define HAVE_UNISTD_H 1
| #define HAVE_DLFCN_H 1
| #ifdef __cplusplus
| extern "C" void exit (int) throw ();
| #endif
| #define HAVE_PTHREAD 1
| /* end confdefs.h.  */
| #include <windows.h>
configure:22669: result: no
configure:22704: checking for windows.h
configure:22711: result: no
configure:22725: checking for OpenGL library
configure:22763: gcc -o conftest -g -O2 -pthread   conftest.c -lopengl32  -lm  >&5
/usr/bin/ld: cannot find -lopengl32
collect2: ld returned 1 exit status
configure:22769: $? = 1
configure: failed program was:
| /* confdefs.h.  */
| 
| #define PACKAGE_NAME "OpenVRML"
| #define PACKAGE_TARNAME "openvrml"
| #define PACKAGE_VERSION "0.16.2"
| #define PACKAGE_STRING "OpenVRML 0.16.2"
| #define PACKAGE_BUGREPORT "openvrml-develop@lists.sourceforge.net"
| #define PACKAGE "openvrml"
| #define VERSION "0.16.2"
| #define STDC_HEADERS 1
| #define HAVE_SYS_TYPES_H 1
| #define HAVE_SYS_STAT_H 1
| #define HAVE_STDLIB_H 1
| #define HAVE_STRING_H 1
| #define HAVE_MEMORY_H 1
| #define HAVE_STRINGS_H 1
| #define HAVE_INTTYPES_H 1
| #define HAVE_STDINT_H 1
| #define HAVE_UNISTD_H 1
| #define HAVE_DLFCN_H 1
| #ifdef __cplusplus
| extern "C" void exit (int) throw ();
| #endif
| #define HAVE_PTHREAD 1
| /* end confdefs.h.  */
| 
| # if HAVE_WINDOWS_H && defined(_WIN32)
| #   include <windows.h>
| # endif
| # include <GL/gl.h>
| int
| main ()
| {
| glBegin(0)
|   ;
|   return 0;
| }
configure:22763: gcc -o conftest -g -O2 -pthread   conftest.c -lGL  -lm  >&5
configure:22769: $? = 0
configure:22773: test -z 
			 || test ! -s conftest.err
configure:22776: $? = 0
configure:22779: test -s conftest
configure:22782: $? = 0
configure:22796: result: -lGL
configure:22819: checking for OpenGL Utility library
configure:22877: g++ -o conftest -g -O2 -pthread   conftest.cc -lglu32 -lGL  -lm  >&5
/usr/bin/ld: cannot find -lglu32
collect2: ld returned 1 exit status
configure:22883: $? = 1
configure: failed program was:
| /* confdefs.h.  */
| 
| #define PACKAGE_NAME "OpenVRML"
| #define PACKAGE_TARNAME "openvrml"
| #define PACKAGE_VERSION "0.16.2"
| #define PACKAGE_STRING "OpenVRML 0.16.2"
| #define PACKAGE_BUGREPORT "openvrml-develop@lists.sourceforge.net"
| #define PACKAGE "openvrml"
| #define VERSION "0.16.2"
| #define STDC_HEADERS 1
| #define HAVE_SYS_TYPES_H 1
| #define HAVE_SYS_STAT_H 1
| #define HAVE_STDLIB_H 1
| #define HAVE_STRING_H 1
| #define HAVE_MEMORY_H 1
| #define HAVE_STRINGS_H 1
| #define HAVE_INTTYPES_H 1
| #define HAVE_STDINT_H 1
| #define HAVE_UNISTD_H 1
| #define HAVE_DLFCN_H 1
| #ifdef __cplusplus
| extern "C" void exit (int) throw ();
| #endif
| #define HAVE_PTHREAD 1
| /* end confdefs.h.  */
| 
| # if HAVE_WINDOWS_H && defined(_WIN32)
| #   include <windows.h>
| # endif
| # include <GL/glu.h>
| int
| main ()
| {
| gluBeginCurve(0)
|   ;
|   return 0;
| }
configure:22877: g++ -o conftest -g -O2 -pthread   conftest.cc -lGLU -lGL  -lm  >&5
configure:22883: $? = 0
configure:22887: test -z 
			 || test ! -s conftest.err
configure:22890: $? = 0
configure:22893: test -s conftest
configure:22896: $? = 0
configure:22924: result: -lGLU
configure:22940: checking for sdl-config
configure:22958: found /usr/bin/sdl-config
configure:22970: result: /usr/bin/sdl-config
configure:22994: checking for JNI library
configure:23027: gcc -o conftest -g -O2   conftest.c -ljvm  >&5
conftest.c:26:17: error: jni.h: No such file or directory
configure:23033: $? = 1
configure: failed program was:
| /* confdefs.h.  */
| 
| #define PACKAGE_NAME "OpenVRML"
| #define PACKAGE_TARNAME "openvrml"
| #define PACKAGE_VERSION "0.16.2"
| #define PACKAGE_STRING "OpenVRML 0.16.2"
| #define PACKAGE_BUGREPORT "openvrml-develop@lists.sourceforge.net"
| #define PACKAGE "openvrml"
| #define VERSION "0.16.2"
| #define STDC_HEADERS 1
| #define HAVE_SYS_TYPES_H 1
| #define HAVE_SYS_STAT_H 1
| #define HAVE_STDLIB_H 1
| #define HAVE_STRING_H 1
| #define HAVE_MEMORY_H 1
| #define HAVE_STRINGS_H 1
| #define HAVE_INTTYPES_H 1
| #define HAVE_STDINT_H 1
| #define HAVE_UNISTD_H 1
| #define HAVE_DLFCN_H 1
| #ifdef __cplusplus
| extern "C" void exit (int) throw ();
| #endif
| #define HAVE_PTHREAD 1
| /* end confdefs.h.  */
| #include <jni.h>
| int
| main ()
| {
| JNI_CreateJavaVM(0, 0, 0)
|   ;
|   return 0;
| }
configure:23027: gcc -o conftest -g -O2   conftest.c -lgcj  >&5
conftest.c:26:17: error: jni.h: No such file or directory
configure:23033: $? = 1
configure: failed program was:
| /* confdefs.h.  */
| 
| #define PACKAGE_NAME "OpenVRML"
| #define PACKAGE_TARNAME "openvrml"
| #define PACKAGE_VERSION "0.16.2"
| #define PACKAGE_STRING "OpenVRML 0.16.2"
| #define PACKAGE_BUGREPORT "openvrml-develop@lists.sourceforge.net"
| #define PACKAGE "openvrml"
| #define VERSION "0.16.2"
| #define STDC_HEADERS 1
| #define HAVE_SYS_TYPES_H 1
| #define HAVE_SYS_STAT_H 1
| #define HAVE_STDLIB_H 1
| #define HAVE_STRING_H 1
| #define HAVE_MEMORY_H 1
| #define HAVE_STRINGS_H 1
| #define HAVE_INTTYPES_H 1
| #define HAVE_STDINT_H 1
| #define HAVE_UNISTD_H 1
| #define HAVE_DLFCN_H 1
| #ifdef __cplusplus
| extern "C" void exit (int) throw ();
| #endif
| #define HAVE_PTHREAD 1
| /* end confdefs.h.  */
| #include <jni.h>
| int
| main ()
| {
| JNI_CreateJavaVM(0, 0, 0)
|   ;
|   return 0;
| }
configure:23066: result: no
configure:23608: creating ./config.status

## ---------------------- ##
## Running config.status. ##
## ---------------------- ##

This file was extended by OpenVRML config.status 0.16.2, which was
generated by GNU Autoconf 2.59.  Invocation command line was

  CONFIG_FILES    = 
  CONFIG_HEADERS  = 
  CONFIG_LINKS    = 
  CONFIG_COMMANDS = 
  $ ./config.status 

on debian

config.status:804: creating Makefile
config.status:804: creating doc/Makefile
config.status:804: creating m4/Makefile
config.status:804: creating ide-projects/Makefile
config.status:804: creating models/Makefile
config.status:804: creating models/audio/Makefile
config.status:804: creating models/textures/Makefile
config.status:804: creating lib/Makefile
config.status:804: creating lib/antlr/GNUmakefile
config.status:804: creating java/Makefile
config.status:804: creating java/vrml/Makefile
config.status:804: creating java/vrml/node/Makefile
config.status:804: creating java/vrml/field/Makefile
config.status:804: creating src/Makefile
config.status:804: creating src/libopenvrml/Makefile
config.status:804: creating src/libopenvrml/openvrml-config.h
config.status:804: creating src/libopenvrml-gl/Makefile
config.status:804: creating src/libopenvrml-gl/openvrml-gl-config.h
config.status:804: creating src/openvrml-gtkplug/Makefile
config.status:804: creating examples/Makefile
config.status:804: creating tests/Makefile
config.status:804: creating tests/atlocal
config.status:804: creating openvrml.pc
config.status:804: creating openvrml-gl.pc
config.status:908: creating config.h
config.status:1028: config.h is unchanged
config.status:1208: executing depfiles commands
config.status:1208: executing tests/atconfig commands
configure:25074: configuring in lib/gtkglext
configure:25191: running /bin/bash './configure' --prefix=/usr/local  '--disable-mozilla-plugin' --cache-file=/dev/null --srcdir=.
configure:25074: configuring in mozilla-plugin
configure:25191: running /bin/bash './configure' --prefix=/usr/local  '--disable-mozilla-plugin' --cache-file=/dev/null --srcdir=.

## ---------------- ##
## Cache variables. ##
## ---------------- ##

ac_cv_build=i686-pc-linux-gnu
ac_cv_build_alias=i686-pc-linux-gnu
ac_cv_c_compiler_gnu=yes
ac_cv_cxx_compiler_gnu=yes
ac_cv_env_ANTLR_set=
ac_cv_env_ANTLR_value=
ac_cv_env_BOOST_LIB_SUFFIX_set=
ac_cv_env_BOOST_LIB_SUFFIX_value=
ac_cv_env_CC_set=
ac_cv_env_CC_value=
ac_cv_env_CFLAGS_set=
ac_cv_env_CFLAGS_value=
ac_cv_env_CPPFLAGS_set=
ac_cv_env_CPPFLAGS_value=
ac_cv_env_CPP_set=
ac_cv_env_CPP_value=
ac_cv_env_CXXCPP_set=
ac_cv_env_CXXCPP_value=
ac_cv_env_CXXFLAGS_set=
ac_cv_env_CXXFLAGS_value=
ac_cv_env_CXX_set=
ac_cv_env_CXX_value=
ac_cv_env_DOXYGEN_set=
ac_cv_env_DOXYGEN_value=
ac_cv_env_F77_set=
ac_cv_env_F77_value=
ac_cv_env_FFLAGS_set=
ac_cv_env_FFLAGS_value=
ac_cv_env_FONTCONFIG_CFLAGS_set=
ac_cv_env_FONTCONFIG_CFLAGS_value=
ac_cv_env_FONTCONFIG_LIBS_set=
ac_cv_env_FONTCONFIG_LIBS_value=
ac_cv_env_GTK_CFLAGS_set=
ac_cv_env_GTK_CFLAGS_value=
ac_cv_env_GTK_LIBS_set=
ac_cv_env_GTK_LIBS_value=
ac_cv_env_JAR_set=
ac_cv_env_JAR_value=
ac_cv_env_JAVACFLAGS_set=
ac_cv_env_JAVACFLAGS_value=
ac_cv_env_JAVAC_set=
ac_cv_env_JAVAC_value=
ac_cv_env_JAVAFLAGS_set=
ac_cv_env_JAVAFLAGS_value=
ac_cv_env_JAVAH_set=
ac_cv_env_JAVAH_value=
ac_cv_env_JAVA_set=
ac_cv_env_JAVA_value=
ac_cv_env_JS_CFLAGS_set=
ac_cv_env_JS_CFLAGS_value=
ac_cv_env_JS_LIBS_set=
ac_cv_env_JS_LIBS_value=
ac_cv_env_LDFLAGS_set=
ac_cv_env_LDFLAGS_value=
ac_cv_env_PKG_CONFIG_set=
ac_cv_env_PKG_CONFIG_value=
ac_cv_env_REZ_set=
ac_cv_env_REZ_value=
ac_cv_env_build_alias_set=
ac_cv_env_build_alias_value=
ac_cv_env_host_alias_set=
ac_cv_env_host_alias_value=
ac_cv_env_target_alias_set=
ac_cv_env_target_alias_value=
ac_cv_exeext=
ac_cv_f77_compiler_gnu=no
ac_cv_func_connect=yes
ac_cv_func_gethostbyname=yes
ac_cv_func_remove=yes
ac_cv_func_shmat=yes
ac_cv_have_x='have_x=yes 		ac_x_includes= ac_x_libraries='
ac_cv_header_dlfcn_h=yes
ac_cv_header_inttypes_h=yes
ac_cv_header_memory_h=yes
ac_cv_header_stdc=yes
ac_cv_header_stdint_h=yes
ac_cv_header_stdlib_h=yes
ac_cv_header_string_h=yes
ac_cv_header_strings_h=yes
ac_cv_header_sys_stat_h=yes
ac_cv_header_sys_types_h=yes
ac_cv_header_unistd_h=yes
ac_cv_header_windows_h=no
ac_cv_host=i686-pc-linux-gnu
ac_cv_host_alias=i686-pc-linux-gnu
ac_cv_lib_ICE_IceConnectionNumber=yes
ac_cv_objext=o
ac_cv_path_DOXYGEN=/usr/bin/doxygen
ac_cv_path_FREETYPE_CONFIG=/usr/bin/freetype-config
ac_cv_path_SDL_CONFIG=/usr/bin/sdl-config
ac_cv_path_ac_pt_PKG_CONFIG=/usr/bin/pkg-config
ac_cv_path_install='/usr/bin/install -c'
ac_cv_prog_AWK=mawk
ac_cv_prog_CPP='gcc -E'
ac_cv_prog_CXXCPP='g++ -E'
ac_cv_prog_JAR=jar
ac_cv_prog_JAVA=java
ac_cv_prog_JAVAC=javac
ac_cv_prog_JAVAH=javah
ac_cv_prog_PTHREAD_CC=gcc
ac_cv_prog_ac_ct_AR=ar
ac_cv_prog_ac_ct_CC=gcc
ac_cv_prog_ac_ct_CXX=g++
ac_cv_prog_ac_ct_RANLIB=ranlib
ac_cv_prog_ac_ct_STRIP=strip
ac_cv_prog_cc_g=yes
ac_cv_prog_cc_stdc=
ac_cv_prog_cxx_g=yes
ac_cv_prog_egrep='grep -E'
ac_cv_prog_f77_g=no
ac_cv_prog_make_make_set=yes
ac_cv_target=i686-pc-linux-gnu
ac_cv_target_alias=i686-pc-linux-gnu
am_cv_CC_dependencies_compiler_type=gcc3
am_cv_CXX_dependencies_compiler_type=gcc3
am_cv_prog_tar_pax=gnutar
ax_cv_c_compiler_ms=no
ax_cv_check_gl_libgl=-lGL
ax_cv_check_glu_libglu=-lGLU
lt_cv_deplibs_check_method=pass_all
lt_cv_file_magic_cmd='$MAGIC_CMD'
lt_cv_file_magic_test_file=
lt_cv_ld_reload_flag=-r
lt_cv_objdir=.libs
lt_cv_path_LD=/usr/bin/ld
lt_cv_path_LDCXX=/usr/bin/ld
lt_cv_path_NM='/usr/bin/nm -B'
lt_cv_path_SED=/bin/sed
lt_cv_prog_compiler_c_o=yes
lt_cv_prog_compiler_c_o_CXX=yes
lt_cv_prog_compiler_rtti_exceptions=no
lt_cv_prog_gnu_ld=yes
lt_cv_prog_gnu_ldcxx=yes
lt_cv_sys_global_symbol_pipe='sed -n -e '\''s/^.*[ 	]\([ABCDGIRSTW][ABCDGIRSTW]*\)[ 	][ 	]*\([_A-Za-z][_A-Za-z0-9]*\)$/\1 \2 \2/p'\'''
lt_cv_sys_global_symbol_to_c_name_address='sed -n -e '\''s/^: \([^ ]*\) $/  {\"\1\", (lt_ptr) 0},/p'\'' -e '\''s/^[BCDEGRST] \([^ ]*\) \([^ ]*\)$/  {"\2", (lt_ptr) \&\2},/p'\'''
lt_cv_sys_global_symbol_to_cdecl='sed -n -e '\''s/^. .* \(.*\)$/extern int \1;/p'\'''
lt_cv_sys_max_cmd_len=32768
lt_lt_cv_prog_compiler_c_o='"yes"'
lt_lt_cv_prog_compiler_c_o_CXX='"yes"'
lt_lt_cv_sys_global_symbol_pipe='"sed -n -e '\''s/^.*[ 	]\\([ABCDGIRSTW][ABCDGIRSTW]*\\)[ 	][ 	]*\\([_A-Za-z][_A-Za-z0-9]*\\)\$/\\1 \\2 \\2/p'\''"'
lt_lt_cv_sys_global_symbol_to_c_name_address='"sed -n -e '\''s/^: \\([^ ]*\\) \$/  {\\\"\\1\\\", (lt_ptr) 0},/p'\'' -e '\''s/^[BCDEGRST] \\([^ ]*\\) \\([^ ]*\\)\$/  {\"\\2\", (lt_ptr) \\&\\2},/p'\''"'
lt_lt_cv_sys_global_symbol_to_cdecl='"sed -n -e '\''s/^. .* \\(.*\\)\$/extern int \\1;/p'\''"'
ov_cv_check_jni_libjvm=no
ov_cv_ft_const=const
ov_cv_visibility=yes
pkg_cv_FONTCONFIG_CFLAGS=' '
pkg_cv_FONTCONFIG_LIBS='-lfontconfig  '
pkg_cv_GTK_CFLAGS='-pthread -I/usr/include/gtk-2.0 -I/usr/lib/gtk-2.0/include -I/usr/include/atk-1.0 -I/usr/include/cairo -I/usr/include/pango-1.0 -I/usr/include/gio-unix-2.0/ -I/usr/include/glib-2.0 -I/usr/lib/glib-2.0/include -I/usr/include/pixman-1 -I/usr/include/freetype2 -I/usr/include/libpng12  '
pkg_cv_GTK_LIBS='-pthread -lgtk-x11-2.0 -lgdk-x11-2.0 -latk-1.0 -lpangoft2-1.0 -lgdk_pixbuf-2.0 -lm -lpangocairo-1.0 -lcairo -lgio-2.0 -lpango-1.0 -lfreetype -lfontconfig -lgobject-2.0 -lgmodule-2.0 -lgthread-2.0 -lrt -lglib-2.0  '
pkg_cv_JS_CFLAGS='-DXP_UNIX -DJS_THREADSAFE -I/usr/include/mozjs -I/usr/include/nspr  '
pkg_cv_JS_LIBS='-L/usr/lib/xulrunner-devel-1.9.1/lib -lmozjs -lplds4 -lplc4 -lnspr4 -lpthread -ldl  '

## ----------------- ##
## Output variables. ##
## ----------------- ##

ACLOCAL='${SHELL} /home/caiosba/UFBA/Mestrado/Dissertação/openvrml-0.16.2/missing --run aclocal-1.9'
AMDEPBACKSLASH='\'
AMDEP_FALSE='#'
AMDEP_TRUE=''
AMTAR='${SHELL} /home/caiosba/UFBA/Mestrado/Dissertação/openvrml-0.16.2/missing --run tar'
ANTLR=''
AR='ar'
AUTOCONF='${SHELL} /home/caiosba/UFBA/Mestrado/Dissertação/openvrml-0.16.2/missing --run autoconf'
AUTOHEADER='${SHELL} /home/caiosba/UFBA/Mestrado/Dissertação/openvrml-0.16.2/missing --run autoheader'
AUTOMAKE='${SHELL} /home/caiosba/UFBA/Mestrado/Dissertação/openvrml-0.16.2/missing --run automake-1.9'
AWK='mawk'
BOOST_LIB_SUFFIX=''
CC='gcc'
CCDEPMODE='depmode=gcc3'
CFLAGS='-g -O2'
CPP='gcc -E'
CPPFLAGS=''
CXX='g++'
CXXCPP='g++ -E'
CXXDEPMODE='depmode=gcc3'
CXXFLAGS='-g -O2'
CYGPATH_W='echo'
DEFS='-DHAVE_CONFIG_H'
DEPDIR='.deps'
DOXYGEN='/usr/bin/doxygen'
ECHO='echo'
ECHO_C=''
ECHO_N='-n'
ECHO_T=''
EGREP='grep -E'
ENABLE_EXAMPLES_FALSE='#'
ENABLE_EXAMPLES_TRUE=''
ENABLE_GL_RENDERER_FALSE='#'
ENABLE_GL_RENDERER_TRUE=''
ENABLE_GTKPLUG_FALSE='#'
ENABLE_GTKPLUG_TRUE=''
ENABLE_SCRIPT_NODE_JAVA_FALSE=''
ENABLE_SCRIPT_NODE_JAVA_TRUE='#'
ENABLE_SHARED_FALSE='#'
ENABLE_SHARED_TRUE=''
EXEEXT=''
F77=''
FFLAGS=''
FONTCONFIG_CFLAGS=' '
FONTCONFIG_LIBS='-lfontconfig  '
FREETYPE_CFLAGS='-I/usr/include/freetype2'
FREETYPE_CONFIG='/usr/bin/freetype-config'
FREETYPE_LIBS='-lfreetype -lz'
GLU_CFLAGS='-pthread'
GLU_LIBS='-lGLU -lGL  -lm'
GL_CFLAGS='-pthread'
GL_LIBS='-lGL  -lm'
GRE_PATH='/usr/lib/xulrunner-devel-1.9.1/lib'
GTK_CFLAGS='-pthread -I/usr/include/gtk-2.0 -I/usr/lib/gtk-2.0/include -I/usr/include/atk-1.0 -I/usr/include/cairo -I/usr/include/pango-1.0 -I/usr/include/gio-unix-2.0/ -I/usr/include/glib-2.0 -I/usr/lib/glib-2.0/include -I/usr/include/pixman-1 -I/usr/include/freetype2 -I/usr/include/libpng12  '
GTK_LIBS='-pthread -lgtk-x11-2.0 -lgdk-x11-2.0 -latk-1.0 -lpangoft2-1.0 -lgdk_pixbuf-2.0 -lm -lpangocairo-1.0 -lcairo -lgio-2.0 -lpango-1.0 -lfreetype -lfontconfig -lgobject-2.0 -lgmodule-2.0 -lgthread-2.0 -lrt -lglib-2.0  '
INSTALL_DATA='${INSTALL} -m 644'
INSTALL_PROGRAM='${INSTALL}'
INSTALL_SCRIPT='${INSTALL}'
INSTALL_STRIP_PROGRAM='${SHELL} $(install_sh) -c -s'
JAR='jar'
JAVA='java'
JAVAC='javac'
JAVACFLAGS=''
JAVAFLAGS=''
JAVAH='javah'
JNI_LIBS=''
JPEG_LIBS='-ljpeg'
JS_CFLAGS='-DXP_UNIX -DJS_THREADSAFE -I/usr/include/mozjs -I/usr/include/nspr  '
JS_LIBS='-L/usr/lib/xulrunner-devel-1.9.1/lib -lmozjs -lplds4 -lplc4 -lnspr4 -lpthread -ldl  '
LDFLAGS=''
LIBOBJS=''
LIBS=''
LIBTOOL='$(SHELL) $(top_builddir)/libtool'
LN_S='ln -s'
LTLIBOBJS=''
MAKEINFO='${SHELL} /home/caiosba/UFBA/Mestrado/Dissertação/openvrml-0.16.2/missing --run makeinfo'
OBJEXT='o'
OPENVRML_API='__attribute__((visibility("default")))'
OPENVRML_ENABLE_EXCEPTION_SPECS='1'
OPENVRML_GL_API='__attribute__((visibility("default")))'
OPENVRML_GL_LOCAL='__attribute__((visibility("hidden")))'
OPENVRML_LOCAL='__attribute__((visibility("hidden")))'
OPENVRML_PKG_REQUIRES=' fontconfig, mozilla-js >= 1.2.1'
OPENVRML_RPATH='-rpath /usr/lib/xulrunner-devel-1.9.1/lib'
PACKAGE='openvrml'
PACKAGE_BUGREPORT='openvrml-develop@lists.sourceforge.net'
PACKAGE_NAME='OpenVRML'
PACKAGE_STRING='OpenVRML 0.16.2'
PACKAGE_TARNAME='openvrml'
PACKAGE_VERSION='0.16.2'
PATH_SEPARATOR=':'
PKG_CONFIG='/usr/bin/pkg-config'
PNG_LIBS='-lpng -lz'
PTHREAD_CC='gcc'
PTHREAD_CFLAGS='-pthread'
PTHREAD_LIBS=''
RANLIB='ranlib'
REZ=''
SDL_CFLAGS='-I/usr/include/SDL -D_GNU_SOURCE=1 -D_REENTRANT'
SDL_CONFIG='/usr/bin/sdl-config'
SDL_LIBS='-L/usr/lib -lSDL'
SED='/bin/sed'
SET_MAKE=''
SHELL='/bin/bash'
STRIP='strip'
VERSION='0.16.2'
WITH_REZ_FALSE=''
WITH_REZ_TRUE='#'
X_CFLAGS=''
X_EXTRA_LIBS=''
X_LIBS=''
X_PRE_LIBS=' -lSM -lICE'
ac_ct_AR='ar'
ac_ct_CC='gcc'
ac_ct_CXX='g++'
ac_ct_F77=''
ac_ct_RANLIB='ranlib'
ac_ct_STRIP='strip'
ac_pt_PKG_CONFIG='/usr/bin/pkg-config'
acx_pthread_config=''
am__fastdepCC_FALSE='#'
am__fastdepCC_TRUE=''
am__fastdepCXX_FALSE='#'
am__fastdepCXX_TRUE=''
am__include='include'
am__leading_dot='.'
am__quote=''
am__tar='tar --format=posix -chf - "$$tardir"'
am__untar='tar -xf -'
bindir='${exec_prefix}/bin'
build='i686-pc-linux-gnu'
build_alias=''
build_cpu='i686'
build_os='linux-gnu'
build_vendor='pc'
datadir='${prefix}/share'
exec_prefix='${prefix}'
gtkglext_subdir='gtkglext'
host='i686-pc-linux-gnu'
host_alias=''
host_cpu='i686'
host_os='linux-gnu'
host_vendor='pc'
includedir='${prefix}/include'
infodir='${prefix}/info'
install_sh='/home/caiosba/UFBA/Mestrado/Dissertação/openvrml-0.16.2/install-sh'
libdir='${exec_prefix}/lib'
libexecdir='${exec_prefix}/libexec'
localstatedir='${prefix}/var'
mandir='${prefix}/man'
mkdir_p='mkdir -p --'
oldincludedir='/usr/include'
prefix='/usr/local'
program_transform_name='s,x,x,'
sbindir='${exec_prefix}/sbin'
sharedstatedir='${prefix}/com'
subdirs=' lib/gtkglext mozilla-plugin'
sysconfdir='${prefix}/etc'
target='i686-pc-linux-gnu'
target_alias=''
target_cpu='i686'
target_os='linux-gnu'
target_vendor='pc'

## ----------- ##
## confdefs.h. ##
## ----------- ##

#define HAVE_DLFCN_H 1
#define HAVE_INTTYPES_H 1
#define HAVE_MEMORY_H 1
#define HAVE_PTHREAD 1
#define HAVE_STDINT_H 1
#define HAVE_STDLIB_H 1
#define HAVE_STRINGS_H 1
#define HAVE_STRING_H 1
#define HAVE_SYS_STAT_H 1
#define HAVE_SYS_TYPES_H 1
#define HAVE_UNISTD_H 1
#define OPENVRML_ENABLE_JPEG_TEXTURES 1
#define OPENVRML_ENABLE_PNG_TEXTURES 1
#define OPENVRML_ENABLE_RENDER_TEXT_NODE 1
#define OPENVRML_ENABLE_SCRIPT_NODE_JAVASCRIPT 1
#define OPENVRML_FT_CONST const
#define PACKAGE "openvrml"
#define PACKAGE_BUGREPORT "openvrml-develop@lists.sourceforge.net"
#define PACKAGE_NAME "OpenVRML"
#define PACKAGE_STRING "OpenVRML 0.16.2"
#define PACKAGE_TARNAME "openvrml"
#define PACKAGE_VERSION "0.16.2"
#define STDC_HEADERS 1
#define VERSION "0.16.2"
#endif
#ifdef __cplusplus
extern "C" void exit (int) throw ();

configure: exit 0

## ---------------------- ##
## Running config.status. ##
## ---------------------- ##

This file was extended by OpenVRML config.status 0.16.2, which was
generated by GNU Autoconf 2.59.  Invocation command line was

  CONFIG_FILES    = 
  CONFIG_HEADERS  = 
  CONFIG_LINKS    = 
  CONFIG_COMMANDS = 
  $ ./config.status config.h

on debian

config.status:908: creating config.h
